#
# There is insufficient memory for the Java Runtime Environment to continue.
# Native memory allocation (malloc) failed to allocate 1156976 bytes for Chunk::new
# Possible reasons:
#   The system is out of physical RAM or swap space
#   The process is running with CompressedOops enabled, and the Java Heap may be blocking the growth of the native heap
# Possible solutions:
#   Reduce memory load on the system
#   Increase physical memory or swap space
#   Check if swap backing store is full
#   Decrease Java heap size (-Xmx/-Xms)
#   Decrease number of Java threads
#   Decrease Java thread stack sizes (-Xss)
#   Set larger code cache with -XX:ReservedCodeCacheSize=
#   JVM is running with Unscaled Compressed Oops mode in which the Java heap is
#     placed in the first 4GB address space. The Java Heap base address is the
#     maximum limit for the native heap growth. Please use -XX:HeapBaseMinAddress
#     to set the Java Heap base and to place the Java Heap above 4GB virtual address.
# This output file may be truncated or incomplete.
#
#  Out of Memory Error (./open/src/hotspot/share/memory/arena.cpp:197), pid=21288, tid=24236
#
# JRE version: Java(TM) SE Runtime Environment 18.9 (11.0.15+8) (build 11.0.15+8-LTS-149)
# Java VM: Java HotSpot(TM) 64-Bit Server VM 18.9 (11.0.15+8-LTS-149, mixed mode, tiered, compressed oops, g1 gc, windows-amd64)
# No core dump will be written. Minidumps are not enabled by default on client versions of Windows
#

---------------  S U M M A R Y ------------

Command Line: -Xmx1g org.apache.spark.deploy.SparkSubmit --conf spark.master=local[*] --conf spark.app.name=test pyspark-shell

Host: Intel(R) Core(TM) i7-8650U CPU @ 1.90GHz, 8 cores, 15G,  Windows 11 , 64 bit Build 22621 (10.0.22621.3672)
Time: Wed Jul 31 06:42:55 2024 India Standard Time elapsed time: 12.372476 seconds (0d 0h 0m 12s)

---------------  T H R E A D  ---------------

Current thread (0x000002597f7a0800):  JavaThread "C2 CompilerThread0" daemon [_thread_in_native, id=24236, stack(0x000000fcef500000,0x000000fcef600000)]


Current CompileTask:
C2:  12372 2366   !   4       jdk.internal.loader.BuiltinClassLoader::loadClassOrNull (143 bytes)

Stack: [0x000000fcef500000,0x000000fcef600000]
Native frames: (J=compiled Java code, j=interpreted, Vv=VM code, C=native code)
V  [jvm.dll+0x629d8a]
V  [jvm.dll+0x7638ff]
V  [jvm.dll+0x764fa9]
V  [jvm.dll+0x765633]
V  [jvm.dll+0x23d9c8]
V  [jvm.dll+0xb2a1c]
V  [jvm.dll+0xb2fdc]
V  [jvm.dll+0x2ae744]
V  [jvm.dll+0x53d4c6]
V  [jvm.dll+0x20089d]
V  [jvm.dll+0x1fa64a]
V  [jvm.dll+0x1f762d]
V  [jvm.dll+0x177c51]
V  [jvm.dll+0x207026]
V  [jvm.dll+0x2051bb]
V  [jvm.dll+0x729820]
V  [jvm.dll+0x7223f4]
V  [jvm.dll+0x628c26]
C  [ucrtbase.dll+0x29333]
C  [KERNEL32.DLL+0x1257d]
C  [ntdll.dll+0x5af28]


---------------  P R O C E S S  ---------------

Threads class SMR info:
_java_thread_list=0x0000025911096c00, length=42, elements={
0x0000025972550000, 0x000002597f736000, 0x000002597f741000, 0x000002597f756800,
0x000002597f79c000, 0x000002597f79d000, 0x000002597f7a0800, 0x000002597f7a3800,
0x000002597f7a8000, 0x000002597fa66800, 0x0000025912edf000, 0x0000025911f1b800,
0x000002597f989000, 0x0000025911dba800, 0x0000025912d8a800, 0x0000025913639000,
0x0000025913633000, 0x0000025912776000, 0x0000025912774800, 0x0000025912777800,
0x0000025912777000, 0x0000025912778800, 0x0000025912779000, 0x000002591277a000,
0x000002591277b000, 0x0000025912775000, 0x0000025914a1d000, 0x0000025914a1b800,
0x0000025914a1e000, 0x0000025914a18800, 0x0000025914a1f000, 0x0000025914a19000,
0x0000025914a1f800, 0x0000025914a1a000, 0x0000025914a1c800, 0x0000025914a20800,
0x0000025914a1a800, 0x0000025914a22000, 0x0000025914a25800, 0x0000025914a23000,
0x0000025914a21800, 0x0000025914a26000
}

Java Threads: ( => current thread )
  0x0000025972550000 JavaThread "main" [_thread_in_native, id=19936, stack(0x000000fcee900000,0x000000fceea00000)]
  0x000002597f736000 JavaThread "Reference Handler" daemon [_thread_blocked, id=23160, stack(0x000000fcef000000,0x000000fcef100000)]
  0x000002597f741000 JavaThread "Finalizer" daemon [_thread_blocked, id=23800, stack(0x000000fcef100000,0x000000fcef200000)]
  0x000002597f756800 JavaThread "Signal Dispatcher" daemon [_thread_blocked, id=25504, stack(0x000000fcef200000,0x000000fcef300000)]
  0x000002597f79c000 JavaThread "Attach Listener" daemon [_thread_blocked, id=15264, stack(0x000000fcef300000,0x000000fcef400000)]
  0x000002597f79d000 JavaThread "Service Thread" daemon [_thread_blocked, id=25580, stack(0x000000fcef400000,0x000000fcef500000)]
=>0x000002597f7a0800 JavaThread "C2 CompilerThread0" daemon [_thread_in_native, id=24236, stack(0x000000fcef500000,0x000000fcef600000)]
  0x000002597f7a3800 JavaThread "C1 CompilerThread0" daemon [_thread_blocked, id=15624, stack(0x000000fcef600000,0x000000fcef700000)]
  0x000002597f7a8000 JavaThread "Sweeper thread" daemon [_thread_blocked, id=1996, stack(0x000000fcef700000,0x000000fcef800000)]
  0x000002597fa66800 JavaThread "Common-Cleaner" daemon [_thread_blocked, id=18032, stack(0x000000fcef900000,0x000000fcefa00000)]
  0x0000025912edf000 JavaThread "pool-2-thread-1" [_thread_blocked, id=20844, stack(0x000000fcf0200000,0x000000fcf0300000)]
  0x0000025911f1b800 JavaThread "Thread-1" [_thread_in_native, id=21944, stack(0x000000fcf0300000,0x000000fcf0400000)]
  0x000002597f989000 JavaThread "Thread-2" [_thread_in_vm, id=19096, stack(0x000000fcefb00000,0x000000fcefc00000)]
  0x0000025911dba800 JavaThread "rpc-boss-3-1" daemon [_thread_in_native, id=3860, stack(0x000000fcf0500000,0x000000fcf0600000)]
  0x0000025912d8a800 JavaThread "dispatcher-event-loop-0" daemon [_thread_blocked, id=18708, stack(0x000000fcf0600000,0x000000fcf0700000)]
  0x0000025913639000 JavaThread "dispatcher-event-loop-1" daemon [_thread_blocked, id=24684, stack(0x000000fcf0700000,0x000000fcf0800000)]
  0x0000025913633000 JavaThread "dispatcher-event-loop-2" daemon [_thread_blocked, id=23276, stack(0x000000fcf0800000,0x000000fcf0900000)]
  0x0000025912776000 JavaThread "dispatcher-event-loop-3" daemon [_thread_blocked, id=388, stack(0x000000fcf0900000,0x000000fcf0a00000)]
  0x0000025912774800 JavaThread "dispatcher-event-loop-4" daemon [_thread_blocked, id=6508, stack(0x000000fcf0a00000,0x000000fcf0b00000)]
  0x0000025912777800 JavaThread "dispatcher-event-loop-5" daemon [_thread_blocked, id=11812, stack(0x000000fcf0b00000,0x000000fcf0c00000)]
  0x0000025912777000 JavaThread "dispatcher-event-loop-6" daemon [_thread_blocked, id=22648, stack(0x000000fcf0c00000,0x000000fcf0d00000)]
  0x0000025912778800 JavaThread "dispatcher-event-loop-7" daemon [_thread_blocked, id=20668, stack(0x000000fcf0d00000,0x000000fcf0e00000)]
  0x0000025912779000 JavaThread "map-output-dispatcher-0" daemon [_thread_blocked, id=15008, stack(0x000000fcf0e00000,0x000000fcf0f00000)]
  0x000002591277a000 JavaThread "map-output-dispatcher-1" daemon [_thread_blocked, id=25340, stack(0x000000fcf0f00000,0x000000fcf1000000)]
  0x000002591277b000 JavaThread "map-output-dispatcher-2" daemon [_thread_blocked, id=20532, stack(0x000000fcf1000000,0x000000fcf1100000)]
  0x0000025912775000 JavaThread "map-output-dispatcher-3" daemon [_thread_blocked, id=24836, stack(0x000000fcf1100000,0x000000fcf1200000)]
  0x0000025914a1d000 JavaThread "map-output-dispatcher-4" daemon [_thread_blocked, id=15820, stack(0x000000fcf1200000,0x000000fcf1300000)]
  0x0000025914a1b800 JavaThread "map-output-dispatcher-5" daemon [_thread_blocked, id=6464, stack(0x000000fcf1300000,0x000000fcf1400000)]
  0x0000025914a1e000 JavaThread "map-output-dispatcher-6" daemon [_thread_blocked, id=24200, stack(0x000000fcf1400000,0x000000fcf1500000)]
  0x0000025914a18800 JavaThread "map-output-dispatcher-7" daemon [_thread_blocked, id=21560, stack(0x000000fcf1500000,0x000000fcf1600000)]
  0x0000025914a1f000 JavaThread "dispatcher-BlockManagerMaster" daemon [_thread_blocked, id=8432, stack(0x000000fcf1600000,0x000000fcf1700000)]
  0x0000025914a19000 JavaThread "dispatcher-BlockManagerEndpoint1" daemon [_thread_blocked, id=25152, stack(0x000000fcf1700000,0x000000fcf1800000)]
  0x0000025914a1f800 JavaThread "RemoteBlock-temp-file-clean-thread" daemon [_thread_blocked, id=12396, stack(0x000000fcf1800000,0x000000fcf1900000)]
  0x0000025914a1a000 JavaThread "refresh progress" daemon [_thread_blocked, id=15652, stack(0x000000fcf1900000,0x000000fcf1a00000)]
  0x0000025914a1c800 JavaThread "SparkUI-40" daemon [_thread_in_native, id=24396, stack(0x000000fcf1a00000,0x000000fcf1b00000)]
  0x0000025914a20800 JavaThread "SparkUI-41" daemon [_thread_in_native, id=18052, stack(0x000000fcf1b00000,0x000000fcf1c00000)]
  0x0000025914a1a800 JavaThread "SparkUI-42-acceptor-0@1498d333-ServerConnector@1a5f2fd0{HTTP/1.1, (http/1.1)}{0.0.0.0:4040}" daemon [_thread_in_native, id=3080, stack(0x000000fcf1c00000,0x000000fcf1d00000)]
  0x0000025914a22000 JavaThread "SparkUI-43" daemon [_thread_blocked, id=25404, stack(0x000000fcf1d00000,0x000000fcf1e00000)]
  0x0000025914a25800 JavaThread "SparkUI-44" daemon [_thread_in_native, id=14632, stack(0x000000fcf1e00000,0x000000fcf1f00000)]
  0x0000025914a23000 JavaThread "SparkUI-45" daemon [_thread_in_native, id=1376, stack(0x000000fcf1f00000,0x000000fcf2000000)]
  0x0000025914a21800 JavaThread "SparkUI-46" daemon [_thread_blocked, id=9220, stack(0x000000fcf2000000,0x000000fcf2100000)]
  0x0000025914a26000 JavaThread "SparkUI-47" daemon [_thread_blocked, id=22568, stack(0x000000fcf2100000,0x000000fcf2200000)]

Other Threads:
  0x000002597f734800 VMThread "VM Thread" [stack: 0x000000fceef00000,0x000000fcef000000] [id=23992]
  0x000002597fa66000 WatcherThread [stack: 0x000000fcef800000,0x000000fcef900000] [id=19268]
  0x000002597255d800 GCTaskThread "GC Thread#0" [stack: 0x000000fceea00000,0x000000fceeb00000] [id=20328]
  0x0000025912117800 GCTaskThread "GC Thread#1" [stack: 0x000000fcefc00000,0x000000fcefd00000] [id=20992]
  0x0000025912045000 GCTaskThread "GC Thread#2" [stack: 0x000000fcefd00000,0x000000fcefe00000] [id=16344]
  0x0000025911f51000 GCTaskThread "GC Thread#3" [stack: 0x000000fcefe00000,0x000000fceff00000] [id=9604]
  0x00000259124b4000 GCTaskThread "GC Thread#4" [stack: 0x000000fceff00000,0x000000fcf0000000] [id=20200]
  0x000002591194f800 GCTaskThread "GC Thread#5" [stack: 0x000000fcf0000000,0x000000fcf0100000] [id=14764]
  0x000002591235b800 GCTaskThread "GC Thread#6" [stack: 0x000000fcf0100000,0x000000fcf0200000] [id=25140]
  0x0000025911c40800 GCTaskThread "GC Thread#7" [stack: 0x000000fcf0400000,0x000000fcf0500000] [id=24924]
  0x0000025972579000 ConcurrentGCThread "G1 Main Marker" [stack: 0x000000fceeb00000,0x000000fceec00000] [id=15748]
  0x000002597257b800 ConcurrentGCThread "G1 Conc#0" [stack: 0x000000fceec00000,0x000000fceed00000] [id=21176]
  0x0000025913615800 ConcurrentGCThread "G1 Conc#1" [stack: 0x000000fcefa00000,0x000000fcefb00000] [id=9672]
  0x00000259725fd800 ConcurrentGCThread "G1 Refine#0" [stack: 0x000000fceed00000,0x000000fceee00000] [id=19196]
  0x000002597ed84800 ConcurrentGCThread "G1 Young RemSet Sampling" [stack: 0x000000fceee00000,0x000000fceef00000] [id=24508]

Threads with active compile tasks:
C2 CompilerThread0  12505 2366   !   4       jdk.internal.loader.BuiltinClassLoader::loadClassOrNull (143 bytes)

VM state:not at safepoint (normal execution)

VM Mutex/Monitor currently owned by a thread: None

Heap address: 0x00000000c0000000, size: 1024 MB, Compressed Oops mode: 32-bit
Narrow klass base: 0x0000000000000000, Narrow klass shift: 3
Compressed class space size: 1073741824 Address: 0x0000000100000000

Heap:
 garbage-first heap   total 262144K, used 71960K [0x00000000c0000000, 0x0000000100000000)
  region size 1024K, 24 young (24576K), 7 survivors (7168K)
 Metaspace       used 36767K, capacity 37793K, committed 38064K, reserved 1081344K
  class space    used 4949K, capacity 5505K, committed 5632K, reserved 1048576K
Heap Regions: E=young(eden), S=young(survivor), O=old, HS=humongous(starts), HC=humongous(continues), CS=collection set, F=free, A=archive, TAMS=top-at-mark-start (previous, next)
|   0|0x00000000c0000000, 0x00000000c0100000, 0x00000000c0100000|100%|HS|  |TAMS 0x00000000c0100000, 0x00000000c0000000| Complete 
|   1|0x00000000c0100000, 0x00000000c0200000, 0x00000000c0200000|100%|HS|  |TAMS 0x00000000c0200000, 0x00000000c0100000| Complete 
|   2|0x00000000c0200000, 0x00000000c0300000, 0x00000000c0300000|100%|HS|  |TAMS 0x00000000c0300000, 0x00000000c0200000| Complete 
|   3|0x00000000c0300000, 0x00000000c0400000, 0x00000000c0400000|100%|HS|  |TAMS 0x00000000c0400000, 0x00000000c0300000| Complete 
|   4|0x00000000c0400000, 0x00000000c0500000, 0x00000000c0500000|100%|HC|  |TAMS 0x00000000c0500000, 0x00000000c0400000| Complete 
|   5|0x00000000c0500000, 0x00000000c0600000, 0x00000000c0600000|100%|HC|  |TAMS 0x00000000c0600000, 0x00000000c0500000| Complete 
|   6|0x00000000c0600000, 0x00000000c0700000, 0x00000000c0700000|100%|HC|  |TAMS 0x00000000c0700000, 0x00000000c0600000| Complete 
|   7|0x00000000c0700000, 0x00000000c0800000, 0x00000000c0800000|100%|HC|  |TAMS 0x00000000c0800000, 0x00000000c0700000| Complete 
|   8|0x00000000c0800000, 0x00000000c0900000, 0x00000000c0900000|100%|HC|  |TAMS 0x00000000c0900000, 0x00000000c0800000| Complete 
|   9|0x00000000c0900000, 0x00000000c0a00000, 0x00000000c0a00000|100%|HC|  |TAMS 0x00000000c0a00000, 0x00000000c0900000| Complete 
|  10|0x00000000c0a00000, 0x00000000c0b00000, 0x00000000c0b00000|100%|HS|  |TAMS 0x00000000c0b00000, 0x00000000c0a00000| Complete 
|  11|0x00000000c0b00000, 0x00000000c0c00000, 0x00000000c0c00000|100%|HS|  |TAMS 0x00000000c0c00000, 0x00000000c0b00000| Complete 
|  12|0x00000000c0c00000, 0x00000000c0d00000, 0x00000000c0d00000|100%|HC|  |TAMS 0x00000000c0d00000, 0x00000000c0c00000| Complete 
|  13|0x00000000c0d00000, 0x00000000c0e00000, 0x00000000c0e00000|100%|HC|  |TAMS 0x00000000c0e00000, 0x00000000c0d00000| Complete 
|  14|0x00000000c0e00000, 0x00000000c0f00000, 0x00000000c0f00000|100%|HC|  |TAMS 0x00000000c0f00000, 0x00000000c0e00000| Complete 
|  15|0x00000000c0f00000, 0x00000000c1000000, 0x00000000c1000000|100%|HS|  |TAMS 0x00000000c1000000, 0x00000000c0f00000| Complete 
|  16|0x00000000c1000000, 0x00000000c1100000, 0x00000000c1100000|100%|HC|  |TAMS 0x00000000c1100000, 0x00000000c1000000| Complete 
|  17|0x00000000c1100000, 0x00000000c1200000, 0x00000000c1200000|100%|HC|  |TAMS 0x00000000c1200000, 0x00000000c1100000| Complete 
|  18|0x00000000c1200000, 0x00000000c1300000, 0x00000000c1300000|100%|HS|  |TAMS 0x00000000c1300000, 0x00000000c1200000| Complete 
|  19|0x00000000c1300000, 0x00000000c1400000, 0x00000000c1400000|100%|HC|  |TAMS 0x00000000c1400000, 0x00000000c1300000| Complete 
|  20|0x00000000c1400000, 0x00000000c1500000, 0x00000000c1500000|100%|HC|  |TAMS 0x00000000c1500000, 0x00000000c1400000| Complete 
|  21|0x00000000c1500000, 0x00000000c1600000, 0x00000000c1600000|100%|HS|  |TAMS 0x00000000c1600000, 0x00000000c1500000| Complete 
|  22|0x00000000c1600000, 0x00000000c1700000, 0x00000000c1700000|100%|HC|  |TAMS 0x00000000c1700000, 0x00000000c1600000| Complete 
|  23|0x00000000c1700000, 0x00000000c1800000, 0x00000000c1800000|100%|HC|  |TAMS 0x00000000c1800000, 0x00000000c1700000| Complete 
|  24|0x00000000c1800000, 0x00000000c1900000, 0x00000000c1900000|100%|HS|  |TAMS 0x00000000c1900000, 0x00000000c1800000| Complete 
|  25|0x00000000c1900000, 0x00000000c1a00000, 0x00000000c1a00000|100%|HC|  |TAMS 0x00000000c1a00000, 0x00000000c1900000| Complete 
|  26|0x00000000c1a00000, 0x00000000c1b00000, 0x00000000c1b00000|100%|HC|  |TAMS 0x00000000c1b00000, 0x00000000c1a00000| Complete 
|  27|0x00000000c1b00000, 0x00000000c1c00000, 0x00000000c1c00000|100%|HC|  |TAMS 0x00000000c1c00000, 0x00000000c1b00000| Complete 
|  28|0x00000000c1c00000, 0x00000000c1d00000, 0x00000000c1d00000|100%|HC|  |TAMS 0x00000000c1d00000, 0x00000000c1c00000| Complete 
|  29|0x00000000c1d00000, 0x00000000c1e00000, 0x00000000c1e00000|100%|HS|  |TAMS 0x00000000c1e00000, 0x00000000c1d00000| Complete 
|  30|0x00000000c1e00000, 0x00000000c1f00000, 0x00000000c1f00000|100%|HC|  |TAMS 0x00000000c1f00000, 0x00000000c1e00000| Complete 
|  31|0x00000000c1f00000, 0x00000000c2000000, 0x00000000c2000000|100%| O|  |TAMS 0x00000000c2000000, 0x00000000c1f00000| Untracked 
|  32|0x00000000c2000000, 0x00000000c2100000, 0x00000000c2100000|100%| O|  |TAMS 0x00000000c2100000, 0x00000000c2000000| Untracked 
|  33|0x00000000c2100000, 0x00000000c2200000, 0x00000000c2200000|100%| O|  |TAMS 0x00000000c2200000, 0x00000000c2100000| Untracked 
|  34|0x00000000c2200000, 0x00000000c2300000, 0x00000000c2300000|100%| O|  |TAMS 0x00000000c2300000, 0x00000000c2200000| Untracked 
|  35|0x00000000c2300000, 0x00000000c2400000, 0x00000000c2400000|100%| O|  |TAMS 0x00000000c2400000, 0x00000000c2300000| Untracked 
|  36|0x00000000c2400000, 0x00000000c2500000, 0x00000000c2500000|100%| O|  |TAMS 0x00000000c2500000, 0x00000000c2400000| Untracked 
|  37|0x00000000c2500000, 0x00000000c2600000, 0x00000000c2600000|100%| O|  |TAMS 0x00000000c2600000, 0x00000000c2500000| Untracked 
|  38|0x00000000c2600000, 0x00000000c2700000, 0x00000000c2700000|100%| O|  |TAMS 0x00000000c2700000, 0x00000000c2600000| Untracked 
|  39|0x00000000c2700000, 0x00000000c2800000, 0x00000000c2800000|100%| O|  |TAMS 0x00000000c2800000, 0x00000000c2700000| Untracked 
|  40|0x00000000c2800000, 0x00000000c2900000, 0x00000000c2900000|100%| O|  |TAMS 0x00000000c2900000, 0x00000000c2800000| Untracked 
|  41|0x00000000c2900000, 0x00000000c2a00000, 0x00000000c2a00000|100%| O|  |TAMS 0x00000000c2a00000, 0x00000000c2900000| Untracked 
|  42|0x00000000c2a00000, 0x00000000c2b00000, 0x00000000c2b00000|100%| O|  |TAMS 0x00000000c2b00000, 0x00000000c2a00000| Untracked 
|  43|0x00000000c2b00000, 0x00000000c2c00000, 0x00000000c2c00000|100%| O|  |TAMS 0x00000000c2c00000, 0x00000000c2b00000| Untracked 
|  44|0x00000000c2c00000, 0x00000000c2d00000, 0x00000000c2d00000|100%| O|  |TAMS 0x00000000c2d00000, 0x00000000c2c00000| Untracked 
|  45|0x00000000c2d00000, 0x00000000c2e00000, 0x00000000c2e00000|100%| O|  |TAMS 0x00000000c2e00000, 0x00000000c2d00000| Untracked 
|  46|0x00000000c2e00000, 0x00000000c2f00000, 0x00000000c2f00000|100%| O|  |TAMS 0x00000000c2f00000, 0x00000000c2e00000| Untracked 
|  47|0x00000000c2f00000, 0x00000000c2fc1000, 0x00000000c3000000| 75%| O|  |TAMS 0x00000000c2fc1000, 0x00000000c2f00000| Untracked 
|  48|0x00000000c3000000, 0x00000000c3000000, 0x00000000c3100000|  0%| F|  |TAMS 0x00000000c3000000, 0x00000000c3000000| Untracked 
|  49|0x00000000c3100000, 0x00000000c3100000, 0x00000000c3200000|  0%| F|  |TAMS 0x00000000c3100000, 0x00000000c3100000| Untracked 
|  50|0x00000000c3200000, 0x00000000c3200000, 0x00000000c3300000|  0%| F|  |TAMS 0x00000000c3200000, 0x00000000c3200000| Untracked 
|  51|0x00000000c3300000, 0x00000000c3300000, 0x00000000c3400000|  0%| F|  |TAMS 0x00000000c3300000, 0x00000000c3300000| Untracked 
|  52|0x00000000c3400000, 0x00000000c3400000, 0x00000000c3500000|  0%| F|  |TAMS 0x00000000c3400000, 0x00000000c3400000| Untracked 
|  53|0x00000000c3500000, 0x00000000c3500000, 0x00000000c3600000|  0%| F|  |TAMS 0x00000000c3500000, 0x00000000c3500000| Untracked 
|  54|0x00000000c3600000, 0x00000000c3600000, 0x00000000c3700000|  0%| F|  |TAMS 0x00000000c3600000, 0x00000000c3600000| Untracked 
|  55|0x00000000c3700000, 0x00000000c3700000, 0x00000000c3800000|  0%| F|  |TAMS 0x00000000c3700000, 0x00000000c3700000| Untracked 
|  56|0x00000000c3800000, 0x00000000c3800000, 0x00000000c3900000|  0%| F|  |TAMS 0x00000000c3800000, 0x00000000c3800000| Untracked 
|  57|0x00000000c3900000, 0x00000000c3900000, 0x00000000c3a00000|  0%| F|  |TAMS 0x00000000c3900000, 0x00000000c3900000| Untracked 
|  58|0x00000000c3a00000, 0x00000000c3a00000, 0x00000000c3b00000|  0%| F|  |TAMS 0x00000000c3a00000, 0x00000000c3a00000| Untracked 
|  59|0x00000000c3b00000, 0x00000000c3b00000, 0x00000000c3c00000|  0%| F|  |TAMS 0x00000000c3b00000, 0x00000000c3b00000| Untracked 
|  60|0x00000000c3c00000, 0x00000000c3c00000, 0x00000000c3d00000|  0%| F|  |TAMS 0x00000000c3c00000, 0x00000000c3c00000| Untracked 
|  61|0x00000000c3d00000, 0x00000000c3d00000, 0x00000000c3e00000|  0%| F|  |TAMS 0x00000000c3d00000, 0x00000000c3d00000| Untracked 
|  62|0x00000000c3e00000, 0x00000000c3e00000, 0x00000000c3f00000|  0%| F|  |TAMS 0x00000000c3e00000, 0x00000000c3e00000| Untracked 
|  63|0x00000000c3f00000, 0x00000000c3f00000, 0x00000000c4000000|  0%| F|  |TAMS 0x00000000c3f00000, 0x00000000c3f00000| Untracked 
|  64|0x00000000c4000000, 0x00000000c4000000, 0x00000000c4100000|  0%| F|  |TAMS 0x00000000c4000000, 0x00000000c4000000| Untracked 
|  65|0x00000000c4100000, 0x00000000c4100000, 0x00000000c4200000|  0%| F|  |TAMS 0x00000000c4100000, 0x00000000c4100000| Untracked 
|  66|0x00000000c4200000, 0x00000000c4200000, 0x00000000c4300000|  0%| F|  |TAMS 0x00000000c4200000, 0x00000000c4200000| Untracked 
|  67|0x00000000c4300000, 0x00000000c4300000, 0x00000000c4400000|  0%| F|  |TAMS 0x00000000c4300000, 0x00000000c4300000| Untracked 
|  68|0x00000000c4400000, 0x00000000c4400000, 0x00000000c4500000|  0%| F|  |TAMS 0x00000000c4400000, 0x00000000c4400000| Untracked 
|  69|0x00000000c4500000, 0x00000000c4500000, 0x00000000c4600000|  0%| F|  |TAMS 0x00000000c4500000, 0x00000000c4500000| Untracked 
|  70|0x00000000c4600000, 0x00000000c4600000, 0x00000000c4700000|  0%| F|  |TAMS 0x00000000c4600000, 0x00000000c4600000| Untracked 
|  71|0x00000000c4700000, 0x00000000c4700000, 0x00000000c4800000|  0%| F|  |TAMS 0x00000000c4700000, 0x00000000c4700000| Untracked 
|  72|0x00000000c4800000, 0x00000000c4800000, 0x00000000c4900000|  0%| F|  |TAMS 0x00000000c4800000, 0x00000000c4800000| Untracked 
|  73|0x00000000c4900000, 0x00000000c4900000, 0x00000000c4a00000|  0%| F|  |TAMS 0x00000000c4900000, 0x00000000c4900000| Untracked 
|  74|0x00000000c4a00000, 0x00000000c4a00000, 0x00000000c4b00000|  0%| F|  |TAMS 0x00000000c4a00000, 0x00000000c4a00000| Untracked 
|  75|0x00000000c4b00000, 0x00000000c4b00000, 0x00000000c4c00000|  0%| F|  |TAMS 0x00000000c4b00000, 0x00000000c4b00000| Untracked 
|  76|0x00000000c4c00000, 0x00000000c4c00000, 0x00000000c4d00000|  0%| F|  |TAMS 0x00000000c4c00000, 0x00000000c4c00000| Untracked 
|  77|0x00000000c4d00000, 0x00000000c4d00000, 0x00000000c4e00000|  0%| F|  |TAMS 0x00000000c4d00000, 0x00000000c4d00000| Untracked 
|  78|0x00000000c4e00000, 0x00000000c4e00000, 0x00000000c4f00000|  0%| F|  |TAMS 0x00000000c4e00000, 0x00000000c4e00000| Untracked 
|  79|0x00000000c4f00000, 0x00000000c4f00000, 0x00000000c5000000|  0%| F|  |TAMS 0x00000000c4f00000, 0x00000000c4f00000| Untracked 
|  80|0x00000000c5000000, 0x00000000c5000000, 0x00000000c5100000|  0%| F|  |TAMS 0x00000000c5000000, 0x00000000c5000000| Untracked 
|  81|0x00000000c5100000, 0x00000000c5100000, 0x00000000c5200000|  0%| F|  |TAMS 0x00000000c5100000, 0x00000000c5100000| Untracked 
|  82|0x00000000c5200000, 0x00000000c5200000, 0x00000000c5300000|  0%| F|  |TAMS 0x00000000c5200000, 0x00000000c5200000| Untracked 
|  83|0x00000000c5300000, 0x00000000c5300000, 0x00000000c5400000|  0%| F|  |TAMS 0x00000000c5300000, 0x00000000c5300000| Untracked 
|  84|0x00000000c5400000, 0x00000000c5400000, 0x00000000c5500000|  0%| F|  |TAMS 0x00000000c5400000, 0x00000000c5400000| Untracked 
|  85|0x00000000c5500000, 0x00000000c5500000, 0x00000000c5600000|  0%| F|  |TAMS 0x00000000c5500000, 0x00000000c5500000| Untracked 
|  86|0x00000000c5600000, 0x00000000c5600000, 0x00000000c5700000|  0%| F|  |TAMS 0x00000000c5600000, 0x00000000c5600000| Untracked 
|  87|0x00000000c5700000, 0x00000000c5700000, 0x00000000c5800000|  0%| F|  |TAMS 0x00000000c5700000, 0x00000000c5700000| Untracked 
|  88|0x00000000c5800000, 0x00000000c5800000, 0x00000000c5900000|  0%| F|  |TAMS 0x00000000c5800000, 0x00000000c5800000| Untracked 
|  89|0x00000000c5900000, 0x00000000c5900000, 0x00000000c5a00000|  0%| F|  |TAMS 0x00000000c5900000, 0x00000000c5900000| Untracked 
|  90|0x00000000c5a00000, 0x00000000c5a00000, 0x00000000c5b00000|  0%| F|  |TAMS 0x00000000c5a00000, 0x00000000c5a00000| Untracked 
|  91|0x00000000c5b00000, 0x00000000c5b00000, 0x00000000c5c00000|  0%| F|  |TAMS 0x00000000c5b00000, 0x00000000c5b00000| Untracked 
|  92|0x00000000c5c00000, 0x00000000c5c00000, 0x00000000c5d00000|  0%| F|  |TAMS 0x00000000c5c00000, 0x00000000c5c00000| Untracked 
|  93|0x00000000c5d00000, 0x00000000c5d00000, 0x00000000c5e00000|  0%| F|  |TAMS 0x00000000c5d00000, 0x00000000c5d00000| Untracked 
|  94|0x00000000c5e00000, 0x00000000c5e00000, 0x00000000c5f00000|  0%| F|  |TAMS 0x00000000c5e00000, 0x00000000c5e00000| Untracked 
|  95|0x00000000c5f00000, 0x00000000c5f00000, 0x00000000c6000000|  0%| F|  |TAMS 0x00000000c5f00000, 0x00000000c5f00000| Untracked 
|  96|0x00000000c6000000, 0x00000000c6000000, 0x00000000c6100000|  0%| F|  |TAMS 0x00000000c6000000, 0x00000000c6000000| Untracked 
|  97|0x00000000c6100000, 0x00000000c6100000, 0x00000000c6200000|  0%| F|  |TAMS 0x00000000c6100000, 0x00000000c6100000| Untracked 
|  98|0x00000000c6200000, 0x00000000c6200000, 0x00000000c6300000|  0%| F|  |TAMS 0x00000000c6200000, 0x00000000c6200000| Untracked 
|  99|0x00000000c6300000, 0x00000000c6300000, 0x00000000c6400000|  0%| F|  |TAMS 0x00000000c6300000, 0x00000000c6300000| Untracked 
| 100|0x00000000c6400000, 0x00000000c6400000, 0x00000000c6500000|  0%| F|  |TAMS 0x00000000c6400000, 0x00000000c6400000| Untracked 
| 101|0x00000000c6500000, 0x00000000c6500000, 0x00000000c6600000|  0%| F|  |TAMS 0x00000000c6500000, 0x00000000c6500000| Untracked 
| 102|0x00000000c6600000, 0x00000000c6600000, 0x00000000c6700000|  0%| F|  |TAMS 0x00000000c6600000, 0x00000000c6600000| Untracked 
| 103|0x00000000c6700000, 0x00000000c6700000, 0x00000000c6800000|  0%| F|  |TAMS 0x00000000c6700000, 0x00000000c6700000| Untracked 
| 104|0x00000000c6800000, 0x00000000c6800000, 0x00000000c6900000|  0%| F|  |TAMS 0x00000000c6800000, 0x00000000c6800000| Untracked 
| 105|0x00000000c6900000, 0x00000000c6900000, 0x00000000c6a00000|  0%| F|  |TAMS 0x00000000c6900000, 0x00000000c6900000| Untracked 
| 106|0x00000000c6a00000, 0x00000000c6a00000, 0x00000000c6b00000|  0%| F|  |TAMS 0x00000000c6a00000, 0x00000000c6a00000| Untracked 
| 107|0x00000000c6b00000, 0x00000000c6b00000, 0x00000000c6c00000|  0%| F|  |TAMS 0x00000000c6b00000, 0x00000000c6b00000| Untracked 
| 108|0x00000000c6c00000, 0x00000000c6c00000, 0x00000000c6d00000|  0%| F|  |TAMS 0x00000000c6c00000, 0x00000000c6c00000| Untracked 
| 109|0x00000000c6d00000, 0x00000000c6d00000, 0x00000000c6e00000|  0%| F|  |TAMS 0x00000000c6d00000, 0x00000000c6d00000| Untracked 
| 110|0x00000000c6e00000, 0x00000000c6e00000, 0x00000000c6f00000|  0%| F|  |TAMS 0x00000000c6e00000, 0x00000000c6e00000| Untracked 
| 111|0x00000000c6f00000, 0x00000000c6f00000, 0x00000000c7000000|  0%| F|  |TAMS 0x00000000c6f00000, 0x00000000c6f00000| Untracked 
| 112|0x00000000c7000000, 0x00000000c7000000, 0x00000000c7100000|  0%| F|  |TAMS 0x00000000c7000000, 0x00000000c7000000| Untracked 
| 113|0x00000000c7100000, 0x00000000c7100000, 0x00000000c7200000|  0%| F|  |TAMS 0x00000000c7100000, 0x00000000c7100000| Untracked 
| 114|0x00000000c7200000, 0x00000000c7200000, 0x00000000c7300000|  0%| F|  |TAMS 0x00000000c7200000, 0x00000000c7200000| Untracked 
| 115|0x00000000c7300000, 0x00000000c7300000, 0x00000000c7400000|  0%| F|  |TAMS 0x00000000c7300000, 0x00000000c7300000| Untracked 
| 116|0x00000000c7400000, 0x00000000c7400000, 0x00000000c7500000|  0%| F|  |TAMS 0x00000000c7400000, 0x00000000c7400000| Untracked 
| 117|0x00000000c7500000, 0x00000000c7500000, 0x00000000c7600000|  0%| F|  |TAMS 0x00000000c7500000, 0x00000000c7500000| Untracked 
| 118|0x00000000c7600000, 0x00000000c7600000, 0x00000000c7700000|  0%| F|  |TAMS 0x00000000c7600000, 0x00000000c7600000| Untracked 
| 119|0x00000000c7700000, 0x00000000c7700000, 0x00000000c7800000|  0%| F|  |TAMS 0x00000000c7700000, 0x00000000c7700000| Untracked 
| 120|0x00000000c7800000, 0x00000000c7800000, 0x00000000c7900000|  0%| F|  |TAMS 0x00000000c7800000, 0x00000000c7800000| Untracked 
| 121|0x00000000c7900000, 0x00000000c7900000, 0x00000000c7a00000|  0%| F|  |TAMS 0x00000000c7900000, 0x00000000c7900000| Untracked 
| 122|0x00000000c7a00000, 0x00000000c7a00000, 0x00000000c7b00000|  0%| F|  |TAMS 0x00000000c7a00000, 0x00000000c7a00000| Untracked 
| 123|0x00000000c7b00000, 0x00000000c7b00000, 0x00000000c7c00000|  0%| F|  |TAMS 0x00000000c7b00000, 0x00000000c7b00000| Untracked 
| 124|0x00000000c7c00000, 0x00000000c7c00000, 0x00000000c7d00000|  0%| F|  |TAMS 0x00000000c7c00000, 0x00000000c7c00000| Untracked 
| 125|0x00000000c7d00000, 0x00000000c7d00000, 0x00000000c7e00000|  0%| F|  |TAMS 0x00000000c7d00000, 0x00000000c7d00000| Untracked 
| 126|0x00000000c7e00000, 0x00000000c7e00000, 0x00000000c7f00000|  0%| F|  |TAMS 0x00000000c7e00000, 0x00000000c7e00000| Untracked 
| 127|0x00000000c7f00000, 0x00000000c7f00000, 0x00000000c8000000|  0%| F|  |TAMS 0x00000000c7f00000, 0x00000000c7f00000| Untracked 
| 128|0x00000000c8000000, 0x00000000c8000000, 0x00000000c8100000|  0%| F|  |TAMS 0x00000000c8000000, 0x00000000c8000000| Untracked 
| 129|0x00000000c8100000, 0x00000000c8100000, 0x00000000c8200000|  0%| F|  |TAMS 0x00000000c8100000, 0x00000000c8100000| Untracked 
| 130|0x00000000c8200000, 0x00000000c8200000, 0x00000000c8300000|  0%| F|  |TAMS 0x00000000c8200000, 0x00000000c8200000| Untracked 
| 131|0x00000000c8300000, 0x00000000c8300000, 0x00000000c8400000|  0%| F|  |TAMS 0x00000000c8300000, 0x00000000c8300000| Untracked 
| 132|0x00000000c8400000, 0x00000000c8400000, 0x00000000c8500000|  0%| F|  |TAMS 0x00000000c8400000, 0x00000000c8400000| Untracked 
| 133|0x00000000c8500000, 0x00000000c8500000, 0x00000000c8600000|  0%| F|  |TAMS 0x00000000c8500000, 0x00000000c8500000| Untracked 
| 134|0x00000000c8600000, 0x00000000c8600000, 0x00000000c8700000|  0%| F|  |TAMS 0x00000000c8600000, 0x00000000c8600000| Untracked 
| 135|0x00000000c8700000, 0x00000000c8700000, 0x00000000c8800000|  0%| F|  |TAMS 0x00000000c8700000, 0x00000000c8700000| Untracked 
| 136|0x00000000c8800000, 0x00000000c8800000, 0x00000000c8900000|  0%| F|  |TAMS 0x00000000c8800000, 0x00000000c8800000| Untracked 
| 137|0x00000000c8900000, 0x00000000c8900000, 0x00000000c8a00000|  0%| F|  |TAMS 0x00000000c8900000, 0x00000000c8900000| Untracked 
| 138|0x00000000c8a00000, 0x00000000c8a00000, 0x00000000c8b00000|  0%| F|  |TAMS 0x00000000c8a00000, 0x00000000c8a00000| Untracked 
| 139|0x00000000c8b00000, 0x00000000c8b00000, 0x00000000c8c00000|  0%| F|  |TAMS 0x00000000c8b00000, 0x00000000c8b00000| Untracked 
| 140|0x00000000c8c00000, 0x00000000c8c00000, 0x00000000c8d00000|  0%| F|  |TAMS 0x00000000c8c00000, 0x00000000c8c00000| Untracked 
| 141|0x00000000c8d00000, 0x00000000c8d00000, 0x00000000c8e00000|  0%| F|  |TAMS 0x00000000c8d00000, 0x00000000c8d00000| Untracked 
| 142|0x00000000c8e00000, 0x00000000c8e00000, 0x00000000c8f00000|  0%| F|  |TAMS 0x00000000c8e00000, 0x00000000c8e00000| Untracked 
| 143|0x00000000c8f00000, 0x00000000c8f00000, 0x00000000c9000000|  0%| F|  |TAMS 0x00000000c8f00000, 0x00000000c8f00000| Untracked 
| 144|0x00000000c9000000, 0x00000000c9000000, 0x00000000c9100000|  0%| F|  |TAMS 0x00000000c9000000, 0x00000000c9000000| Untracked 
| 145|0x00000000c9100000, 0x00000000c9100000, 0x00000000c9200000|  0%| F|  |TAMS 0x00000000c9100000, 0x00000000c9100000| Untracked 
| 146|0x00000000c9200000, 0x00000000c9200000, 0x00000000c9300000|  0%| F|  |TAMS 0x00000000c9200000, 0x00000000c9200000| Untracked 
| 147|0x00000000c9300000, 0x00000000c9300000, 0x00000000c9400000|  0%| F|  |TAMS 0x00000000c9300000, 0x00000000c9300000| Untracked 
| 148|0x00000000c9400000, 0x00000000c9400000, 0x00000000c9500000|  0%| F|  |TAMS 0x00000000c9400000, 0x00000000c9400000| Untracked 
| 149|0x00000000c9500000, 0x00000000c9500000, 0x00000000c9600000|  0%| F|  |TAMS 0x00000000c9500000, 0x00000000c9500000| Untracked 
| 150|0x00000000c9600000, 0x00000000c9600000, 0x00000000c9700000|  0%| F|  |TAMS 0x00000000c9600000, 0x00000000c9600000| Untracked 
| 151|0x00000000c9700000, 0x00000000c9700000, 0x00000000c9800000|  0%| F|  |TAMS 0x00000000c9700000, 0x00000000c9700000| Untracked 
| 152|0x00000000c9800000, 0x00000000c9800000, 0x00000000c9900000|  0%| F|  |TAMS 0x00000000c9800000, 0x00000000c9800000| Untracked 
| 153|0x00000000c9900000, 0x00000000c9900000, 0x00000000c9a00000|  0%| F|  |TAMS 0x00000000c9900000, 0x00000000c9900000| Untracked 
| 154|0x00000000c9a00000, 0x00000000c9a00000, 0x00000000c9b00000|  0%| F|  |TAMS 0x00000000c9a00000, 0x00000000c9a00000| Untracked 
| 155|0x00000000c9b00000, 0x00000000c9b00000, 0x00000000c9c00000|  0%| F|  |TAMS 0x00000000c9b00000, 0x00000000c9b00000| Untracked 
| 156|0x00000000c9c00000, 0x00000000c9c00000, 0x00000000c9d00000|  0%| F|  |TAMS 0x00000000c9c00000, 0x00000000c9c00000| Untracked 
| 157|0x00000000c9d00000, 0x00000000c9d00000, 0x00000000c9e00000|  0%| F|  |TAMS 0x00000000c9d00000, 0x00000000c9d00000| Untracked 
| 158|0x00000000c9e00000, 0x00000000c9e00000, 0x00000000c9f00000|  0%| F|  |TAMS 0x00000000c9e00000, 0x00000000c9e00000| Untracked 
| 159|0x00000000c9f00000, 0x00000000c9f00000, 0x00000000ca000000|  0%| F|  |TAMS 0x00000000c9f00000, 0x00000000c9f00000| Untracked 
| 160|0x00000000ca000000, 0x00000000ca000000, 0x00000000ca100000|  0%| F|  |TAMS 0x00000000ca000000, 0x00000000ca000000| Untracked 
| 161|0x00000000ca100000, 0x00000000ca100000, 0x00000000ca200000|  0%| F|  |TAMS 0x00000000ca100000, 0x00000000ca100000| Untracked 
| 162|0x00000000ca200000, 0x00000000ca200000, 0x00000000ca300000|  0%| F|  |TAMS 0x00000000ca200000, 0x00000000ca200000| Untracked 
| 163|0x00000000ca300000, 0x00000000ca300000, 0x00000000ca400000|  0%| F|  |TAMS 0x00000000ca300000, 0x00000000ca300000| Untracked 
| 164|0x00000000ca400000, 0x00000000ca400000, 0x00000000ca500000|  0%| F|  |TAMS 0x00000000ca400000, 0x00000000ca400000| Untracked 
| 165|0x00000000ca500000, 0x00000000ca500000, 0x00000000ca600000|  0%| F|  |TAMS 0x00000000ca500000, 0x00000000ca500000| Untracked 
| 166|0x00000000ca600000, 0x00000000ca600000, 0x00000000ca700000|  0%| F|  |TAMS 0x00000000ca600000, 0x00000000ca600000| Untracked 
| 167|0x00000000ca700000, 0x00000000ca700000, 0x00000000ca800000|  0%| F|  |TAMS 0x00000000ca700000, 0x00000000ca700000| Untracked 
| 168|0x00000000ca800000, 0x00000000ca800000, 0x00000000ca900000|  0%| F|  |TAMS 0x00000000ca800000, 0x00000000ca800000| Untracked 
| 169|0x00000000ca900000, 0x00000000ca900000, 0x00000000caa00000|  0%| F|  |TAMS 0x00000000ca900000, 0x00000000ca900000| Untracked 
| 170|0x00000000caa00000, 0x00000000caa00000, 0x00000000cab00000|  0%| F|  |TAMS 0x00000000caa00000, 0x00000000caa00000| Untracked 
| 171|0x00000000cab00000, 0x00000000cab00000, 0x00000000cac00000|  0%| F|  |TAMS 0x00000000cab00000, 0x00000000cab00000| Untracked 
| 172|0x00000000cac00000, 0x00000000cac00000, 0x00000000cad00000|  0%| F|  |TAMS 0x00000000cac00000, 0x00000000cac00000| Untracked 
| 173|0x00000000cad00000, 0x00000000cad00000, 0x00000000cae00000|  0%| F|  |TAMS 0x00000000cad00000, 0x00000000cad00000| Untracked 
| 174|0x00000000cae00000, 0x00000000cae00000, 0x00000000caf00000|  0%| F|  |TAMS 0x00000000cae00000, 0x00000000cae00000| Untracked 
| 175|0x00000000caf00000, 0x00000000caf00000, 0x00000000cb000000|  0%| F|  |TAMS 0x00000000caf00000, 0x00000000caf00000| Untracked 
| 176|0x00000000cb000000, 0x00000000cb000000, 0x00000000cb100000|  0%| F|  |TAMS 0x00000000cb000000, 0x00000000cb000000| Untracked 
| 177|0x00000000cb100000, 0x00000000cb100000, 0x00000000cb200000|  0%| F|  |TAMS 0x00000000cb100000, 0x00000000cb100000| Untracked 
| 178|0x00000000cb200000, 0x00000000cb200000, 0x00000000cb300000|  0%| F|  |TAMS 0x00000000cb200000, 0x00000000cb200000| Untracked 
| 179|0x00000000cb300000, 0x00000000cb300000, 0x00000000cb400000|  0%| F|  |TAMS 0x00000000cb300000, 0x00000000cb300000| Untracked 
| 180|0x00000000cb400000, 0x00000000cb400000, 0x00000000cb500000|  0%| F|  |TAMS 0x00000000cb400000, 0x00000000cb400000| Untracked 
| 181|0x00000000cb500000, 0x00000000cb500000, 0x00000000cb600000|  0%| F|  |TAMS 0x00000000cb500000, 0x00000000cb500000| Untracked 
| 182|0x00000000cb600000, 0x00000000cb600000, 0x00000000cb700000|  0%| F|  |TAMS 0x00000000cb600000, 0x00000000cb600000| Untracked 
| 183|0x00000000cb700000, 0x00000000cb700000, 0x00000000cb800000|  0%| F|  |TAMS 0x00000000cb700000, 0x00000000cb700000| Untracked 
| 184|0x00000000cb800000, 0x00000000cb800000, 0x00000000cb900000|  0%| F|  |TAMS 0x00000000cb800000, 0x00000000cb800000| Untracked 
| 185|0x00000000cb900000, 0x00000000cb900000, 0x00000000cba00000|  0%| F|  |TAMS 0x00000000cb900000, 0x00000000cb900000| Untracked 
| 186|0x00000000cba00000, 0x00000000cba00000, 0x00000000cbb00000|  0%| F|  |TAMS 0x00000000cba00000, 0x00000000cba00000| Untracked 
| 187|0x00000000cbb00000, 0x00000000cbb00000, 0x00000000cbc00000|  0%| F|  |TAMS 0x00000000cbb00000, 0x00000000cbb00000| Untracked 
| 188|0x00000000cbc00000, 0x00000000cbc00000, 0x00000000cbd00000|  0%| F|  |TAMS 0x00000000cbc00000, 0x00000000cbc00000| Untracked 
| 189|0x00000000cbd00000, 0x00000000cbd00000, 0x00000000cbe00000|  0%| F|  |TAMS 0x00000000cbd00000, 0x00000000cbd00000| Untracked 
| 190|0x00000000cbe00000, 0x00000000cbe00000, 0x00000000cbf00000|  0%| F|  |TAMS 0x00000000cbe00000, 0x00000000cbe00000| Untracked 
| 191|0x00000000cbf00000, 0x00000000cbf00000, 0x00000000cc000000|  0%| F|  |TAMS 0x00000000cbf00000, 0x00000000cbf00000| Untracked 
| 192|0x00000000cc000000, 0x00000000cc000000, 0x00000000cc100000|  0%| F|  |TAMS 0x00000000cc000000, 0x00000000cc000000| Untracked 
| 193|0x00000000cc100000, 0x00000000cc100000, 0x00000000cc200000|  0%| F|  |TAMS 0x00000000cc100000, 0x00000000cc100000| Untracked 
| 194|0x00000000cc200000, 0x00000000cc200000, 0x00000000cc300000|  0%| F|  |TAMS 0x00000000cc200000, 0x00000000cc200000| Untracked 
| 195|0x00000000cc300000, 0x00000000cc300000, 0x00000000cc400000|  0%| F|  |TAMS 0x00000000cc300000, 0x00000000cc300000| Untracked 
| 196|0x00000000cc400000, 0x00000000cc400000, 0x00000000cc500000|  0%| F|  |TAMS 0x00000000cc400000, 0x00000000cc400000| Untracked 
| 197|0x00000000cc500000, 0x00000000cc500000, 0x00000000cc600000|  0%| F|  |TAMS 0x00000000cc500000, 0x00000000cc500000| Untracked 
| 198|0x00000000cc600000, 0x00000000cc600000, 0x00000000cc700000|  0%| F|  |TAMS 0x00000000cc600000, 0x00000000cc600000| Untracked 
| 199|0x00000000cc700000, 0x00000000cc700000, 0x00000000cc800000|  0%| F|  |TAMS 0x00000000cc700000, 0x00000000cc700000| Untracked 
| 200|0x00000000cc800000, 0x00000000cc800000, 0x00000000cc900000|  0%| F|  |TAMS 0x00000000cc800000, 0x00000000cc800000| Untracked 
| 201|0x00000000cc900000, 0x00000000cc900000, 0x00000000cca00000|  0%| F|  |TAMS 0x00000000cc900000, 0x00000000cc900000| Untracked 
| 202|0x00000000cca00000, 0x00000000cca00000, 0x00000000ccb00000|  0%| F|  |TAMS 0x00000000cca00000, 0x00000000cca00000| Untracked 
| 203|0x00000000ccb00000, 0x00000000ccb00000, 0x00000000ccc00000|  0%| F|  |TAMS 0x00000000ccb00000, 0x00000000ccb00000| Untracked 
| 204|0x00000000ccc00000, 0x00000000ccc00000, 0x00000000ccd00000|  0%| F|  |TAMS 0x00000000ccc00000, 0x00000000ccc00000| Untracked 
| 205|0x00000000ccd00000, 0x00000000ccd00000, 0x00000000cce00000|  0%| F|  |TAMS 0x00000000ccd00000, 0x00000000ccd00000| Untracked 
| 206|0x00000000cce00000, 0x00000000cce00000, 0x00000000ccf00000|  0%| F|  |TAMS 0x00000000cce00000, 0x00000000cce00000| Untracked 
| 207|0x00000000ccf00000, 0x00000000ccf00000, 0x00000000cd000000|  0%| F|  |TAMS 0x00000000ccf00000, 0x00000000ccf00000| Untracked 
| 208|0x00000000cd000000, 0x00000000cd000000, 0x00000000cd100000|  0%| F|  |TAMS 0x00000000cd000000, 0x00000000cd000000| Untracked 
| 209|0x00000000cd100000, 0x00000000cd100000, 0x00000000cd200000|  0%| F|  |TAMS 0x00000000cd100000, 0x00000000cd100000| Untracked 
| 210|0x00000000cd200000, 0x00000000cd200000, 0x00000000cd300000|  0%| F|  |TAMS 0x00000000cd200000, 0x00000000cd200000| Untracked 
| 211|0x00000000cd300000, 0x00000000cd385298, 0x00000000cd400000| 52%| S|CS|TAMS 0x00000000cd300000, 0x00000000cd300000| Complete 
| 212|0x00000000cd400000, 0x00000000cd500000, 0x00000000cd500000|100%| S|CS|TAMS 0x00000000cd400000, 0x00000000cd400000| Complete 
| 213|0x00000000cd500000, 0x00000000cd600000, 0x00000000cd600000|100%| S|CS|TAMS 0x00000000cd500000, 0x00000000cd500000| Complete 
| 214|0x00000000cd600000, 0x00000000cd700000, 0x00000000cd700000|100%| S|CS|TAMS 0x00000000cd600000, 0x00000000cd600000| Complete 
| 215|0x00000000cd700000, 0x00000000cd800000, 0x00000000cd800000|100%| S|CS|TAMS 0x00000000cd700000, 0x00000000cd700000| Complete 
| 216|0x00000000cd800000, 0x00000000cd900000, 0x00000000cd900000|100%| S|CS|TAMS 0x00000000cd800000, 0x00000000cd800000| Complete 
| 217|0x00000000cd900000, 0x00000000cda00000, 0x00000000cda00000|100%| S|CS|TAMS 0x00000000cd900000, 0x00000000cd900000| Complete 
| 218|0x00000000cda00000, 0x00000000cda00000, 0x00000000cdb00000|  0%| F|  |TAMS 0x00000000cda00000, 0x00000000cda00000| Untracked 
| 219|0x00000000cdb00000, 0x00000000cdb00000, 0x00000000cdc00000|  0%| F|  |TAMS 0x00000000cdb00000, 0x00000000cdb00000| Untracked 
| 220|0x00000000cdc00000, 0x00000000cdc00000, 0x00000000cdd00000|  0%| F|  |TAMS 0x00000000cdc00000, 0x00000000cdc00000| Untracked 
| 221|0x00000000cdd00000, 0x00000000cdd00000, 0x00000000cde00000|  0%| F|  |TAMS 0x00000000cdd00000, 0x00000000cdd00000| Untracked 
| 222|0x00000000cde00000, 0x00000000cde00000, 0x00000000cdf00000|  0%| F|  |TAMS 0x00000000cde00000, 0x00000000cde00000| Untracked 
| 223|0x00000000cdf00000, 0x00000000cdf00000, 0x00000000ce000000|  0%| F|  |TAMS 0x00000000cdf00000, 0x00000000cdf00000| Untracked 
| 224|0x00000000ce000000, 0x00000000ce000000, 0x00000000ce100000|  0%| F|  |TAMS 0x00000000ce000000, 0x00000000ce000000| Untracked 
| 225|0x00000000ce100000, 0x00000000ce100000, 0x00000000ce200000|  0%| F|  |TAMS 0x00000000ce100000, 0x00000000ce100000| Untracked 
| 226|0x00000000ce200000, 0x00000000ce200000, 0x00000000ce300000|  0%| F|  |TAMS 0x00000000ce200000, 0x00000000ce200000| Untracked 
| 227|0x00000000ce300000, 0x00000000ce300000, 0x00000000ce400000|  0%| F|  |TAMS 0x00000000ce300000, 0x00000000ce300000| Untracked 
| 228|0x00000000ce400000, 0x00000000ce400000, 0x00000000ce500000|  0%| F|  |TAMS 0x00000000ce400000, 0x00000000ce400000| Untracked 
| 229|0x00000000ce500000, 0x00000000ce500000, 0x00000000ce600000|  0%| F|  |TAMS 0x00000000ce500000, 0x00000000ce500000| Untracked 
| 230|0x00000000ce600000, 0x00000000ce600000, 0x00000000ce700000|  0%| F|  |TAMS 0x00000000ce600000, 0x00000000ce600000| Untracked 
| 231|0x00000000ce700000, 0x00000000ce700000, 0x00000000ce800000|  0%| F|  |TAMS 0x00000000ce700000, 0x00000000ce700000| Untracked 
| 232|0x00000000ce800000, 0x00000000ce800000, 0x00000000ce900000|  0%| F|  |TAMS 0x00000000ce800000, 0x00000000ce800000| Untracked 
| 233|0x00000000ce900000, 0x00000000ce900000, 0x00000000cea00000|  0%| F|  |TAMS 0x00000000ce900000, 0x00000000ce900000| Untracked 
| 234|0x00000000cea00000, 0x00000000cea00000, 0x00000000ceb00000|  0%| F|  |TAMS 0x00000000cea00000, 0x00000000cea00000| Untracked 
| 235|0x00000000ceb00000, 0x00000000ceb00000, 0x00000000cec00000|  0%| F|  |TAMS 0x00000000ceb00000, 0x00000000ceb00000| Untracked 
| 236|0x00000000cec00000, 0x00000000cec00000, 0x00000000ced00000|  0%| F|  |TAMS 0x00000000cec00000, 0x00000000cec00000| Untracked 
| 237|0x00000000ced00000, 0x00000000ced00000, 0x00000000cee00000|  0%| F|  |TAMS 0x00000000ced00000, 0x00000000ced00000| Untracked 
| 238|0x00000000cee00000, 0x00000000cee00000, 0x00000000cef00000|  0%| F|  |TAMS 0x00000000cee00000, 0x00000000cee00000| Untracked 
| 239|0x00000000cef00000, 0x00000000cf000000, 0x00000000cf000000|100%| E|  |TAMS 0x00000000cef00000, 0x00000000cef00000| Complete 
| 240|0x00000000cf000000, 0x00000000cf100000, 0x00000000cf100000|100%| E|CS|TAMS 0x00000000cf000000, 0x00000000cf000000| Complete 
| 241|0x00000000cf100000, 0x00000000cf200000, 0x00000000cf200000|100%| E|CS|TAMS 0x00000000cf100000, 0x00000000cf100000| Complete 
| 242|0x00000000cf200000, 0x00000000cf300000, 0x00000000cf300000|100%| E|CS|TAMS 0x00000000cf200000, 0x00000000cf200000| Complete 
| 243|0x00000000cf300000, 0x00000000cf400000, 0x00000000cf400000|100%| E|CS|TAMS 0x00000000cf300000, 0x00000000cf300000| Complete 
| 244|0x00000000cf400000, 0x00000000cf500000, 0x00000000cf500000|100%| E|CS|TAMS 0x00000000cf400000, 0x00000000cf400000| Complete 
| 245|0x00000000cf500000, 0x00000000cf600000, 0x00000000cf600000|100%| E|CS|TAMS 0x00000000cf500000, 0x00000000cf500000| Complete 
| 246|0x00000000cf600000, 0x00000000cf700000, 0x00000000cf700000|100%| E|CS|TAMS 0x00000000cf600000, 0x00000000cf600000| Complete 
| 247|0x00000000cf700000, 0x00000000cf800000, 0x00000000cf800000|100%| E|CS|TAMS 0x00000000cf700000, 0x00000000cf700000| Complete 
| 248|0x00000000cf800000, 0x00000000cf900000, 0x00000000cf900000|100%| E|CS|TAMS 0x00000000cf800000, 0x00000000cf800000| Complete 
| 249|0x00000000cf900000, 0x00000000cfa00000, 0x00000000cfa00000|100%| E|CS|TAMS 0x00000000cf900000, 0x00000000cf900000| Complete 
| 250|0x00000000cfa00000, 0x00000000cfb00000, 0x00000000cfb00000|100%| E|CS|TAMS 0x00000000cfa00000, 0x00000000cfa00000| Complete 
| 251|0x00000000cfb00000, 0x00000000cfc00000, 0x00000000cfc00000|100%| E|CS|TAMS 0x00000000cfb00000, 0x00000000cfb00000| Complete 
| 252|0x00000000cfc00000, 0x00000000cfd00000, 0x00000000cfd00000|100%| E|CS|TAMS 0x00000000cfc00000, 0x00000000cfc00000| Complete 
| 253|0x00000000cfd00000, 0x00000000cfe00000, 0x00000000cfe00000|100%| E|CS|TAMS 0x00000000cfd00000, 0x00000000cfd00000| Complete 
| 254|0x00000000cfe00000, 0x00000000cff00000, 0x00000000cff00000|100%| E|CS|TAMS 0x00000000cfe00000, 0x00000000cfe00000| Complete 
| 255|0x00000000cff00000, 0x00000000d0000000, 0x00000000d0000000|100%| E|CS|TAMS 0x00000000cff00000, 0x00000000cff00000| Complete 

Card table byte_map: [0x000002597c010000,0x000002597c210000] _byte_map_base: 0x000002597ba10000

Marking Bits (Prev, Next): (CMBitMap*) 0x0000025972574628, (CMBitMap*) 0x0000025972574660
 Prev Bits: [0x000002597c410000, 0x000002597d410000)
 Next Bits: [0x000002597d410000, 0x000002597e410000)

Polling page: 0x0000025972600000

Metaspace:

Usage:
  Non-class:     31.60 MB capacity,    31.09 MB ( 98%) used,   383.30 KB (  1%) free+waste,   130.50 KB ( <1%) overhead. 
      Class:      5.41 MB capacity,     4.84 MB ( 89%) used,   512.55 KB (  9%) free+waste,    72.63 KB (  1%) overhead. 
       Both:     37.01 MB capacity,    35.93 MB ( 97%) used,   895.85 KB (  2%) free+waste,   203.13 KB ( <1%) overhead. 

Virtual space:
  Non-class space:       32.00 MB reserved,      31.67 MB ( 99%) committed 
      Class space:        1.00 GB reserved,       5.50 MB ( <1%) committed 
             Both:        1.03 GB reserved,      37.17 MB (  4%) committed 

Chunk freelists:
   Non-Class:  1.50 KB
       Class:  3.50 KB
        Both:  5.00 KB

CodeHeap 'non-profiled nmethods': size=120000Kb used=1233Kb max_used=1233Kb free=118766Kb
 bounds [0x0000025907ad0000, 0x0000025907d40000, 0x000002590f000000]
CodeHeap 'profiled nmethods': size=120000Kb used=4785Kb max_used=4785Kb free=115214Kb
 bounds [0x00000259005a0000, 0x0000025900a50000, 0x0000025907ad0000]
CodeHeap 'non-nmethods': size=5760Kb used=1216Kb max_used=1224Kb free=4543Kb
 bounds [0x0000025900000000, 0x0000025900270000, 0x00000259005a0000]
 total_blobs=2995 nmethods=2400 adapters=506
 compilation: enabled
              stopped_count=0, restarted_count=0
 full_count=0

Compilation events (10 events):
Event: 12.082 Thread 0x000002597f7a3800 nmethod 2365 0x0000025900a37190 code [0x0000025900a37340, 0x0000025900a37638]
Event: 12.082 Thread 0x000002597f7a3800 2363       3       java.util.regex.CharPredicates$$Lambda$245/0x00000001002ff840::is (5 bytes)
Event: 12.082 Thread 0x000002597f7a3800 nmethod 2363 0x0000025900a37790 code [0x0000025900a37960, 0x0000025900a37d58]
Event: 12.082 Thread 0x000002597f7a3800 2364       3       java.util.regex.Pattern::newCharProperty (34 bytes)
Event: 12.083 Thread 0x000002597f7a3800 nmethod 2364 0x0000025900a37f10 code [0x0000025900a38120, 0x0000025900a389b8]
Event: 12.103 Thread 0x000002597f7a0800 2366   !   4       jdk.internal.loader.BuiltinClassLoader::loadClassOrNull (143 bytes)
Event: 12.250 Thread 0x000002597f7a3800 2367       1       org.apache.log4j.Category::getName (5 bytes)
Event: 12.250 Thread 0x000002597f7a3800 nmethod 2367 0x0000025907c02e90 code [0x0000025907c03020, 0x0000025907c030d8]
Event: 12.311 Thread 0x000002597f7a3800 2368       3       java.lang.invoke.MethodHandles$Lookup::checkMethodName (43 bytes)
Event: 12.313 Thread 0x000002597f7a3800 nmethod 2368 0x0000025900a38b90 code [0x0000025900a38e00, 0x0000025900a39748]

GC Heap History (10 events):
Event: 2.090 GC heap before
{Heap before GC invocations=1 (full 0):
 garbage-first heap   total 262144K, used 63579K [0x00000000c0000000, 0x0000000100000000)
  region size 1024K, 19 young (19456K), 3 survivors (3072K)
 Metaspace       used 10153K, capacity 10303K, committed 10368K, reserved 1058816K
  class space    used 1064K, capacity 1117K, committed 1152K, reserved 1048576K
}
Event: 2.094 GC heap after
{Heap after GC invocations=2 (full 0):
 garbage-first heap   total 262144K, used 48933K [0x00000000c0000000, 0x0000000100000000)
  region size 1024K, 1 young (1024K), 1 survivors (1024K)
 Metaspace       used 10153K, capacity 10303K, committed 10368K, reserved 1058816K
  class space    used 1064K, capacity 1117K, committed 1152K, reserved 1048576K
}
Event: 4.427 GC heap before
{Heap before GC invocations=2 (full 0):
 garbage-first heap   total 262144K, used 85797K [0x00000000c0000000, 0x0000000100000000)
  region size 1024K, 37 young (37888K), 1 survivors (1024K)
 Metaspace       used 19303K, capacity 19726K, committed 19840K, reserved 1067008K
  class space    used 2488K, capacity 2658K, committed 2688K, reserved 1048576K
}
Event: 4.432 GC heap after
{Heap after GC invocations=3 (full 0):
 garbage-first heap   total 262144K, used 51855K [0x00000000c0000000, 0x0000000100000000)
  region size 1024K, 4 young (4096K), 4 survivors (4096K)
 Metaspace       used 19303K, capacity 19726K, committed 19840K, reserved 1067008K
  class space    used 2488K, capacity 2658K, committed 2688K, reserved 1048576K
}
Event: 5.365 GC heap before
{Heap before GC invocations=3 (full 0):
 garbage-first heap   total 262144K, used 57999K [0x00000000c0000000, 0x0000000100000000)
  region size 1024K, 11 young (11264K), 4 survivors (4096K)
 Metaspace       used 20755K, capacity 21160K, committed 21296K, reserved 1067008K
  class space    used 2656K, capacity 2874K, committed 2944K, reserved 1048576K
}
Event: 5.370 GC heap after
{Heap after GC invocations=4 (full 0):
 garbage-first heap   total 262144K, used 52606K [0x00000000c0000000, 0x0000000100000000)
  region size 1024K, 4 young (4096K), 4 survivors (4096K)
 Metaspace       used 20755K, capacity 21160K, committed 21296K, reserved 1067008K
  class space    used 2656K, capacity 2874K, committed 2944K, reserved 1048576K
}
Event: 8.809 GC heap before
{Heap before GC invocations=5 (full 0):
 garbage-first heap   total 262144K, used 110974K [0x00000000c0000000, 0x0000000100000000)
  region size 1024K, 61 young (62464K), 4 survivors (4096K)
 Metaspace       used 29683K, capacity 30463K, committed 30768K, reserved 1075200K
  class space    used 3958K, capacity 4376K, committed 4480K, reserved 1048576K
}
Event: 8.848 GC heap after
{Heap after GC invocations=6 (full 0):
 garbage-first heap   total 262144K, used 54354K [0x00000000c0000000, 0x0000000100000000)
  region size 1024K, 6 young (6144K), 6 survivors (6144K)
 Metaspace       used 29683K, capacity 30463K, committed 30768K, reserved 1075200K
  class space    used 3958K, capacity 4376K, committed 4480K, reserved 1048576K
}
Event: 11.211 GC heap before
{Heap before GC invocations=6 (full 0):
 garbage-first heap   total 262144K, used 92242K [0x00000000c0000000, 0x0000000100000000)
  region size 1024K, 44 young (45056K), 6 survivors (6144K)
 Metaspace       used 34868K, capacity 35822K, committed 35888K, reserved 1079296K
  class space    used 4675K, capacity 5203K, committed 5248K, reserved 1048576K
}
Event: 11.217 GC heap after
{Heap after GC invocations=7 (full 0):
 garbage-first heap   total 262144K, used 55576K [0x00000000c0000000, 0x0000000100000000)
  region size 1024K, 7 young (7168K), 7 survivors (7168K)
 Metaspace       used 34868K, capacity 35822K, committed 35888K, reserved 1079296K
  class space    used 4675K, capacity 5203K, committed 5248K, reserved 1048576K
}

Deoptimization events (10 events):
Event: 7.339 Thread 0x000002597f989000 Uncommon trap: reason=unstable_if action=reinterpret pc=0x0000025907b6f680 method=java.lang.StringLatin1.regionMatchesCI([BI[BII)Z @ 66 c2
Event: 7.341 Thread 0x000002597f989000 Uncommon trap: reason=unstable_if action=reinterpret pc=0x0000025907b751e0 method=java.lang.ThreadLocal.get()Ljava/lang/Object; @ 11 c2
Event: 7.705 Thread 0x000002597f989000 Uncommon trap: reason=unstable_if action=reinterpret pc=0x0000025907b56e18 method=jdk.internal.org.objectweb.asm.Type.getArgumentsAndReturnSizes(Ljava/lang/String;)I @ 41 c2
Event: 8.223 Thread 0x000002597f989000 Uncommon trap: reason=speculate_null_assert action=make_not_entrant pc=0x0000025907b6ad54 method=jdk.internal.loader.URLClassPath$JarLoader.getResource(Ljava/lang/String;ZLjava/util/Set;)Ljdk/internal/loader/Resource; @ 17 c2
Event: 8.298 Thread 0x000002597f989000 Uncommon trap: reason=unstable_if action=reinterpret pc=0x0000025907bd0f10 method=java.lang.ThreadLocal$ThreadLocalMap.getEntry(Ljava/lang/ThreadLocal;)Ljava/lang/ThreadLocal$ThreadLocalMap$Entry; @ 29 c2
Event: 10.166 Thread 0x000002597f989000 Uncommon trap: reason=unstable_if action=reinterpret pc=0x0000025907bd3ab4 method=jdk.internal.org.objectweb.asm.Type.getArgumentsAndReturnSizes(Ljava/lang/String;)I @ 47 c2
Event: 10.166 Thread 0x000002597f989000 Uncommon trap: reason=unstable_if action=reinterpret pc=0x0000025907bebb64 method=jdk.internal.org.objectweb.asm.Frame.push(Ljdk/internal/org/objectweb/asm/ClassWriter;Ljava/lang/String;)V @ 18 c2
Event: 10.962 Thread 0x000002597f989000 Uncommon trap: reason=unstable_if action=reinterpret pc=0x0000025907bc439c method=java.nio.Buffer.position(I)Ljava/nio/Buffer; @ 37 c2
Event: 11.178 Thread 0x000002597f989000 Uncommon trap: reason=unstable_if action=reinterpret pc=0x0000025907b426f4 method=java.util.HashMap.hash(Ljava/lang/Object;)I @ 1 c2
Event: 11.178 Thread 0x000002597f989000 Uncommon trap: reason=unstable_if action=reinterpret pc=0x0000025907b3712c method=java.util.HashMap.hash(Ljava/lang/Object;)I @ 1 c2

Classes redefined (0 events):
No events

Internal exceptions (10 events):
Event: 10.871 Thread 0x000002597f989000 Exception <a 'java/lang/NoSuchMethodError'{0x00000000ce0fc540}: java.lang.invoke.Invokers$Holder.linkToTargetMethod(Ljava/lang/Object;Ljava/lang/Object;IIILjava/lang/Object;Ljava/lang/Object;)Ljava/lang/Object;> (0x00000000ce0fc540) thrown at [./open/src/
Event: 11.178 Thread 0x000002597f989000 Implicit null exception at 0x0000025907b42658 to 0x0000025907b426ea
Event: 11.178 Thread 0x000002597f989000 Implicit null exception at 0x0000025907b370af to 0x0000025907b3711d
Event: 11.263 Thread 0x0000025914a1a000 Exception <a 'java/lang/NoSuchMethodError'{0x00000000cffeaf40}: java.lang.invoke.DirectMethodHandle$Holder.invokeStatic(Ljava/lang/Object;Ljava/lang/Object;JLjava/lang/Object;)Ljava/lang/Object;> (0x00000000cffeaf40) thrown at [./open/src/hotspot/share/in
Event: 11.264 Thread 0x0000025914a1a000 Exception <a 'java/lang/NoSuchMethodError'{0x00000000cfff2d78}: java.lang.invoke.DirectMethodHandle$Holder.invokeStatic(Ljava/lang/Object;Ljava/lang/Object;J)Ljava/lang/Object;> (0x00000000cfff2d78) thrown at [./open/src/hotspot/share/interpreter/linkReso
Event: 11.265 Thread 0x0000025914a1a000 Exception <a 'java/lang/NoSuchMethodError'{0x00000000cfff5e28}: java.lang.invoke.DirectMethodHandle$Holder.invokeSpecial(Ljava/lang/Object;Ljava/lang/Object;Ljava/lang/Object;J)Ljava/lang/Object;> (0x00000000cfff5e28) thrown at [./open/src/hotspot/share/i
Event: 11.279 Thread 0x0000025914a1a000 Exception <a 'java/lang/NoSuchMethodError'{0x00000000cfff8a70}: java.lang.invoke.Invokers$Holder.linkToTargetMethod(Ljava/lang/Object;JLjava/lang/Object;)Ljava/lang/Object;> (0x00000000cfff8a70) thrown at [./open/src/hotspot/share/interpreter/linkResolver
Event: 11.883 Thread 0x000002597f989000 Exception <a 'java/lang/NoSuchMethodError'{0x00000000cf7d27d8}: java.lang.invoke.DirectMethodHandle$Holder.invokeInterface(Ljava/lang/Object;Ljava/lang/Object;)I> (0x00000000cf7d27d8) thrown at [./open/src/hotspot/share/interpreter/linkResolver.cpp, line 
Event: 12.322 Thread 0x000002597f989000 Exception <a 'java/lang/NoSuchMethodError'{0x00000000cf10bc98}: java.lang.invoke.DirectMethodHandle$Holder.invokeStatic(Ljava/lang/Object;JJ)J> (0x00000000cf10bc98) thrown at [./open/src/hotspot/share/interpreter/linkResolver.cpp, line 772]
Event: 12.348 Thread 0x000002597f989000 Exception <a 'java/lang/NoSuchMethodError'{0x00000000cf150358}: java.lang.invoke.DirectMethodHandle$Holder.invokeInterface(Ljava/lang/Object;Ljava/lang/Object;)V> (0x00000000cf150358) thrown at [./open/src/hotspot/share/interpreter/linkResolver.cpp, line 

Events (10 events):
Event: 12.349 loading class org/sparkproject/jetty/util/thread/ExecutionStrategy
Event: 12.349 loading class org/sparkproject/jetty/util/thread/ExecutionStrategy done
Event: 12.349 loading class org/sparkproject/jetty/io/ManagedSelector$Start
Event: 12.349 loading class org/sparkproject/jetty/io/ManagedSelector$Start done
Event: 12.350 loading class org/sparkproject/jetty/util/thread/strategy/EatWhatYouKill$1
Event: 12.350 loading class org/sparkproject/jetty/util/thread/strategy/EatWhatYouKill$1 done
Event: 12.356 loading class org/sparkproject/jetty/util/thread/strategy/EatWhatYouKill$Mode
Event: 12.356 loading class org/sparkproject/jetty/util/thread/strategy/EatWhatYouKill$Mode done
Event: 12.360 loading class org/sparkproject/jetty/util/thread/Invocable$InvocationType
Event: 12.360 loading class org/sparkproject/jetty/util/thread/Invocable$InvocationType done


Dynamic libraries:
0x00007ff660120000 - 0x00007ff66012f000 	D:\bigdata\Java\jdk-11.0.15\bin\java.exe
0x00007fff12070000 - 0x00007fff12287000 	C:\WINDOWS\SYSTEM32\ntdll.dll
0x00007fff112d0000 - 0x00007fff11394000 	C:\WINDOWS\System32\KERNEL32.DLL
0x00007fff0f5d0000 - 0x00007fff0f97d000 	C:\WINDOWS\System32\KERNELBASE.dll
0x00007fff0f4b0000 - 0x00007fff0f5c1000 	C:\WINDOWS\System32\ucrtbase.dll
0x00007fff02340000 - 0x00007fff02355000 	D:\bigdata\Java\jdk-11.0.15\bin\VCRUNTIME140.dll
0x00007fff02360000 - 0x00007fff02378000 	D:\bigdata\Java\jdk-11.0.15\bin\jli.dll
0x00007fff11030000 - 0x00007fff110e2000 	C:\WINDOWS\System32\ADVAPI32.dll
0x00007fff109d0000 - 0x00007fff10a77000 	C:\WINDOWS\System32\msvcrt.dll
0x00007fff11f80000 - 0x00007fff12029000 	C:\WINDOWS\System32\sechost.dll
0x00007fff0f9b0000 - 0x00007fff0f9d8000 	C:\WINDOWS\System32\bcrypt.dll
0x00007fff11470000 - 0x00007fff11584000 	C:\WINDOWS\System32\RPCRT4.dll
0x00007fff10a90000 - 0x00007fff10c3e000 	C:\WINDOWS\System32\USER32.dll
0x00007ffef9d10000 - 0x00007ffef9fa3000 	C:\WINDOWS\WinSxS\amd64_microsoft.windows.common-controls_6595b64144ccf1df_6.0.22621.3672_none_2713b9d173822955\COMCTL32.dll
0x00007fff0f980000 - 0x00007fff0f9a6000 	C:\WINDOWS\System32\win32u.dll
0x00007fff0fe10000 - 0x00007fff0fe39000 	C:\WINDOWS\System32\GDI32.dll
0x00007fff0fb20000 - 0x00007fff0fc39000 	C:\WINDOWS\System32\gdi32full.dll
0x00007fff0f3a0000 - 0x00007fff0f43a000 	C:\WINDOWS\System32\msvcp_win.dll
0x00007fff08690000 - 0x00007fff0869a000 	C:\WINDOWS\SYSTEM32\VERSION.dll
0x00007fff10c40000 - 0x00007fff10c71000 	C:\WINDOWS\System32\IMM32.DLL
0x00007ffed4650000 - 0x00007ffed46eb000 	D:\bigdata\Java\jdk-11.0.15\bin\msvcp140.dll
0x00007ffea3210000 - 0x00007ffea3d26000 	D:\bigdata\Java\jdk-11.0.15\bin\server\jvm.dll
0x00007fff10a80000 - 0x00007fff10a88000 	C:\WINDOWS\System32\PSAPI.DLL
0x00007fff05b10000 - 0x00007fff05b44000 	C:\WINDOWS\SYSTEM32\WINMM.dll
0x00007fff08fb0000 - 0x00007fff08fb9000 	C:\WINDOWS\SYSTEM32\WSOCK32.dll
0x00007fff10fb0000 - 0x00007fff11021000 	C:\WINDOWS\System32\WS2_32.dll
0x00007fff0e390000 - 0x00007fff0e3a8000 	C:\WINDOWS\SYSTEM32\kernel.appcore.dll
0x00007fff055e0000 - 0x00007fff055f0000 	D:\bigdata\Java\jdk-11.0.15\bin\verify.dll
0x00007fff0cc20000 - 0x00007fff0ce52000 	C:\WINDOWS\SYSTEM32\DBGHELP.DLL
0x00007fff0ff80000 - 0x00007fff10308000 	C:\WINDOWS\System32\combase.dll
0x00007fff11590000 - 0x00007fff11667000 	C:\WINDOWS\System32\OLEAUT32.dll
0x00007ffee4580000 - 0x00007ffee45b2000 	C:\WINDOWS\SYSTEM32\dbgcore.DLL
0x00007fff0faa0000 - 0x00007fff0fb1b000 	C:\WINDOWS\System32\bcryptPrimitives.dll
0x00007fff02310000 - 0x00007fff02338000 	D:\bigdata\Java\jdk-11.0.15\bin\java.dll
0x00007fff04ad0000 - 0x00007fff04ada000 	D:\bigdata\Java\jdk-11.0.15\bin\jimage.dll
0x00007fff02280000 - 0x00007fff02296000 	D:\bigdata\Java\jdk-11.0.15\bin\zip.dll
0x00007fff11720000 - 0x00007fff11f7f000 	C:\WINDOWS\System32\SHELL32.dll
0x00007fff0d2a0000 - 0x00007fff0db9c000 	C:\WINDOWS\SYSTEM32\windows.storage.dll
0x00007fff0d160000 - 0x00007fff0d29f000 	C:\WINDOWS\SYSTEM32\wintypes.dll
0x00007fff0fe60000 - 0x00007fff0ff54000 	C:\WINDOWS\System32\SHCORE.dll
0x00007fff113b0000 - 0x00007fff1140e000 	C:\WINDOWS\System32\shlwapi.dll
0x00007fff0f2d0000 - 0x00007fff0f2f1000 	C:\WINDOWS\SYSTEM32\profapi.dll
0x00007fff02190000 - 0x00007fff021a9000 	D:\bigdata\Java\jdk-11.0.15\bin\net.dll
0x00007fff08350000 - 0x00007fff08486000 	C:\WINDOWS\SYSTEM32\WINHTTP.dll
0x00007fff0e7f0000 - 0x00007fff0e859000 	C:\WINDOWS\system32\mswsock.dll
0x00007fff02150000 - 0x00007fff02162000 	D:\bigdata\Java\jdk-11.0.15\bin\nio.dll
0x00007ffefac50000 - 0x00007ffefac67000 	C:\WINDOWS\system32\napinsp.dll
0x00007ffef94f0000 - 0x00007ffef950b000 	C:\WINDOWS\system32\pnrpnsp.dll
0x00007fff0de70000 - 0x00007fff0df68000 	C:\WINDOWS\SYSTEM32\DNSAPI.dll
0x00007fff0de00000 - 0x00007fff0de2d000 	C:\WINDOWS\SYSTEM32\IPHLPAPI.DLL
0x00007fff0fe40000 - 0x00007fff0fe49000 	C:\WINDOWS\System32\NSI.dll
0x00007ffef94d0000 - 0x00007ffef94e1000 	C:\WINDOWS\System32\winrnr.dll
0x00007ffee0f70000 - 0x00007ffee0f85000 	C:\WINDOWS\system32\wshbth.dll
0x00007ffef95b0000 - 0x00007ffef95d7000 	C:\WINDOWS\system32\nlansp_c.dll
0x00007fff02740000 - 0x00007fff0274a000 	C:\Windows\System32\rasadhlp.dll
0x00007fff050f0000 - 0x00007fff05173000 	C:\WINDOWS\System32\fwpuclnt.dll
0x00007fff0eb40000 - 0x00007fff0eb5b000 	C:\WINDOWS\SYSTEM32\CRYPTSP.dll
0x00007fff0e2f0000 - 0x00007fff0e325000 	C:\WINDOWS\system32\rsaenh.dll
0x00007fff0e890000 - 0x00007fff0e8b8000 	C:\WINDOWS\SYSTEM32\USERENV.dll
0x00007fff0eb20000 - 0x00007fff0eb2c000 	C:\WINDOWS\SYSTEM32\CRYPTBASE.dll
0x00007fff086c0000 - 0x00007fff086d9000 	C:\WINDOWS\SYSTEM32\dhcpcsvc6.DLL
0x00007fff07ed0000 - 0x00007fff07eef000 	C:\WINDOWS\SYSTEM32\dhcpcsvc.DLL
0x00007fff02170000 - 0x00007fff02179000 	D:\bigdata\Java\jdk-11.0.15\bin\management.dll
0x00007fff02140000 - 0x00007fff0214b000 	D:\bigdata\Java\jdk-11.0.15\bin\management_ext.dll
0x00007ffed5930000 - 0x00007ffed594b000 	D:\bigdata\hadoop-3.2.2\bin\hadoop.dll
0x00007ffef8450000 - 0x00007ffef8469000 	C:\WINDOWS\SYSTEM32\NETAPI32.dll
0x00007fff0df70000 - 0x00007fff0dfbe000 	C:\WINDOWS\SYSTEM32\AUTHZ.dll
0x00007ffef8b70000 - 0x00007ffef8b89000 	C:\WINDOWS\SYSTEM32\SAMCLI.DLL
0x00007fff0ddf0000 - 0x00007fff0ddfc000 	C:\WINDOWS\SYSTEM32\NETUTILS.DLL
0x00007ffef9620000 - 0x00007ffef9629000 	D:\bigdata\Java\jdk-11.0.15\bin\jaas.dll

dbghelp: loaded successfully - version: 4.0.5 - missing functions: none
symbol engine: initialized successfully - sym options: 0x614 - pdb path: .;D:\bigdata\Java\jdk-11.0.15\bin;C:\WINDOWS\SYSTEM32;C:\WINDOWS\WinSxS\amd64_microsoft.windows.common-controls_6595b64144ccf1df_6.0.22621.3672_none_2713b9d173822955;D:\bigdata\Java\jdk-11.0.15\bin\server;D:\bigdata\hadoop-3.2.2\bin

VM Arguments:
jvm_args: -Xmx1g 
java_command: org.apache.spark.deploy.SparkSubmit --conf spark.master=local[*] --conf spark.app.name=test pyspark-shell
java_class_path (initial): D:\bigdata\spark-3.1.2-bin-hadoop3.2\bin\..\conf\;D:\bigdata\spark-3.1.2-bin-hadoop3.2\jars\accessors-smart-1.2.jar;D:\bigdata\spark-3.1.2-bin-hadoop3.2\jars\activation-1.1.1.jar;D:\bigdata\spark-3.1.2-bin-hadoop3.2\jars\aircompressor-0.10.jar;D:\bigdata\spark-3.1.2-bin-hadoop3.2\jars\algebra_2.12-2.0.0-M2.jar;D:\bigdata\spark-3.1.2-bin-hadoop3.2\jars\antlr-runtime-3.5.2.jar;D:\bigdata\spark-3.1.2-bin-hadoop3.2\jars\antlr4-runtime-4.8-1.jar;D:\bigdata\spark-3.1.2-bin-hadoop3.2\jars\aopalliance-1.0.jar;D:\bigdata\spark-3.1.2-bin-hadoop3.2\jars\aopalliance-repackaged-2.6.1.jar;D:\bigdata\spark-3.1.2-bin-hadoop3.2\jars\arpack_combined_all-0.1.jar;D:\bigdata\spark-3.1.2-bin-hadoop3.2\jars\arrow-format-2.0.0.jar;D:\bigdata\spark-3.1.2-bin-hadoop3.2\jars\arrow-memory-core-2.0.0.jar;D:\bigdata\spark-3.1.2-bin-hadoop3.2\jars\arrow-memory-netty-2.0.0.jar;D:\bigdata\spark-3.1.2-bin-hadoop3.2\jars\arrow-vector-2.0.0.jar;D:\bigdata\spark-3.1.2-bin-hadoop3.2\jars\audience-annotations-0.5.0.jar;D:\bigdata\spark-3.1.2-bin-hadoop3.2\jars\automaton-1.11-8.jar;D:\bigdata\spark-3.1.2-bin-hadoop3.2\jars\avro-1.8.2.jar;D:\bigdata\spark-3.1.2-bin-hadoop3.2\jars\avro-ipc-1.8.2.jar;D:\bigdata\spark-3.1.2-bin-hadoop3.2\jars\avro-mapred-1.8.2-hadoop2.jar;D:\bigdata\spark-3.1.2-bin-hadoop3.2\jars\bonecp-0.8.0.RELEASE.jar;D:\bigdata\spark-3.1.2-bin-hadoop3.2\jars\breeze-macros_2.12-1.0.jar;D:\bigdata\spark-3.1.2-bin-hadoop3.2\jars\breeze_2.12-1.0.jar;D:\bigdata\spark-3.1.2-bin-hadoop3.2\jars\cats-kernel_2.12-2.0.0-M4.jar;D:\bigdata\spark-3.1.2-bin-hadoop3.2\jars\chill-java-0.9.5.jar;D:\bigdata\spark-3.1.2-bin-hadoop3.2\jars\chill_2.12-0.9.5.jar;D:\bigdata\spark-3.1.2-bin-hadoop3.2\jars\commons-beanutils-1.9.4.jar;D:\bigdata\spark-3.1.2-bin-hadoop3.2\jars\commons-cli-1.2.jar;D:\bigdata\spark-3.1.2-bin-hadoop3.2\jars\commons-codec-1.10.jar;D:\bigdata\spark-3.1.2-bin-hadoop3.2\jars\commons-collections-3.2.2.jar;D:\bigdata\spark-3.1.2-bin-hadoop3.2\jars\commons-compile
Launcher Type: SUN_STANDARD

[Global flags]
     intx CICompilerCount                          = 4                                         {product} {ergonomic}
     uint ConcGCThreads                            = 2                                         {product} {ergonomic}
     uint G1ConcRefinementThreads                  = 8                                         {product} {ergonomic}
   size_t G1HeapRegionSize                         = 1048576                                   {product} {ergonomic}
    uintx GCDrainStackTargetSize                   = 64                                        {product} {ergonomic}
   size_t InitialHeapSize                          = 268435456                                 {product} {ergonomic}
   size_t MarkStackSize                            = 4194304                                   {product} {ergonomic}
   size_t MaxHeapSize                              = 1073741824                                {product} {command line}
   size_t MaxNewSize                               = 643825664                                 {product} {ergonomic}
   size_t MinHeapDeltaBytes                        = 1048576                                   {product} {ergonomic}
    uintx NonNMethodCodeHeapSize                   = 5836300                                {pd product} {ergonomic}
    uintx NonProfiledCodeHeapSize                  = 122910970                              {pd product} {ergonomic}
    uintx ProfiledCodeHeapSize                     = 122910970                              {pd product} {ergonomic}
    uintx ReservedCodeCacheSize                    = 251658240                              {pd product} {ergonomic}
     bool SegmentedCodeCache                       = true                                      {product} {ergonomic}
     bool UseCompressedClassPointers               = true                                 {lp64_product} {ergonomic}
     bool UseCompressedOops                        = true                                 {lp64_product} {ergonomic}
     bool UseG1GC                                  = true                                      {product} {ergonomic}
     bool UseLargePagesIndividualAllocation        = false                                  {pd product} {ergonomic}

Logging:
Log output configuration:
 #0: stdout all=warning uptime,level,tags
 #1: stderr all=off uptime,level,tags

Environment Variables:
JAVA_HOME=D:\bigdata\Java\jdk-11.0.15
PATH=C:\Users\ADMIN\anaconda3\envs\py38;C:\Users\ADMIN\anaconda3\envs\py38\Library\mingw-w64\bin;C:\Users\ADMIN\anaconda3\envs\py38\Library\usr\bin;C:\Users\ADMIN\anaconda3\envs\py38\Library\bin;C:\Users\ADMIN\anaconda3\envs\py38\Scripts;C:\Users\ADMIN\anaconda3\envs\py38\bin;C:\Users\ADMIN\anaconda3\condabin;C:\Program Files\Common Files\Oracle\Java\javapath;.;C:\WINDOWS\system32;C:\WINDOWS;C:\WINDOWS\System32\Wbem;C:\WINDOWS\System32\WindowsPowerShell\v1.0;C:\WINDOWS\System32\OpenSSH;C:\Program Files\PuTTY;C:\Program Files\dotnet;D:\bigdata\scala\bin;C:\Program Files\Docker\Docker\resources\bin;C:\Users\ADMIN\AppData\Local\Microsoft\WindowsApps;D:\bigdata\apache-cassandra-3.11.8\bin;D:\bigdata\spark-3.1.2-bin-hadoop3.2\bin;D:\bigdata\spark-3.1.2-bin-hadoop3.2\sbin;D:\bigdata\hadoop-3.2.2\bin;D:\bigdata\hadoop-3.2.2\sbin;D:\bigdata\Java\jdk-11.0.15\bin;D:\bigdata\kafka_2.12-2.8.1\bin;D:\bigdata\PyCharm Community Edition 2023.2\bin;.;C:\Program Files\Azure Data Studio\bin;C:\bigdata\scala3-3.2.0\bin;D:\bigdata\nifi-1.23.2\bin;C:\bigdata\Microsoft VS Code\bin;D:\bigdata\JetBrains\IntelliJ IDEA Community Edition 2024.1.4\bin;.;C:\Users\ADMIN\Anaconda3\Library\Bin
USERNAME=ADMIN
OS=Windows_NT
PROCESSOR_IDENTIFIER=Intel64 Family 6 Model 142 Stepping 10, GenuineIntel



---------------  S Y S T E M  ---------------

OS: Windows 11 , 64 bit Build 22621 (10.0.22621.3672)
Hyper-V role detected

CPU:total 8 (initial active 8) (4 cores per cpu, 2 threads per core) family 6 model 142 stepping 10 microcode 0xf0, cmov, cx8, fxsr, mmx, sse, sse2, sse3, ssse3, sse4.1, sse4.2, popcnt, avx, avx2, aes, clmul, erms, rtm, 3dnowpref, lzcnt, ht, tsc, tscinvbit, bmi1, bmi2, adx, fma

Memory: 4k page, system-wide physical 16262M (2312M free)
TotalPageFile size 23569M (AvailPageFile size 3M)
current process WorkingSet (physical memory assigned to process): 224M, peak: 224M
current process commit charge ("private bytes"): 415M, peak: 415M

vm_info: Java HotSpot(TM) 64-Bit Server VM (11.0.15+8-LTS-149) for windows-amd64 JRE (11.0.15+8-LTS-149), built on Mar  9 2022 22:42:32 by "mach5one" with MS VC++ 15.9 (VS2017)

END.
