#
# There is insufficient memory for the Java Runtime Environment to continue.
# Native memory allocation (malloc) failed to allocate 378736 bytes for Chunk::new
# Possible reasons:
#   The system is out of physical RAM or swap space
#   The process is running with CompressedOops enabled, and the Java Heap may be blocking the growth of the native heap
# Possible solutions:
#   Reduce memory load on the system
#   Increase physical memory or swap space
#   Check if swap backing store is full
#   Decrease Java heap size (-Xmx/-Xms)
#   Decrease number of Java threads
#   Decrease Java thread stack sizes (-Xss)
#   Set larger code cache with -XX:ReservedCodeCacheSize=
#   JVM is running with Unscaled Compressed Oops mode in which the Java heap is
#     placed in the first 4GB address space. The Java Heap base address is the
#     maximum limit for the native heap growth. Please use -XX:HeapBaseMinAddress
#     to set the Java Heap base and to place the Java Heap above 4GB virtual address.
# This output file may be truncated or incomplete.
#
#  Out of Memory Error (./open/src/hotspot/share/memory/arena.cpp:197), pid=21264, tid=19736
#
# JRE version: Java(TM) SE Runtime Environment 18.9 (11.0.15+8) (build 11.0.15+8-LTS-149)
# Java VM: Java HotSpot(TM) 64-Bit Server VM 18.9 (11.0.15+8-LTS-149, mixed mode, tiered, compressed oops, g1 gc, windows-amd64)
# No core dump will be written. Minidumps are not enabled by default on client versions of Windows
#

---------------  S U M M A R Y ------------

Command Line: -Xmx1g org.apache.spark.deploy.SparkSubmit --conf spark.master=local[*] --conf spark.app.name=test pyspark-shell

Host: Intel(R) Core(TM) i7-8650U CPU @ 1.90GHz, 8 cores, 15G,  Windows 11 , 64 bit Build 22621 (10.0.22621.4391)
Time: Mon Dec 23 19:48:17 2024 India Standard Time elapsed time: 21.356456 seconds (0d 0h 0m 21s)

---------------  T H R E A D  ---------------

Current thread (0x00000148243f7000):  JavaThread "C2 CompilerThread1" daemon [_thread_in_native, id=19736, stack(0x0000000eba400000,0x0000000eba500000)]


Current CompileTask:
C2:  21356 7173       4       java.lang.PublicMethods::merge (81 bytes)

Stack: [0x0000000eba400000,0x0000000eba500000]
Native frames: (J=compiled Java code, j=interpreted, Vv=VM code, C=native code)
V  [jvm.dll+0x629d8a]
V  [jvm.dll+0x7638ff]
V  [jvm.dll+0x764fa9]
V  [jvm.dll+0x765633]
V  [jvm.dll+0x23d9c8]
V  [jvm.dll+0xb2a1c]
V  [jvm.dll+0xb2fdc]
V  [jvm.dll+0x2ae744]
V  [jvm.dll+0x53d4c6]
V  [jvm.dll+0x1fa099]
V  [jvm.dll+0x1f762d]
V  [jvm.dll+0x177c51]
V  [jvm.dll+0x207026]
V  [jvm.dll+0x2051bb]
V  [jvm.dll+0x729820]
V  [jvm.dll+0x7223f4]
V  [jvm.dll+0x628c26]
C  [ucrtbase.dll+0x29333]
C  [KERNEL32.DLL+0x1259d]
C  [ntdll.dll+0x5af38]


---------------  P R O C E S S  ---------------

Threads class SMR info:
_java_thread_list=0x0000014820ee83e0, length=64, elements={
0x0000014802429000, 0x000001481e692800, 0x000001481e696800, 0x000001481e6b7000,
0x000001481e6fd800, 0x000001481e6fe800, 0x000001481e703000, 0x000001481e704800,
0x000001481e705800, 0x000001481e9c7000, 0x000001482207d800, 0x000001482207e000,
0x000001482147d800, 0x000001481e7ba800, 0x0000014820ea7000, 0x000001482032e000,
0x0000014820a07800, 0x00000148211dd800, 0x000001482123f800, 0x000001481e891000,
0x000001481e891800, 0x000001481e88d800, 0x000001481e88c000, 0x000001481e892800,
0x000001481e88d000, 0x000001481e88e800, 0x000001481e88f800, 0x000001481e890000,
0x00000148224f5000, 0x00000148224ef800, 0x00000148224f0800, 0x00000148224f3000,
0x00000148224f6000, 0x00000148224f1000, 0x00000148224f2000, 0x00000148224f3800,
0x00000148224f7000, 0x00000148224f4800, 0x00000148224fa000, 0x00000148224fc800,
0x00000148224f9800, 0x00000148224fd800, 0x00000148224fb000, 0x00000148224f7800,
0x00000148224fe000, 0x00000148224fc000, 0x00000148224f8800, 0x000001481fe27000,
0x000001481fe27800, 0x000001481fe28800, 0x000001481fe29800, 0x000001481fe23800,
0x000001481fe2a000, 0x000001481fe24800, 0x000001481fe2b000, 0x000001481fe26000,
0x000001481fe30800, 0x000001481fe32800, 0x000001481fe2c800, 0x00000148243f7000,
0x00000148243f9800, 0x000001481fe2e800, 0x000001481fe2d800, 0x000001481fe2f000
}

Java Threads: ( => current thread )
  0x0000014802429000 JavaThread "main" [_thread_in_native, id=22652, stack(0x0000000eb5a00000,0x0000000eb5b00000)]
  0x000001481e692800 JavaThread "Reference Handler" daemon [_thread_blocked, id=13696, stack(0x0000000eb6100000,0x0000000eb6200000)]
  0x000001481e696800 JavaThread "Finalizer" daemon [_thread_blocked, id=9864, stack(0x0000000eb6200000,0x0000000eb6300000)]
  0x000001481e6b7000 JavaThread "Signal Dispatcher" daemon [_thread_blocked, id=16056, stack(0x0000000eb6300000,0x0000000eb6400000)]
  0x000001481e6fd800 JavaThread "Attach Listener" daemon [_thread_blocked, id=23708, stack(0x0000000eb6400000,0x0000000eb6500000)]
  0x000001481e6fe800 JavaThread "Service Thread" daemon [_thread_blocked, id=21948, stack(0x0000000eb6500000,0x0000000eb6600000)]
  0x000001481e703000 JavaThread "C2 CompilerThread0" daemon [_thread_blocked, id=12960, stack(0x0000000eb6600000,0x0000000eb6700000)]
  0x000001481e704800 JavaThread "C1 CompilerThread0" daemon [_thread_blocked, id=24540, stack(0x0000000eb6700000,0x0000000eb6800000)]
  0x000001481e705800 JavaThread "Sweeper thread" daemon [_thread_blocked, id=7404, stack(0x0000000eb6800000,0x0000000eb6900000)]
  0x000001481e9c7000 JavaThread "Common-Cleaner" daemon [_thread_blocked, id=20772, stack(0x0000000eb6a00000,0x0000000eb6b00000)]
  0x000001482207d800 JavaThread "pool-2-thread-1" [_thread_blocked, id=17944, stack(0x0000000eb7300000,0x0000000eb7400000)]
  0x000001482207e000 JavaThread "Thread-1" [_thread_in_native, id=6988, stack(0x0000000eb7400000,0x0000000eb7500000)]
  0x000001482147d800 JavaThread "Thread-2" [_thread_in_Java, id=18360, stack(0x0000000eb6b00000,0x0000000eb6c00000)]
  0x000001481e7ba800 JavaThread "rpc-boss-3-1" daemon [_thread_in_native, id=10624, stack(0x0000000eb7600000,0x0000000eb7700000)]
  0x0000014820ea7000 JavaThread "dispatcher-event-loop-0" daemon [_thread_blocked, id=18964, stack(0x0000000eb7700000,0x0000000eb7800000)]
  0x000001482032e000 JavaThread "dispatcher-event-loop-1" daemon [_thread_blocked, id=18696, stack(0x0000000eb7800000,0x0000000eb7900000)]
  0x0000014820a07800 JavaThread "dispatcher-event-loop-2" daemon [_thread_blocked, id=10004, stack(0x0000000eb7900000,0x0000000eb7a00000)]
  0x00000148211dd800 JavaThread "dispatcher-event-loop-3" daemon [_thread_blocked, id=8164, stack(0x0000000eb7a00000,0x0000000eb7b00000)]
  0x000001482123f800 JavaThread "dispatcher-event-loop-4" daemon [_thread_blocked, id=20632, stack(0x0000000eb7b00000,0x0000000eb7c00000)]
  0x000001481e891000 JavaThread "dispatcher-event-loop-5" daemon [_thread_blocked, id=18032, stack(0x0000000eb7c00000,0x0000000eb7d00000)]
  0x000001481e891800 JavaThread "dispatcher-event-loop-6" daemon [_thread_blocked, id=18592, stack(0x0000000eb7d00000,0x0000000eb7e00000)]
  0x000001481e88d800 JavaThread "dispatcher-event-loop-7" daemon [_thread_blocked, id=21120, stack(0x0000000eb7e00000,0x0000000eb7f00000)]
  0x000001481e88c000 JavaThread "map-output-dispatcher-0" daemon [_thread_blocked, id=12760, stack(0x0000000eb7f00000,0x0000000eb8000000)]
  0x000001481e892800 JavaThread "map-output-dispatcher-1" daemon [_thread_blocked, id=11012, stack(0x0000000eb8000000,0x0000000eb8100000)]
  0x000001481e88d000 JavaThread "map-output-dispatcher-2" daemon [_thread_blocked, id=8436, stack(0x0000000eb8100000,0x0000000eb8200000)]
  0x000001481e88e800 JavaThread "map-output-dispatcher-3" daemon [_thread_blocked, id=8268, stack(0x0000000eb8200000,0x0000000eb8300000)]
  0x000001481e88f800 JavaThread "map-output-dispatcher-4" daemon [_thread_blocked, id=18188, stack(0x0000000eb8300000,0x0000000eb8400000)]
  0x000001481e890000 JavaThread "map-output-dispatcher-5" daemon [_thread_blocked, id=6476, stack(0x0000000eb8400000,0x0000000eb8500000)]
  0x00000148224f5000 JavaThread "map-output-dispatcher-6" daemon [_thread_blocked, id=17808, stack(0x0000000eb8500000,0x0000000eb8600000)]
  0x00000148224ef800 JavaThread "map-output-dispatcher-7" daemon [_thread_blocked, id=4728, stack(0x0000000eb8600000,0x0000000eb8700000)]
  0x00000148224f0800 JavaThread "dispatcher-BlockManagerMaster" daemon [_thread_blocked, id=23980, stack(0x0000000eb8700000,0x0000000eb8800000)]
  0x00000148224f3000 JavaThread "dispatcher-BlockManagerEndpoint1" daemon [_thread_blocked, id=10468, stack(0x0000000eb8800000,0x0000000eb8900000)]
  0x00000148224f6000 JavaThread "RemoteBlock-temp-file-clean-thread" daemon [_thread_blocked, id=24252, stack(0x0000000eb8900000,0x0000000eb8a00000)]
  0x00000148224f1000 JavaThread "refresh progress" daemon [_thread_blocked, id=9732, stack(0x0000000eb8a00000,0x0000000eb8b00000)]
  0x00000148224f2000 JavaThread "SparkUI-40" daemon [_thread_in_native, id=7588, stack(0x0000000eb8b00000,0x0000000eb8c00000)]
  0x00000148224f3800 JavaThread "SparkUI-41" daemon [_thread_in_native, id=12152, stack(0x0000000eb8c00000,0x0000000eb8d00000)]
  0x00000148224f7000 JavaThread "SparkUI-42" daemon [_thread_in_native, id=2116, stack(0x0000000eb8d00000,0x0000000eb8e00000)]
  0x00000148224f4800 JavaThread "SparkUI-43" daemon [_thread_in_native, id=23836, stack(0x0000000eb8e00000,0x0000000eb8f00000)]
  0x00000148224fa000 JavaThread "SparkUI-44-acceptor-0@69b1f41b-ServerConnector@6776075d{HTTP/1.1, (http/1.1)}{0.0.0.0:4040}" daemon [_thread_in_native, id=19224, stack(0x0000000eb8f00000,0x0000000eb9000000)]
  0x00000148224fc800 JavaThread "SparkUI-45" daemon [_thread_blocked, id=8160, stack(0x0000000eb9000000,0x0000000eb9100000)]
  0x00000148224f9800 JavaThread "SparkUI-46" daemon [_thread_blocked, id=19712, stack(0x0000000eb9100000,0x0000000eb9200000)]
  0x00000148224fd800 JavaThread "SparkUI-47" daemon [_thread_blocked, id=9000, stack(0x0000000eb9200000,0x0000000eb9300000)]
  0x00000148224fb000 JavaThread "heartbeat-receiver-event-loop-thread" daemon [_thread_blocked, id=13280, stack(0x0000000eb9400000,0x0000000eb9500000)]
  0x00000148224f7800 JavaThread "netty-rpc-env-timeout" daemon [_thread_blocked, id=22256, stack(0x0000000eb9500000,0x0000000eb9600000)]
  0x00000148224fe000 JavaThread "Timer-0" daemon [_thread_blocked, id=7840, stack(0x0000000eb9600000,0x0000000eb9700000)]
  0x00000148224fc000 JavaThread "Timer-1" daemon [_thread_blocked, id=2224, stack(0x0000000eb9700000,0x0000000eb9800000)]
  0x00000148224f8800 JavaThread "dag-scheduler-event-loop" daemon [_thread_blocked, id=13204, stack(0x0000000eb9800000,0x0000000eb9900000)]
  0x000001481fe27000 JavaThread "driver-heartbeater" daemon [_thread_blocked, id=12272, stack(0x0000000eb9900000,0x0000000eb9a00000)]
  0x000001481fe27800 JavaThread "executor-heartbeater" daemon [_thread_blocked, id=7328, stack(0x0000000eb9a00000,0x0000000eb9b00000)]
  0x000001481fe28800 JavaThread "shuffle-boss-6-1" daemon [_thread_in_native, id=14760, stack(0x0000000eb9b00000,0x0000000eb9c00000)]
  0x000001481fe29800 JavaThread "Spark Context Cleaner" daemon [_thread_blocked, id=21712, stack(0x0000000eb9300000,0x0000000eb9400000)]
  0x000001481fe23800 JavaThread "context-cleaner-periodic-gc" daemon [_thread_blocked, id=2360, stack(0x0000000eb9c00000,0x0000000eb9d00000)]
  0x000001481fe2a000 JavaThread "spark-listener-group-appStatus" daemon [_thread_blocked, id=15324, stack(0x0000000eb9d00000,0x0000000eb9e00000)]
  0x000001481fe24800 JavaThread "spark-listener-group-executorManagement" daemon [_thread_blocked, id=20072, stack(0x0000000eb9e00000,0x0000000eb9f00000)]
  0x000001481fe2b000 JavaThread "element-tracking-store-worker" daemon [_thread_blocked, id=2900, stack(0x0000000eba000000,0x0000000eba100000)]
  0x000001481fe26000 JavaThread "spark-listener-group-shared" daemon [_thread_blocked, id=18792, stack(0x0000000eb9f00000,0x0000000eba000000)]
  0x000001481fe30800 JavaThread "org.apache.hadoop.fs.FileSystem$Statistics$StatisticsDataReferenceCleaner" daemon [_thread_blocked, id=16660, stack(0x0000000eba100000,0x0000000eba200000)]
  0x000001481fe32800 JavaThread "Executor task launch worker for task 0.0 in stage 3.0 (TID 3)" daemon [_thread_blocked, id=24040, stack(0x0000000eba200000,0x0000000eba300000)]
  0x000001481fe2c800 JavaThread "task-result-getter-0" daemon [_thread_blocked, id=7996, stack(0x0000000eba300000,0x0000000eba400000)]
=>0x00000148243f7000 JavaThread "C2 CompilerThread1" daemon [_thread_in_native, id=19736, stack(0x0000000eba400000,0x0000000eba500000)]
  0x00000148243f9800 JavaThread "C2 CompilerThread2" daemon [_thread_blocked, id=24276, stack(0x0000000eba500000,0x0000000eba600000)]
  0x000001481fe2e800 JavaThread "task-result-getter-1" daemon [_thread_blocked, id=22240, stack(0x0000000eba600000,0x0000000eba700000)]
  0x000001481fe2d800 JavaThread "task-result-getter-2" daemon [_thread_blocked, id=24000, stack(0x0000000eba700000,0x0000000eba800000)]
  0x000001481fe2f000 JavaThread "task-result-getter-3" daemon [_thread_blocked, id=8188, stack(0x0000000eba800000,0x0000000eba900000)]

Other Threads:
  0x000001481e691800 VMThread "VM Thread" [stack: 0x0000000eb6000000,0x0000000eb6100000] [id=23928]
  0x000001481e9c4800 WatcherThread [stack: 0x0000000eb6900000,0x0000000eb6a00000] [id=16060]
  0x000001480243c800 GCTaskThread "GC Thread#0" [stack: 0x0000000eb5b00000,0x0000000eb5c00000] [id=22068]
  0x000001481f94f000 GCTaskThread "GC Thread#1" [stack: 0x0000000eb6c00000,0x0000000eb6d00000] [id=16416]
  0x000001481f53e000 GCTaskThread "GC Thread#2" [stack: 0x0000000eb6d00000,0x0000000eb6e00000] [id=20452]
  0x000001481f53f000 GCTaskThread "GC Thread#3" [stack: 0x0000000eb6e00000,0x0000000eb6f00000] [id=14832]
  0x000001481f427800 GCTaskThread "GC Thread#4" [stack: 0x0000000eb6f00000,0x0000000eb7000000] [id=22868]
  0x000001481f428000 GCTaskThread "GC Thread#5" [stack: 0x0000000eb7000000,0x0000000eb7100000] [id=4724]
  0x00000148224a9000 GCTaskThread "GC Thread#6" [stack: 0x0000000eb7200000,0x0000000eb7300000] [id=20236]
  0x00000148222cb000 GCTaskThread "GC Thread#7" [stack: 0x0000000eb7500000,0x0000000eb7600000] [id=21632]
  0x0000014802456000 ConcurrentGCThread "G1 Main Marker" [stack: 0x0000000eb5c00000,0x0000000eb5d00000] [id=21740]
  0x0000014802458800 ConcurrentGCThread "G1 Conc#0" [stack: 0x0000000eb5d00000,0x0000000eb5e00000] [id=8888]
  0x00000148212fa000 ConcurrentGCThread "G1 Conc#1" [stack: 0x0000000eb7100000,0x0000000eb7200000] [id=15692]
  0x00000148024de800 ConcurrentGCThread "G1 Refine#0" [stack: 0x0000000eb5e00000,0x0000000eb5f00000] [id=22416]
  0x000001481dce3000 ConcurrentGCThread "G1 Young RemSet Sampling" [stack: 0x0000000eb5f00000,0x0000000eb6000000] [id=19436]

Threads with active compile tasks:
C2 CompilerThread1  21441 7173       4       java.lang.PublicMethods::merge (81 bytes)

VM state:not at safepoint (normal execution)

VM Mutex/Monitor currently owned by a thread: None

Heap address: 0x00000000c0000000, size: 1024 MB, Compressed Oops mode: 32-bit
Narrow klass base: 0x0000000000000000, Narrow klass shift: 3
Compressed class space size: 1073741824 Address: 0x0000000100000000

Heap:
 garbage-first heap   total 262144K, used 208536K [0x00000000c0000000, 0x0000000100000000)
  region size 1024K, 108 young (110592K), 12 survivors (12288K)
 Metaspace       used 103889K, capacity 108785K, committed 109104K, reserved 1140736K
  class space    used 14908K, capacity 17424K, committed 17536K, reserved 1048576K
Heap Regions: E=young(eden), S=young(survivor), O=old, HS=humongous(starts), HC=humongous(continues), CS=collection set, F=free, A=archive, TAMS=top-at-mark-start (previous, next)
|   0|0x00000000c0000000, 0x00000000c0100000, 0x00000000c0100000|100%|HS|  |TAMS 0x00000000c0100000, 0x00000000c0000000| Complete 
|   1|0x00000000c0100000, 0x00000000c0200000, 0x00000000c0200000|100%|HS|  |TAMS 0x00000000c0200000, 0x00000000c0100000| Complete 
|   2|0x00000000c0200000, 0x00000000c0300000, 0x00000000c0300000|100%|HS|  |TAMS 0x00000000c0300000, 0x00000000c0200000| Complete 
|   3|0x00000000c0300000, 0x00000000c0400000, 0x00000000c0400000|100%|HS|  |TAMS 0x00000000c0400000, 0x00000000c0300000| Complete 
|   4|0x00000000c0400000, 0x00000000c0500000, 0x00000000c0500000|100%|HC|  |TAMS 0x00000000c0500000, 0x00000000c0400000| Complete 
|   5|0x00000000c0500000, 0x00000000c0600000, 0x00000000c0600000|100%|HC|  |TAMS 0x00000000c0600000, 0x00000000c0500000| Complete 
|   6|0x00000000c0600000, 0x00000000c0700000, 0x00000000c0700000|100%|HC|  |TAMS 0x00000000c0700000, 0x00000000c0600000| Complete 
|   7|0x00000000c0700000, 0x00000000c0800000, 0x00000000c0800000|100%|HS|  |TAMS 0x00000000c0800000, 0x00000000c0700000| Complete 
|   8|0x00000000c0800000, 0x00000000c0900000, 0x00000000c0900000|100%|HC|  |TAMS 0x00000000c0900000, 0x00000000c0800000| Complete 
|   9|0x00000000c0900000, 0x00000000c0a00000, 0x00000000c0a00000|100%|HC|  |TAMS 0x00000000c0a00000, 0x00000000c0900000| Complete 
|  10|0x00000000c0a00000, 0x00000000c0b00000, 0x00000000c0b00000|100%|HC|  |TAMS 0x00000000c0b00000, 0x00000000c0a00000| Complete 
|  11|0x00000000c0b00000, 0x00000000c0c00000, 0x00000000c0c00000|100%|HC|  |TAMS 0x00000000c0c00000, 0x00000000c0b00000| Complete 
|  12|0x00000000c0c00000, 0x00000000c0d00000, 0x00000000c0d00000|100%|HS|  |TAMS 0x00000000c0d00000, 0x00000000c0c00000| Complete 
|  13|0x00000000c0d00000, 0x00000000c0e00000, 0x00000000c0e00000|100%|HC|  |TAMS 0x00000000c0e00000, 0x00000000c0d00000| Complete 
|  14|0x00000000c0e00000, 0x00000000c0f00000, 0x00000000c0f00000|100%| O|  |TAMS 0x00000000c0f00000, 0x00000000c0e00000| Untracked 
|  15|0x00000000c0f00000, 0x00000000c1000000, 0x00000000c1000000|100%| O|  |TAMS 0x00000000c1000000, 0x00000000c0f00000| Untracked 
|  16|0x00000000c1000000, 0x00000000c1100000, 0x00000000c1100000|100%| O|  |TAMS 0x00000000c1100000, 0x00000000c1000000| Untracked 
|  17|0x00000000c1100000, 0x00000000c1200000, 0x00000000c1200000|100%| O|  |TAMS 0x00000000c1200000, 0x00000000c1100000| Untracked 
|  18|0x00000000c1200000, 0x00000000c1300000, 0x00000000c1300000|100%| O|  |TAMS 0x00000000c1300000, 0x00000000c1200000| Untracked 
|  19|0x00000000c1300000, 0x00000000c1400000, 0x00000000c1400000|100%| O|  |TAMS 0x00000000c1400000, 0x00000000c1300000| Untracked 
|  20|0x00000000c1400000, 0x00000000c1500000, 0x00000000c1500000|100%| O|  |TAMS 0x00000000c1500000, 0x00000000c1400000| Untracked 
|  21|0x00000000c1500000, 0x00000000c1600000, 0x00000000c1600000|100%| O|  |TAMS 0x00000000c1600000, 0x00000000c1500000| Untracked 
|  22|0x00000000c1600000, 0x00000000c1700000, 0x00000000c1700000|100%| O|  |TAMS 0x00000000c1700000, 0x00000000c1600000| Untracked 
|  23|0x00000000c1700000, 0x00000000c1800000, 0x00000000c1800000|100%| O|  |TAMS 0x00000000c1800000, 0x00000000c1700000| Untracked 
|  24|0x00000000c1800000, 0x00000000c1900000, 0x00000000c1900000|100%| O|  |TAMS 0x00000000c1900000, 0x00000000c1800000| Untracked 
|  25|0x00000000c1900000, 0x00000000c1a00000, 0x00000000c1a00000|100%| O|  |TAMS 0x00000000c1a00000, 0x00000000c1900000| Untracked 
|  26|0x00000000c1a00000, 0x00000000c1b00000, 0x00000000c1b00000|100%| O|  |TAMS 0x00000000c1b00000, 0x00000000c1a00000| Untracked 
|  27|0x00000000c1b00000, 0x00000000c1c00000, 0x00000000c1c00000|100%| O|  |TAMS 0x00000000c1c00000, 0x00000000c1b00000| Untracked 
|  28|0x00000000c1c00000, 0x00000000c1d00000, 0x00000000c1d00000|100%| O|  |TAMS 0x00000000c1d00000, 0x00000000c1c00000| Untracked 
|  29|0x00000000c1d00000, 0x00000000c1e00000, 0x00000000c1e00000|100%| O|  |TAMS 0x00000000c1e00000, 0x00000000c1d00000| Untracked 
|  30|0x00000000c1e00000, 0x00000000c1f00000, 0x00000000c1f00000|100%| O|  |TAMS 0x00000000c1f00000, 0x00000000c1e00000| Untracked 
|  31|0x00000000c1f00000, 0x00000000c2000000, 0x00000000c2000000|100%| O|  |TAMS 0x00000000c2000000, 0x00000000c1f00000| Untracked 
|  32|0x00000000c2000000, 0x00000000c2100000, 0x00000000c2100000|100%| O|  |TAMS 0x00000000c2100000, 0x00000000c2000000| Untracked 
|  33|0x00000000c2100000, 0x00000000c2200000, 0x00000000c2200000|100%| O|  |TAMS 0x00000000c2200000, 0x00000000c2100000| Untracked 
|  34|0x00000000c2200000, 0x00000000c2300000, 0x00000000c2300000|100%| O|  |TAMS 0x00000000c2300000, 0x00000000c2200000| Untracked 
|  35|0x00000000c2300000, 0x00000000c2400000, 0x00000000c2400000|100%| O|  |TAMS 0x00000000c2400000, 0x00000000c2300000| Untracked 
|  36|0x00000000c2400000, 0x00000000c2500000, 0x00000000c2500000|100%| O|  |TAMS 0x00000000c2500000, 0x00000000c2400000| Untracked 
|  37|0x00000000c2500000, 0x00000000c2600000, 0x00000000c2600000|100%|HS|  |TAMS 0x00000000c2500000, 0x00000000c2500000| Complete 
|  38|0x00000000c2600000, 0x00000000c2700000, 0x00000000c2700000|100%|HC|  |TAMS 0x00000000c2600000, 0x00000000c2600000| Complete 
|  39|0x00000000c2700000, 0x00000000c2800000, 0x00000000c2800000|100%|HC|  |TAMS 0x00000000c2700000, 0x00000000c2700000| Complete 
|  40|0x00000000c2800000, 0x00000000c2900000, 0x00000000c2900000|100%|HC|  |TAMS 0x00000000c2800000, 0x00000000c2800000| Complete 
|  41|0x00000000c2900000, 0x00000000c2a00000, 0x00000000c2a00000|100%|HC|  |TAMS 0x00000000c2900000, 0x00000000c2900000| Complete 
|  42|0x00000000c2a00000, 0x00000000c2b00000, 0x00000000c2b00000|100%| O|  |TAMS 0x00000000c2b00000, 0x00000000c2a00000| Untracked 
|  43|0x00000000c2b00000, 0x00000000c2c00000, 0x00000000c2c00000|100%| O|  |TAMS 0x00000000c2c00000, 0x00000000c2b00000| Untracked 
|  44|0x00000000c2c00000, 0x00000000c2d00000, 0x00000000c2d00000|100%| O|  |TAMS 0x00000000c2d00000, 0x00000000c2c00000| Untracked 
|  45|0x00000000c2d00000, 0x00000000c2e00000, 0x00000000c2e00000|100%| O|  |TAMS 0x00000000c2e00000, 0x00000000c2d00000| Untracked 
|  46|0x00000000c2e00000, 0x00000000c2e5f200, 0x00000000c2f00000| 37%| O|  |TAMS 0x00000000c2e5f200, 0x00000000c2e00000| Untracked 
|  47|0x00000000c2f00000, 0x00000000c3000000, 0x00000000c3000000|100%|HS|  |TAMS 0x00000000c2f00000, 0x00000000c2f00000| Complete 
|  48|0x00000000c3000000, 0x00000000c3100000, 0x00000000c3100000|100%|HC|  |TAMS 0x00000000c3000000, 0x00000000c3000000| Complete 
|  49|0x00000000c3100000, 0x00000000c3200000, 0x00000000c3200000|100%|HC|  |TAMS 0x00000000c3100000, 0x00000000c3100000| Complete 
|  50|0x00000000c3200000, 0x00000000c3300000, 0x00000000c3300000|100%|HS|  |TAMS 0x00000000c3200000, 0x00000000c3200000| Complete 
|  51|0x00000000c3300000, 0x00000000c3400000, 0x00000000c3400000|100%|HC|  |TAMS 0x00000000c3300000, 0x00000000c3300000| Complete 
|  52|0x00000000c3400000, 0x00000000c3500000, 0x00000000c3500000|100%|HC|  |TAMS 0x00000000c3400000, 0x00000000c3400000| Complete 
|  53|0x00000000c3500000, 0x00000000c3600000, 0x00000000c3600000|100%|HC|  |TAMS 0x00000000c3500000, 0x00000000c3500000| Complete 
|  54|0x00000000c3600000, 0x00000000c3700000, 0x00000000c3700000|100%|HC|  |TAMS 0x00000000c3600000, 0x00000000c3600000| Complete 
|  55|0x00000000c3700000, 0x00000000c3800000, 0x00000000c3800000|100%|HS|  |TAMS 0x00000000c3700000, 0x00000000c3700000| Complete 
|  56|0x00000000c3800000, 0x00000000c3900000, 0x00000000c3900000|100%|HC|  |TAMS 0x00000000c3800000, 0x00000000c3800000| Complete 
|  57|0x00000000c3900000, 0x00000000c3a00000, 0x00000000c3a00000|100%|HC|  |TAMS 0x00000000c3900000, 0x00000000c3900000| Complete 
|  58|0x00000000c3a00000, 0x00000000c3b00000, 0x00000000c3b00000|100%|HC|  |TAMS 0x00000000c3a00000, 0x00000000c3a00000| Complete 
|  59|0x00000000c3b00000, 0x00000000c3c00000, 0x00000000c3c00000|100%|HC|  |TAMS 0x00000000c3b00000, 0x00000000c3b00000| Complete 
|  60|0x00000000c3c00000, 0x00000000c3d00000, 0x00000000c3d00000|100%|HS|  |TAMS 0x00000000c3c00000, 0x00000000c3c00000| Complete 
|  61|0x00000000c3d00000, 0x00000000c3e00000, 0x00000000c3e00000|100%|HC|  |TAMS 0x00000000c3d00000, 0x00000000c3d00000| Complete 
|  62|0x00000000c3e00000, 0x00000000c3f00000, 0x00000000c3f00000|100%|HC|  |TAMS 0x00000000c3e00000, 0x00000000c3e00000| Complete 
|  63|0x00000000c3f00000, 0x00000000c4000000, 0x00000000c4000000|100%|HC|  |TAMS 0x00000000c3f00000, 0x00000000c3f00000| Complete 
|  64|0x00000000c4000000, 0x00000000c4100000, 0x00000000c4100000|100%|HC|  |TAMS 0x00000000c4000000, 0x00000000c4000000| Complete 
|  65|0x00000000c4100000, 0x00000000c4200000, 0x00000000c4200000|100%|HS|  |TAMS 0x00000000c4100000, 0x00000000c4100000| Complete 
|  66|0x00000000c4200000, 0x00000000c4300000, 0x00000000c4300000|100%|HC|  |TAMS 0x00000000c4200000, 0x00000000c4200000| Complete 
|  67|0x00000000c4300000, 0x00000000c4400000, 0x00000000c4400000|100%|HC|  |TAMS 0x00000000c4300000, 0x00000000c4300000| Complete 
|  68|0x00000000c4400000, 0x00000000c4500000, 0x00000000c4500000|100%|HS|  |TAMS 0x00000000c4400000, 0x00000000c4400000| Complete 
|  69|0x00000000c4500000, 0x00000000c4600000, 0x00000000c4600000|100%|HC|  |TAMS 0x00000000c4500000, 0x00000000c4500000| Complete 
|  70|0x00000000c4600000, 0x00000000c4700000, 0x00000000c4700000|100%|HC|  |TAMS 0x00000000c4600000, 0x00000000c4600000| Complete 
|  71|0x00000000c4700000, 0x00000000c4800000, 0x00000000c4800000|100%|HC|  |TAMS 0x00000000c4700000, 0x00000000c4700000| Complete 
|  72|0x00000000c4800000, 0x00000000c4900000, 0x00000000c4900000|100%|HC|  |TAMS 0x00000000c4800000, 0x00000000c4800000| Complete 
|  73|0x00000000c4900000, 0x00000000c4a00000, 0x00000000c4a00000|100%|HS|  |TAMS 0x00000000c4900000, 0x00000000c4900000| Complete 
|  74|0x00000000c4a00000, 0x00000000c4b00000, 0x00000000c4b00000|100%|HC|  |TAMS 0x00000000c4a00000, 0x00000000c4a00000| Complete 
|  75|0x00000000c4b00000, 0x00000000c4c00000, 0x00000000c4c00000|100%|HC|  |TAMS 0x00000000c4b00000, 0x00000000c4b00000| Complete 
|  76|0x00000000c4c00000, 0x00000000c4d00000, 0x00000000c4d00000|100%|HC|  |TAMS 0x00000000c4c00000, 0x00000000c4c00000| Complete 
|  77|0x00000000c4d00000, 0x00000000c4e00000, 0x00000000c4e00000|100%|HC|  |TAMS 0x00000000c4d00000, 0x00000000c4d00000| Complete 
|  78|0x00000000c4e00000, 0x00000000c4f00000, 0x00000000c4f00000|100%|HS|  |TAMS 0x00000000c4e00000, 0x00000000c4e00000| Complete 
|  79|0x00000000c4f00000, 0x00000000c5000000, 0x00000000c5000000|100%|HC|  |TAMS 0x00000000c4f00000, 0x00000000c4f00000| Complete 
|  80|0x00000000c5000000, 0x00000000c5100000, 0x00000000c5100000|100%|HC|  |TAMS 0x00000000c5000000, 0x00000000c5000000| Complete 
|  81|0x00000000c5100000, 0x00000000c5200000, 0x00000000c5200000|100%|HS|  |TAMS 0x00000000c5100000, 0x00000000c5100000| Complete 
|  82|0x00000000c5200000, 0x00000000c5300000, 0x00000000c5300000|100%|HC|  |TAMS 0x00000000c5200000, 0x00000000c5200000| Complete 
|  83|0x00000000c5300000, 0x00000000c5400000, 0x00000000c5400000|100%|HC|  |TAMS 0x00000000c5300000, 0x00000000c5300000| Complete 
|  84|0x00000000c5400000, 0x00000000c5500000, 0x00000000c5500000|100%|HC|  |TAMS 0x00000000c5400000, 0x00000000c5400000| Complete 
|  85|0x00000000c5500000, 0x00000000c5600000, 0x00000000c5600000|100%|HC|  |TAMS 0x00000000c5500000, 0x00000000c5500000| Complete 
|  86|0x00000000c5600000, 0x00000000c5700000, 0x00000000c5700000|100%|HS|  |TAMS 0x00000000c5600000, 0x00000000c5600000| Complete 
|  87|0x00000000c5700000, 0x00000000c5800000, 0x00000000c5800000|100%|HC|  |TAMS 0x00000000c5700000, 0x00000000c5700000| Complete 
|  88|0x00000000c5800000, 0x00000000c5900000, 0x00000000c5900000|100%|HC|  |TAMS 0x00000000c5800000, 0x00000000c5800000| Complete 
|  89|0x00000000c5900000, 0x00000000c5a00000, 0x00000000c5a00000|100%|HC|  |TAMS 0x00000000c5900000, 0x00000000c5900000| Complete 
|  90|0x00000000c5a00000, 0x00000000c5b00000, 0x00000000c5b00000|100%|HC|  |TAMS 0x00000000c5a00000, 0x00000000c5a00000| Complete 
|  91|0x00000000c5b00000, 0x00000000c5c00000, 0x00000000c5c00000|100%|HS|  |TAMS 0x00000000c5b00000, 0x00000000c5b00000| Complete 
|  92|0x00000000c5c00000, 0x00000000c5d00000, 0x00000000c5d00000|100%|HC|  |TAMS 0x00000000c5c00000, 0x00000000c5c00000| Complete 
|  93|0x00000000c5d00000, 0x00000000c5e00000, 0x00000000c5e00000|100%|HC|  |TAMS 0x00000000c5d00000, 0x00000000c5d00000| Complete 
|  94|0x00000000c5e00000, 0x00000000c5f00000, 0x00000000c5f00000|100%|HC|  |TAMS 0x00000000c5e00000, 0x00000000c5e00000| Complete 
|  95|0x00000000c5f00000, 0x00000000c6000000, 0x00000000c6000000|100%|HC|  |TAMS 0x00000000c5f00000, 0x00000000c5f00000| Complete 
|  96|0x00000000c6000000, 0x00000000c6100000, 0x00000000c6100000|100%|HS|  |TAMS 0x00000000c6000000, 0x00000000c6000000| Complete 
|  97|0x00000000c6100000, 0x00000000c6200000, 0x00000000c6200000|100%|HC|  |TAMS 0x00000000c6100000, 0x00000000c6100000| Complete 
|  98|0x00000000c6200000, 0x00000000c6300000, 0x00000000c6300000|100%|HC|  |TAMS 0x00000000c6200000, 0x00000000c6200000| Complete 
|  99|0x00000000c6300000, 0x00000000c6300000, 0x00000000c6400000|  0%| F|  |TAMS 0x00000000c6300000, 0x00000000c6300000| Untracked 
| 100|0x00000000c6400000, 0x00000000c6400000, 0x00000000c6500000|  0%| F|  |TAMS 0x00000000c6400000, 0x00000000c6400000| Untracked 
| 101|0x00000000c6500000, 0x00000000c6500000, 0x00000000c6600000|  0%| F|  |TAMS 0x00000000c6500000, 0x00000000c6500000| Untracked 
| 102|0x00000000c6600000, 0x00000000c6600000, 0x00000000c6700000|  0%| F|  |TAMS 0x00000000c6600000, 0x00000000c6600000| Untracked 
| 103|0x00000000c6700000, 0x00000000c6700000, 0x00000000c6800000|  0%| F|  |TAMS 0x00000000c6700000, 0x00000000c6700000| Untracked 
| 104|0x00000000c6800000, 0x00000000c6800000, 0x00000000c6900000|  0%| F|  |TAMS 0x00000000c6800000, 0x00000000c6800000| Untracked 
| 105|0x00000000c6900000, 0x00000000c6900000, 0x00000000c6a00000|  0%| F|  |TAMS 0x00000000c6900000, 0x00000000c6900000| Untracked 
| 106|0x00000000c6a00000, 0x00000000c6a00000, 0x00000000c6b00000|  0%| F|  |TAMS 0x00000000c6a00000, 0x00000000c6a00000| Untracked 
| 107|0x00000000c6b00000, 0x00000000c6b00000, 0x00000000c6c00000|  0%| F|  |TAMS 0x00000000c6b00000, 0x00000000c6b00000| Untracked 
| 108|0x00000000c6c00000, 0x00000000c6c00000, 0x00000000c6d00000|  0%| F|  |TAMS 0x00000000c6c00000, 0x00000000c6c00000| Untracked 
| 109|0x00000000c6d00000, 0x00000000c6d00000, 0x00000000c6e00000|  0%| F|  |TAMS 0x00000000c6d00000, 0x00000000c6d00000| Untracked 
| 110|0x00000000c6e00000, 0x00000000c6e00000, 0x00000000c6f00000|  0%| F|  |TAMS 0x00000000c6e00000, 0x00000000c6e00000| Untracked 
| 111|0x00000000c6f00000, 0x00000000c6f00000, 0x00000000c7000000|  0%| F|  |TAMS 0x00000000c6f00000, 0x00000000c6f00000| Untracked 
| 112|0x00000000c7000000, 0x00000000c7000000, 0x00000000c7100000|  0%| F|  |TAMS 0x00000000c7000000, 0x00000000c7000000| Untracked 
| 113|0x00000000c7100000, 0x00000000c7100000, 0x00000000c7200000|  0%| F|  |TAMS 0x00000000c7100000, 0x00000000c7100000| Untracked 
| 114|0x00000000c7200000, 0x00000000c7200000, 0x00000000c7300000|  0%| F|  |TAMS 0x00000000c7200000, 0x00000000c7200000| Untracked 
| 115|0x00000000c7300000, 0x00000000c7300000, 0x00000000c7400000|  0%| F|  |TAMS 0x00000000c7300000, 0x00000000c7300000| Untracked 
| 116|0x00000000c7400000, 0x00000000c7400000, 0x00000000c7500000|  0%| F|  |TAMS 0x00000000c7400000, 0x00000000c7400000| Untracked 
| 117|0x00000000c7500000, 0x00000000c7500000, 0x00000000c7600000|  0%| F|  |TAMS 0x00000000c7500000, 0x00000000c7500000| Untracked 
| 118|0x00000000c7600000, 0x00000000c7600000, 0x00000000c7700000|  0%| F|  |TAMS 0x00000000c7600000, 0x00000000c7600000| Untracked 
| 119|0x00000000c7700000, 0x00000000c7700000, 0x00000000c7800000|  0%| F|  |TAMS 0x00000000c7700000, 0x00000000c7700000| Untracked 
| 120|0x00000000c7800000, 0x00000000c7800000, 0x00000000c7900000|  0%| F|  |TAMS 0x00000000c7800000, 0x00000000c7800000| Untracked 
| 121|0x00000000c7900000, 0x00000000c7900000, 0x00000000c7a00000|  0%| F|  |TAMS 0x00000000c7900000, 0x00000000c7900000| Untracked 
| 122|0x00000000c7a00000, 0x00000000c7a00000, 0x00000000c7b00000|  0%| F|  |TAMS 0x00000000c7a00000, 0x00000000c7a00000| Untracked 
| 123|0x00000000c7b00000, 0x00000000c7b00000, 0x00000000c7c00000|  0%| F|  |TAMS 0x00000000c7b00000, 0x00000000c7b00000| Untracked 
| 124|0x00000000c7c00000, 0x00000000c7c00000, 0x00000000c7d00000|  0%| F|  |TAMS 0x00000000c7c00000, 0x00000000c7c00000| Untracked 
| 125|0x00000000c7d00000, 0x00000000c7d00000, 0x00000000c7e00000|  0%| F|  |TAMS 0x00000000c7d00000, 0x00000000c7d00000| Untracked 
| 126|0x00000000c7e00000, 0x00000000c7e00000, 0x00000000c7f00000|  0%| F|  |TAMS 0x00000000c7e00000, 0x00000000c7e00000| Untracked 
| 127|0x00000000c7f00000, 0x00000000c7f00000, 0x00000000c8000000|  0%| F|  |TAMS 0x00000000c7f00000, 0x00000000c7f00000| Untracked 
| 128|0x00000000c8000000, 0x00000000c8000000, 0x00000000c8100000|  0%| F|  |TAMS 0x00000000c8000000, 0x00000000c8000000| Untracked 
| 129|0x00000000c8100000, 0x00000000c8100000, 0x00000000c8200000|  0%| F|  |TAMS 0x00000000c8100000, 0x00000000c8100000| Untracked 
| 130|0x00000000c8200000, 0x00000000c8200000, 0x00000000c8300000|  0%| F|  |TAMS 0x00000000c8200000, 0x00000000c8200000| Untracked 
| 131|0x00000000c8300000, 0x00000000c8300000, 0x00000000c8400000|  0%| F|  |TAMS 0x00000000c8300000, 0x00000000c8300000| Untracked 
| 132|0x00000000c8400000, 0x00000000c8400000, 0x00000000c8500000|  0%| F|  |TAMS 0x00000000c8400000, 0x00000000c8400000| Untracked 
| 133|0x00000000c8500000, 0x00000000c8500000, 0x00000000c8600000|  0%| F|  |TAMS 0x00000000c8500000, 0x00000000c8500000| Untracked 
| 134|0x00000000c8600000, 0x00000000c8600000, 0x00000000c8700000|  0%| F|  |TAMS 0x00000000c8600000, 0x00000000c8600000| Untracked 
| 135|0x00000000c8700000, 0x00000000c8700000, 0x00000000c8800000|  0%| F|  |TAMS 0x00000000c8700000, 0x00000000c8700000| Untracked 
| 136|0x00000000c8800000, 0x00000000c8800000, 0x00000000c8900000|  0%| F|  |TAMS 0x00000000c8800000, 0x00000000c8800000| Untracked 
| 137|0x00000000c8900000, 0x00000000c8900000, 0x00000000c8a00000|  0%| F|  |TAMS 0x00000000c8900000, 0x00000000c8900000| Untracked 
| 138|0x00000000c8a00000, 0x00000000c8a00000, 0x00000000c8b00000|  0%| F|  |TAMS 0x00000000c8a00000, 0x00000000c8a00000| Untracked 
| 139|0x00000000c8b00000, 0x00000000c8b00000, 0x00000000c8c00000|  0%| F|  |TAMS 0x00000000c8b00000, 0x00000000c8b00000| Untracked 
| 140|0x00000000c8c00000, 0x00000000c8c00000, 0x00000000c8d00000|  0%| F|  |TAMS 0x00000000c8c00000, 0x00000000c8c00000| Untracked 
| 141|0x00000000c8d00000, 0x00000000c8d00000, 0x00000000c8e00000|  0%| F|  |TAMS 0x00000000c8d00000, 0x00000000c8d00000| Untracked 
| 142|0x00000000c8e00000, 0x00000000c8e00000, 0x00000000c8f00000|  0%| F|  |TAMS 0x00000000c8e00000, 0x00000000c8e00000| Untracked 
| 143|0x00000000c8f00000, 0x00000000c8f00000, 0x00000000c9000000|  0%| F|  |TAMS 0x00000000c8f00000, 0x00000000c8f00000| Untracked 
| 144|0x00000000c9000000, 0x00000000c9000000, 0x00000000c9100000|  0%| F|  |TAMS 0x00000000c9000000, 0x00000000c9000000| Untracked 
| 145|0x00000000c9100000, 0x00000000c9100000, 0x00000000c9200000|  0%| F|  |TAMS 0x00000000c9100000, 0x00000000c9100000| Untracked 
| 146|0x00000000c9200000, 0x00000000c9200000, 0x00000000c9300000|  0%| F|  |TAMS 0x00000000c9200000, 0x00000000c9200000| Untracked 
| 147|0x00000000c9300000, 0x00000000c9300000, 0x00000000c9400000|  0%| F|  |TAMS 0x00000000c9300000, 0x00000000c9300000| Untracked 
| 148|0x00000000c9400000, 0x00000000c9500000, 0x00000000c9500000|100%| E|  |TAMS 0x00000000c9400000, 0x00000000c9400000| Complete 
| 149|0x00000000c9500000, 0x00000000c9600000, 0x00000000c9600000|100%| E|CS|TAMS 0x00000000c9500000, 0x00000000c9500000| Complete 
| 150|0x00000000c9600000, 0x00000000c9700000, 0x00000000c9700000|100%| E|CS|TAMS 0x00000000c9600000, 0x00000000c9600000| Complete 
| 151|0x00000000c9700000, 0x00000000c9800000, 0x00000000c9800000|100%| E|CS|TAMS 0x00000000c9700000, 0x00000000c9700000| Complete 
| 152|0x00000000c9800000, 0x00000000c9900000, 0x00000000c9900000|100%| E|CS|TAMS 0x00000000c9800000, 0x00000000c9800000| Complete 
| 153|0x00000000c9900000, 0x00000000c9a00000, 0x00000000c9a00000|100%| E|CS|TAMS 0x00000000c9900000, 0x00000000c9900000| Complete 
| 154|0x00000000c9a00000, 0x00000000c9b00000, 0x00000000c9b00000|100%| E|CS|TAMS 0x00000000c9a00000, 0x00000000c9a00000| Complete 
| 155|0x00000000c9b00000, 0x00000000c9c00000, 0x00000000c9c00000|100%| E|CS|TAMS 0x00000000c9b00000, 0x00000000c9b00000| Complete 
| 156|0x00000000c9c00000, 0x00000000c9d00000, 0x00000000c9d00000|100%| E|CS|TAMS 0x00000000c9c00000, 0x00000000c9c00000| Complete 
| 157|0x00000000c9d00000, 0x00000000c9e00000, 0x00000000c9e00000|100%| E|CS|TAMS 0x00000000c9d00000, 0x00000000c9d00000| Complete 
| 158|0x00000000c9e00000, 0x00000000c9effdf8, 0x00000000c9f00000| 99%| E|  |TAMS 0x00000000c9e00000, 0x00000000c9e00000| Complete 
| 159|0x00000000c9f00000, 0x00000000ca000000, 0x00000000ca000000|100%| E|CS|TAMS 0x00000000c9f00000, 0x00000000c9f00000| Complete 
| 160|0x00000000ca000000, 0x00000000ca100000, 0x00000000ca100000|100%| E|CS|TAMS 0x00000000ca000000, 0x00000000ca000000| Complete 
| 161|0x00000000ca100000, 0x00000000ca200000, 0x00000000ca200000|100%| E|CS|TAMS 0x00000000ca100000, 0x00000000ca100000| Complete 
| 162|0x00000000ca200000, 0x00000000ca300000, 0x00000000ca300000|100%| E|CS|TAMS 0x00000000ca200000, 0x00000000ca200000| Complete 
| 163|0x00000000ca300000, 0x00000000ca400000, 0x00000000ca400000|100%| E|CS|TAMS 0x00000000ca300000, 0x00000000ca300000| Complete 
| 164|0x00000000ca400000, 0x00000000ca500000, 0x00000000ca500000|100%| E|CS|TAMS 0x00000000ca400000, 0x00000000ca400000| Complete 
| 165|0x00000000ca500000, 0x00000000ca600000, 0x00000000ca600000|100%| E|CS|TAMS 0x00000000ca500000, 0x00000000ca500000| Complete 
| 166|0x00000000ca600000, 0x00000000ca700000, 0x00000000ca700000|100%| E|CS|TAMS 0x00000000ca600000, 0x00000000ca600000| Complete 
| 167|0x00000000ca700000, 0x00000000ca800000, 0x00000000ca800000|100%| E|CS|TAMS 0x00000000ca700000, 0x00000000ca700000| Complete 
| 168|0x00000000ca800000, 0x00000000ca900000, 0x00000000ca900000|100%| E|CS|TAMS 0x00000000ca800000, 0x00000000ca800000| Complete 
| 169|0x00000000ca900000, 0x00000000caa00000, 0x00000000caa00000|100%| E|CS|TAMS 0x00000000ca900000, 0x00000000ca900000| Complete 
| 170|0x00000000caa00000, 0x00000000cab00000, 0x00000000cab00000|100%| E|CS|TAMS 0x00000000caa00000, 0x00000000caa00000| Complete 
| 171|0x00000000cab00000, 0x00000000cac00000, 0x00000000cac00000|100%| E|CS|TAMS 0x00000000cab00000, 0x00000000cab00000| Complete 
| 172|0x00000000cac00000, 0x00000000cad00000, 0x00000000cad00000|100%| E|CS|TAMS 0x00000000cac00000, 0x00000000cac00000| Complete 
| 173|0x00000000cad00000, 0x00000000cae00000, 0x00000000cae00000|100%| E|CS|TAMS 0x00000000cad00000, 0x00000000cad00000| Complete 
| 174|0x00000000cae00000, 0x00000000caf00000, 0x00000000caf00000|100%| E|CS|TAMS 0x00000000cae00000, 0x00000000cae00000| Complete 
| 175|0x00000000caf00000, 0x00000000cb000000, 0x00000000cb000000|100%| E|CS|TAMS 0x00000000caf00000, 0x00000000caf00000| Complete 
| 176|0x00000000cb000000, 0x00000000cb100000, 0x00000000cb100000|100%| E|CS|TAMS 0x00000000cb000000, 0x00000000cb000000| Complete 
| 177|0x00000000cb100000, 0x00000000cb200000, 0x00000000cb200000|100%| E|CS|TAMS 0x00000000cb100000, 0x00000000cb100000| Complete 
| 178|0x00000000cb200000, 0x00000000cb300000, 0x00000000cb300000|100%| E|CS|TAMS 0x00000000cb200000, 0x00000000cb200000| Complete 
| 179|0x00000000cb300000, 0x00000000cb400000, 0x00000000cb400000|100%| E|CS|TAMS 0x00000000cb300000, 0x00000000cb300000| Complete 
| 180|0x00000000cb400000, 0x00000000cb500000, 0x00000000cb500000|100%| E|CS|TAMS 0x00000000cb400000, 0x00000000cb400000| Complete 
| 181|0x00000000cb500000, 0x00000000cb600000, 0x00000000cb600000|100%| E|CS|TAMS 0x00000000cb500000, 0x00000000cb500000| Complete 
| 182|0x00000000cb600000, 0x00000000cb647158, 0x00000000cb700000| 27%| S|CS|TAMS 0x00000000cb600000, 0x00000000cb600000| Complete 
| 183|0x00000000cb700000, 0x00000000cb800000, 0x00000000cb800000|100%| S|CS|TAMS 0x00000000cb700000, 0x00000000cb700000| Complete 
| 184|0x00000000cb800000, 0x00000000cb900000, 0x00000000cb900000|100%| S|CS|TAMS 0x00000000cb800000, 0x00000000cb800000| Complete 
| 185|0x00000000cb900000, 0x00000000cba00000, 0x00000000cba00000|100%| S|CS|TAMS 0x00000000cb900000, 0x00000000cb900000| Complete 
| 186|0x00000000cba00000, 0x00000000cbb00000, 0x00000000cbb00000|100%| S|CS|TAMS 0x00000000cba00000, 0x00000000cba00000| Complete 
| 187|0x00000000cbb00000, 0x00000000cbc00000, 0x00000000cbc00000|100%| S|CS|TAMS 0x00000000cbb00000, 0x00000000cbb00000| Complete 
| 188|0x00000000cbc00000, 0x00000000cbd00000, 0x00000000cbd00000|100%| S|CS|TAMS 0x00000000cbc00000, 0x00000000cbc00000| Complete 
| 189|0x00000000cbd00000, 0x00000000cbe00000, 0x00000000cbe00000|100%| S|CS|TAMS 0x00000000cbd00000, 0x00000000cbd00000| Complete 
| 190|0x00000000cbe00000, 0x00000000cbf00000, 0x00000000cbf00000|100%| S|CS|TAMS 0x00000000cbe00000, 0x00000000cbe00000| Complete 
| 191|0x00000000cbf00000, 0x00000000cc000000, 0x00000000cc000000|100%| S|CS|TAMS 0x00000000cbf00000, 0x00000000cbf00000| Complete 
| 192|0x00000000cc000000, 0x00000000cc100000, 0x00000000cc100000|100%| S|CS|TAMS 0x00000000cc000000, 0x00000000cc000000| Complete 
| 193|0x00000000cc100000, 0x00000000cc200000, 0x00000000cc200000|100%| S|CS|TAMS 0x00000000cc100000, 0x00000000cc100000| Complete 
| 194|0x00000000cc200000, 0x00000000cc300000, 0x00000000cc300000|100%| E|CS|TAMS 0x00000000cc200000, 0x00000000cc200000| Complete 
| 195|0x00000000cc300000, 0x00000000cc400000, 0x00000000cc400000|100%| E|CS|TAMS 0x00000000cc300000, 0x00000000cc300000| Complete 
| 196|0x00000000cc400000, 0x00000000cc500000, 0x00000000cc500000|100%| E|CS|TAMS 0x00000000cc400000, 0x00000000cc400000| Complete 
| 197|0x00000000cc500000, 0x00000000cc600000, 0x00000000cc600000|100%| E|CS|TAMS 0x00000000cc500000, 0x00000000cc500000| Complete 
| 198|0x00000000cc600000, 0x00000000cc700000, 0x00000000cc700000|100%| E|CS|TAMS 0x00000000cc600000, 0x00000000cc600000| Complete 
| 199|0x00000000cc700000, 0x00000000cc800000, 0x00000000cc800000|100%| E|CS|TAMS 0x00000000cc700000, 0x00000000cc700000| Complete 
| 200|0x00000000cc800000, 0x00000000cc900000, 0x00000000cc900000|100%| E|CS|TAMS 0x00000000cc800000, 0x00000000cc800000| Complete 
| 201|0x00000000cc900000, 0x00000000cca00000, 0x00000000cca00000|100%| E|CS|TAMS 0x00000000cc900000, 0x00000000cc900000| Complete 
| 202|0x00000000cca00000, 0x00000000ccb00000, 0x00000000ccb00000|100%| E|CS|TAMS 0x00000000cca00000, 0x00000000cca00000| Complete 
| 203|0x00000000ccb00000, 0x00000000ccc00000, 0x00000000ccc00000|100%| E|CS|TAMS 0x00000000ccb00000, 0x00000000ccb00000| Complete 
| 204|0x00000000ccc00000, 0x00000000ccd00000, 0x00000000ccd00000|100%| E|CS|TAMS 0x00000000ccc00000, 0x00000000ccc00000| Complete 
| 205|0x00000000ccd00000, 0x00000000cce00000, 0x00000000cce00000|100%| E|CS|TAMS 0x00000000ccd00000, 0x00000000ccd00000| Complete 
| 206|0x00000000cce00000, 0x00000000ccf00000, 0x00000000ccf00000|100%| E|CS|TAMS 0x00000000cce00000, 0x00000000cce00000| Complete 
| 207|0x00000000ccf00000, 0x00000000cd000000, 0x00000000cd000000|100%| E|CS|TAMS 0x00000000ccf00000, 0x00000000ccf00000| Complete 
| 208|0x00000000cd000000, 0x00000000cd100000, 0x00000000cd100000|100%| E|CS|TAMS 0x00000000cd000000, 0x00000000cd000000| Complete 
| 209|0x00000000cd100000, 0x00000000cd200000, 0x00000000cd200000|100%| E|CS|TAMS 0x00000000cd100000, 0x00000000cd100000| Complete 
| 210|0x00000000cd200000, 0x00000000cd300000, 0x00000000cd300000|100%| E|CS|TAMS 0x00000000cd200000, 0x00000000cd200000| Complete 
| 211|0x00000000cd300000, 0x00000000cd400000, 0x00000000cd400000|100%| E|CS|TAMS 0x00000000cd300000, 0x00000000cd300000| Complete 
| 212|0x00000000cd400000, 0x00000000cd500000, 0x00000000cd500000|100%| E|CS|TAMS 0x00000000cd400000, 0x00000000cd400000| Complete 
| 213|0x00000000cd500000, 0x00000000cd600000, 0x00000000cd600000|100%| E|CS|TAMS 0x00000000cd500000, 0x00000000cd500000| Complete 
| 214|0x00000000cd600000, 0x00000000cd700000, 0x00000000cd700000|100%| E|CS|TAMS 0x00000000cd600000, 0x00000000cd600000| Complete 
| 215|0x00000000cd700000, 0x00000000cd800000, 0x00000000cd800000|100%| E|CS|TAMS 0x00000000cd700000, 0x00000000cd700000| Complete 
| 216|0x00000000cd800000, 0x00000000cd900000, 0x00000000cd900000|100%| E|CS|TAMS 0x00000000cd800000, 0x00000000cd800000| Complete 
| 217|0x00000000cd900000, 0x00000000cda00000, 0x00000000cda00000|100%| E|CS|TAMS 0x00000000cd900000, 0x00000000cd900000| Complete 
| 218|0x00000000cda00000, 0x00000000cdb00000, 0x00000000cdb00000|100%| E|CS|TAMS 0x00000000cda00000, 0x00000000cda00000| Complete 
| 219|0x00000000cdb00000, 0x00000000cdc00000, 0x00000000cdc00000|100%| E|CS|TAMS 0x00000000cdb00000, 0x00000000cdb00000| Complete 
| 220|0x00000000cdc00000, 0x00000000cdd00000, 0x00000000cdd00000|100%| E|CS|TAMS 0x00000000cdc00000, 0x00000000cdc00000| Complete 
| 221|0x00000000cdd00000, 0x00000000cde00000, 0x00000000cde00000|100%| E|CS|TAMS 0x00000000cdd00000, 0x00000000cdd00000| Complete 
| 222|0x00000000cde00000, 0x00000000cdf00000, 0x00000000cdf00000|100%| E|CS|TAMS 0x00000000cde00000, 0x00000000cde00000| Complete 
| 223|0x00000000cdf00000, 0x00000000ce000000, 0x00000000ce000000|100%| E|CS|TAMS 0x00000000cdf00000, 0x00000000cdf00000| Complete 
| 224|0x00000000ce000000, 0x00000000ce100000, 0x00000000ce100000|100%| E|CS|TAMS 0x00000000ce000000, 0x00000000ce000000| Complete 
| 225|0x00000000ce100000, 0x00000000ce200000, 0x00000000ce200000|100%| E|CS|TAMS 0x00000000ce100000, 0x00000000ce100000| Complete 
| 226|0x00000000ce200000, 0x00000000ce300000, 0x00000000ce300000|100%| E|CS|TAMS 0x00000000ce200000, 0x00000000ce200000| Complete 
| 227|0x00000000ce300000, 0x00000000ce400000, 0x00000000ce400000|100%| E|CS|TAMS 0x00000000ce300000, 0x00000000ce300000| Complete 
| 228|0x00000000ce400000, 0x00000000ce500000, 0x00000000ce500000|100%| E|CS|TAMS 0x00000000ce400000, 0x00000000ce400000| Complete 
| 229|0x00000000ce500000, 0x00000000ce600000, 0x00000000ce600000|100%| E|CS|TAMS 0x00000000ce500000, 0x00000000ce500000| Complete 
| 230|0x00000000ce600000, 0x00000000ce700000, 0x00000000ce700000|100%| E|CS|TAMS 0x00000000ce600000, 0x00000000ce600000| Complete 
| 231|0x00000000ce700000, 0x00000000ce800000, 0x00000000ce800000|100%| E|CS|TAMS 0x00000000ce700000, 0x00000000ce700000| Complete 
| 232|0x00000000ce800000, 0x00000000ce900000, 0x00000000ce900000|100%| E|CS|TAMS 0x00000000ce800000, 0x00000000ce800000| Complete 
| 233|0x00000000ce900000, 0x00000000cea00000, 0x00000000cea00000|100%| E|CS|TAMS 0x00000000ce900000, 0x00000000ce900000| Complete 
| 234|0x00000000cea00000, 0x00000000ceb00000, 0x00000000ceb00000|100%| E|CS|TAMS 0x00000000cea00000, 0x00000000cea00000| Complete 
| 235|0x00000000ceb00000, 0x00000000cec00000, 0x00000000cec00000|100%| E|CS|TAMS 0x00000000ceb00000, 0x00000000ceb00000| Complete 
| 236|0x00000000cec00000, 0x00000000ced00000, 0x00000000ced00000|100%| E|CS|TAMS 0x00000000cec00000, 0x00000000cec00000| Complete 
| 237|0x00000000ced00000, 0x00000000cee00000, 0x00000000cee00000|100%| E|CS|TAMS 0x00000000ced00000, 0x00000000ced00000| Complete 
| 238|0x00000000cee00000, 0x00000000cef00000, 0x00000000cef00000|100%| E|CS|TAMS 0x00000000cee00000, 0x00000000cee00000| Complete 
| 239|0x00000000cef00000, 0x00000000cf000000, 0x00000000cf000000|100%| E|CS|TAMS 0x00000000cef00000, 0x00000000cef00000| Complete 
| 240|0x00000000cf000000, 0x00000000cf100000, 0x00000000cf100000|100%| E|CS|TAMS 0x00000000cf000000, 0x00000000cf000000| Complete 
| 241|0x00000000cf100000, 0x00000000cf200000, 0x00000000cf200000|100%| E|CS|TAMS 0x00000000cf100000, 0x00000000cf100000| Complete 
| 242|0x00000000cf200000, 0x00000000cf300000, 0x00000000cf300000|100%| E|CS|TAMS 0x00000000cf200000, 0x00000000cf200000| Complete 
| 243|0x00000000cf300000, 0x00000000cf400000, 0x00000000cf400000|100%| E|CS|TAMS 0x00000000cf300000, 0x00000000cf300000| Complete 
| 244|0x00000000cf400000, 0x00000000cf500000, 0x00000000cf500000|100%| E|CS|TAMS 0x00000000cf400000, 0x00000000cf400000| Complete 
| 245|0x00000000cf500000, 0x00000000cf600000, 0x00000000cf600000|100%| E|CS|TAMS 0x00000000cf500000, 0x00000000cf500000| Complete 
| 246|0x00000000cf600000, 0x00000000cf700000, 0x00000000cf700000|100%| E|CS|TAMS 0x00000000cf600000, 0x00000000cf600000| Complete 
| 247|0x00000000cf700000, 0x00000000cf800000, 0x00000000cf800000|100%| E|CS|TAMS 0x00000000cf700000, 0x00000000cf700000| Complete 
| 248|0x00000000cf800000, 0x00000000cf900000, 0x00000000cf900000|100%| E|CS|TAMS 0x00000000cf800000, 0x00000000cf800000| Complete 
| 249|0x00000000cf900000, 0x00000000cfa00000, 0x00000000cfa00000|100%| E|CS|TAMS 0x00000000cf900000, 0x00000000cf900000| Complete 
| 250|0x00000000cfa00000, 0x00000000cfb00000, 0x00000000cfb00000|100%| E|CS|TAMS 0x00000000cfa00000, 0x00000000cfa00000| Complete 
| 251|0x00000000cfb00000, 0x00000000cfc00000, 0x00000000cfc00000|100%| E|CS|TAMS 0x00000000cfb00000, 0x00000000cfb00000| Complete 
| 252|0x00000000cfc00000, 0x00000000cfd00000, 0x00000000cfd00000|100%| E|CS|TAMS 0x00000000cfc00000, 0x00000000cfc00000| Complete 
| 253|0x00000000cfd00000, 0x00000000cfe00000, 0x00000000cfe00000|100%| E|CS|TAMS 0x00000000cfd00000, 0x00000000cfd00000| Complete 
| 254|0x00000000cfe00000, 0x00000000cff00000, 0x00000000cff00000|100%| E|CS|TAMS 0x00000000cfe00000, 0x00000000cfe00000| Complete 
| 255|0x00000000cff00000, 0x00000000d0000000, 0x00000000d0000000|100%| E|CS|TAMS 0x00000000cff00000, 0x00000000cff00000| Complete 

Card table byte_map: [0x0000014818fe0000,0x00000148191e0000] _byte_map_base: 0x00000148189e0000

Marking Bits (Prev, Next): (CMBitMap*) 0x0000014802451398, (CMBitMap*) 0x00000148024513d0
 Prev Bits: [0x00000148193e0000, 0x000001481a3e0000)
 Next Bits: [0x000001481a3e0000, 0x000001481b3e0000)

Polling page: 0x00000148003f0000

Metaspace:

Usage:
  Non-class:     89.22 MB capacity,    86.92 MB ( 97%) used,     1.72 MB (  2%) free+waste,   593.94 KB ( <1%) overhead. 
      Class:     17.02 MB capacity,    14.57 MB ( 86%) used,     2.12 MB ( 12%) free+waste,   333.25 KB (  2%) overhead. 
       Both:    106.24 MB capacity,   101.48 MB ( 96%) used,     3.85 MB (  4%) free+waste,   927.19 KB ( <1%) overhead. 

Virtual space:
  Non-class space:       90.00 MB reserved,      89.42 MB (>99%) committed 
      Class space:        1.00 GB reserved,      17.13 MB (  2%) committed 
             Both:        1.09 GB reserved,     106.55 MB ( 10%) committed 

Chunk freelists:
   Non-Class:  1.88 KB
       Class:  0 bytes
        Both:  1.88 KB

CodeHeap 'non-profiled nmethods': size=120000Kb used=4048Kb max_used=4048Kb free=115951Kb
 bounds [0x0000014811580000, 0x0000014811980000, 0x0000014818ab0000]
CodeHeap 'profiled nmethods': size=120000Kb used=13792Kb max_used=13792Kb free=106208Kb
 bounds [0x000001480a050000, 0x000001480add0000, 0x0000014811580000]
CodeHeap 'non-nmethods': size=5760Kb used=1426Kb max_used=1478Kb free=4333Kb
 bounds [0x0000014809ab0000, 0x0000014809d20000, 0x000001480a050000]
 total_blobs=8156 nmethods=7285 adapters=781
 compilation: enabled
              stopped_count=0, restarted_count=0
 full_count=0

Compilation events (10 events):
Event: 21.316 Thread 0x00000148243f9800 7168       4       java.lang.String::<init> (10 bytes)
Event: 21.316 Thread 0x000001481e704800 7170       3       java.lang.PublicMethods$Key::equals (52 bytes)
Event: 21.316 Thread 0x000001481e704800 nmethod 7170 0x000001480ada5510 code [0x000001480ada56e0, 0x000001480ada5b28]
Event: 21.320 Thread 0x00000148243f9800 nmethod 7168 0x0000014811951810 code [0x00000148119519a0, 0x0000014811951f58]
Event: 21.320 Thread 0x00000148243f9800 7172       4       java.util.HashMap::putVal (300 bytes)
Event: 21.327 Thread 0x00000148243f7000 nmethod 7164 0x0000014811952110 code [0x00000148119522e0, 0x0000014811952ef8]
Event: 21.327 Thread 0x00000148243f7000 7171       4       java.lang.PublicMethods$MethodList::merge (192 bytes)
Event: 21.337 Thread 0x00000148243f7000 nmethod 7171 0x0000014811953610 code [0x00000148119537a0, 0x0000014811953cf8]
Event: 21.337 Thread 0x00000148243f7000 7173       4       java.lang.PublicMethods::merge (81 bytes)
Event: 21.340 Thread 0x00000148243f9800 nmethod 7172 0x0000014811953f90 code [0x0000014811954180, 0x0000014811955050]

GC Heap History (10 events):
Event: 10.314 GC heap before
{Heap before GC invocations=8 (full 0):
 garbage-first heap   total 262144K, used 153138K [0x00000000c0000000, 0x0000000100000000)
  region size 1024K, 121 young (123904K), 8 survivors (8192K)
 Metaspace       used 50530K, capacity 52184K, committed 52272K, reserved 1093632K
  class space    used 6711K, capacity 7551K, committed 7552K, reserved 1048576K
}
Event: 10.322 GC heap after
{Heap after GC invocations=9 (full 0):
 garbage-first heap   total 262144K, used 42482K [0x00000000c0000000, 0x0000000100000000)
  region size 1024K, 12 young (12288K), 12 survivors (12288K)
 Metaspace       used 50530K, capacity 52184K, committed 52272K, reserved 1093632K
  class space    used 6711K, capacity 7551K, committed 7552K, reserved 1048576K
}
Event: 11.931 GC heap before
{Heap before GC invocations=9 (full 0):
 garbage-first heap   total 262144K, used 111090K [0x00000000c0000000, 0x0000000100000000)
  region size 1024K, 81 young (82944K), 12 survivors (12288K)
 Metaspace       used 58434K, capacity 60067K, committed 60208K, reserved 1101824K
  class space    used 7640K, capacity 8521K, committed 8576K, reserved 1048576K
}
Event: 11.939 GC heap after
{Heap after GC invocations=10 (full 0):
 garbage-first heap   total 262144K, used 44607K [0x00000000c0000000, 0x0000000100000000)
  region size 1024K, 11 young (11264K), 11 survivors (11264K)
 Metaspace       used 58434K, capacity 60067K, committed 60208K, reserved 1101824K
  class space    used 7640K, capacity 8521K, committed 8576K, reserved 1048576K
}
Event: 14.888 GC heap before
{Heap before GC invocations=11 (full 0):
 garbage-first heap   total 262144K, used 161343K [0x00000000c0000000, 0x0000000100000000)
  region size 1024K, 126 young (129024K), 11 survivors (11264K)
 Metaspace       used 72369K, capacity 74545K, committed 74672K, reserved 1114112K
  class space    used 9530K, capacity 10653K, committed 10752K, reserved 1048576K
}
Event: 14.895 GC heap after
{Heap after GC invocations=12 (full 0):
 garbage-first heap   total 262144K, used 46723K [0x00000000c0000000, 0x0000000100000000)
  region size 1024K, 10 young (10240K), 10 survivors (10240K)
 Metaspace       used 72369K, capacity 74545K, committed 74672K, reserved 1114112K
  class space    used 9530K, capacity 10653K, committed 10752K, reserved 1048576K
}
Event: 17.987 GC heap before
{Heap before GC invocations=12 (full 0):
 garbage-first heap   total 262144K, used 177795K [0x00000000c0000000, 0x0000000100000000)
  region size 1024K, 138 young (141312K), 10 survivors (10240K)
 Metaspace       used 87726K, capacity 90788K, committed 90928K, reserved 1126400K
  class space    used 12035K, capacity 13666K, committed 13696K, reserved 1048576K
}
Event: 17.996 GC heap after
{Heap after GC invocations=13 (full 0):
 garbage-first heap   total 262144K, used 50516K [0x00000000c0000000, 0x0000000100000000)
  region size 1024K, 13 young (13312K), 13 survivors (13312K)
 Metaspace       used 87726K, capacity 90788K, committed 90928K, reserved 1126400K
  class space    used 12035K, capacity 13666K, committed 13696K, reserved 1048576K
}
Event: 19.605 GC heap before
{Heap before GC invocations=13 (full 0):
 garbage-first heap   total 262144K, used 117076K [0x00000000c0000000, 0x0000000100000000)
  region size 1024K, 75 young (76800K), 13 survivors (13312K)
 Metaspace       used 97047K, capacity 100604K, committed 100776K, reserved 1134592K
  class space    used 13528K, capacity 15406K, committed 15488K, reserved 1048576K
}
Event: 19.618 GC heap after
{Heap after GC invocations=14 (full 0):
 garbage-first heap   total 262144K, used 53912K [0x00000000c0000000, 0x0000000100000000)
  region size 1024K, 12 young (12288K), 12 survivors (12288K)
 Metaspace       used 97047K, capacity 100604K, committed 100776K, reserved 1134592K
  class space    used 13528K, capacity 15406K, committed 15488K, reserved 1048576K
}

Deoptimization events (10 events):
Event: 20.859 Thread 0x000001481fe32800 Uncommon trap: reason=profile_predicate action=maybe_recompile pc=0x00000148118cfc74 method=java.util.Arrays.fill([Ljava/lang/Object;Ljava/lang/Object;)V @ 5 c2
Event: 20.859 Thread 0x000001481fe32800 Uncommon trap: reason=profile_predicate action=maybe_recompile pc=0x00000148118cfc74 method=java.util.Arrays.fill([Ljava/lang/Object;Ljava/lang/Object;)V @ 5 c2
Event: 20.877 Thread 0x000001481fe32800 Uncommon trap: reason=predicate action=maybe_recompile pc=0x00000148119081bc method=java.util.Arrays.fill([Ljava/lang/Object;Ljava/lang/Object;)V @ 7 c2
Event: 20.885 Thread 0x000001481fe32800 Uncommon trap: reason=array_check action=maybe_recompile pc=0x0000014811908c2c method=java.util.Arrays.fill([Ljava/lang/Object;Ljava/lang/Object;)V @ 13 c2
Event: 20.885 Thread 0x000001481fe32800 Uncommon trap: reason=array_check action=maybe_recompile pc=0x0000014811908c2c method=java.util.Arrays.fill([Ljava/lang/Object;Ljava/lang/Object;)V @ 13 c2
Event: 20.885 Thread 0x000001481fe32800 Uncommon trap: reason=array_check action=maybe_recompile pc=0x0000014811908c2c method=java.util.Arrays.fill([Ljava/lang/Object;Ljava/lang/Object;)V @ 13 c2
Event: 20.885 Thread 0x000001481fe32800 Uncommon trap: reason=array_check action=maybe_recompile pc=0x0000014811908c2c method=java.util.Arrays.fill([Ljava/lang/Object;Ljava/lang/Object;)V @ 13 c2
Event: 21.124 Thread 0x000001482147d800 Uncommon trap: reason=loop_limit_check action=maybe_recompile pc=0x0000014811929040 method=org.apache.hadoop.io.WritableUtils.writeVLong(Ljava/io/DataOutput;J)V @ 100 c2
Event: 21.317 Thread 0x000001482147d800 Uncommon trap: reason=bimorphic_or_optimized_type_check action=maybe_recompile pc=0x000001481190c9a4 method=java.util.HashMap.putVal(ILjava/lang/Object;Ljava/lang/Object;ZZ)Ljava/lang/Object; @ 91 c2
Event: 21.317 Thread 0x000001482147d800 Uncommon trap: reason=bimorphic_or_optimized_type_check action=maybe_recompile pc=0x000001481190c9a4 method=java.util.HashMap.putVal(ILjava/lang/Object;Ljava/lang/Object;ZZ)Ljava/lang/Object; @ 91 c2

Classes redefined (0 events):
No events

Internal exceptions (10 events):
Event: 20.364 Thread 0x000001481fe2a000 Exception <a 'java/lang/NoSuchMethodError'{0x00000000cda88e20}: java.lang.invoke.DirectMethodHandle$Holder.invokeStatic(Ljava/lang/Object;Ljava/lang/Object;IJ)Ljava/lang/Object;> (0x00000000cda88e20) thrown at [./open/src/hotspot/share/interpreter/linkRes
Event: 20.365 Thread 0x000001481fe2a000 Exception <a 'java/lang/NoSuchMethodError'{0x00000000cda8c7a0}: java.lang.invoke.DirectMethodHandle$Holder.invokeSpecial(Ljava/lang/Object;Ljava/lang/Object;Ljava/lang/Object;IJ)Ljava/lang/Object;> (0x00000000cda8c7a0) thrown at [./open/src/hotspot/share/
Event: 20.573 Thread 0x000001482147d800 Exception <a 'java/lang/NoSuchMethodError'{0x00000000cd174340}: java.lang.invoke.Invokers$Holder.linkToTargetMethod(Ljava/lang/Object;Ljava/lang/Object;IILjava/lang/Object;Ljava/lang/Object;)Ljava/lang/Object;> (0x00000000cd174340) thrown at [./open/src/h
Event: 20.583 Thread 0x000001482147d800 Exception <a 'java/lang/NoSuchMethodError'{0x00000000ccfb0b50}: static Lorg/apache/spark/sql/types/ObjectType;.<clinit>()V> (0x00000000ccfb0b50) thrown at [./open/src/hotspot/share/prims/jni.cpp, line 1366]
Event: 20.636 Thread 0x000001482147d800 Exception <a 'java/lang/NoSuchMethodError'{0x00000000ccd95d90}: static Lorg/apache/spark/sql/Dataset;.<clinit>()V> (0x00000000ccd95d90) thrown at [./open/src/hotspot/share/prims/jni.cpp, line 1366]
Event: 20.647 Thread 0x000001482147d800 Exception <a 'java/lang/NoSuchMethodError'{0x00000000ccca8218}: static Lorg/apache/spark/sql/catalyst/csv/CSVOptions;.<clinit>()V> (0x00000000ccca8218) thrown at [./open/src/hotspot/share/prims/jni.cpp, line 1366]
Event: 20.667 Thread 0x000001482147d800 Exception <a 'java/lang/NoSuchMethodError'{0x00000000ccb02f90}: static Lorg/apache/spark/sql/execution/datasources/csv/CSVDataSource;.<clinit>()V> (0x00000000ccb02f90) thrown at [./open/src/hotspot/share/prims/jni.cpp, line 1366]
Event: 20.667 Thread 0x000001482147d800 Exception <a 'java/lang/NoSuchMethodError'{0x00000000ccb092c0}: static Lorg/apache/spark/sql/execution/datasources/csv/CSVDataSource;.<clinit>()V> (0x00000000ccb092c0) thrown at [./open/src/hotspot/share/prims/jni.cpp, line 1366]
Event: 20.832 Thread 0x000001481fe32800 Exception <a 'java/lang/NoSuchMethodError'{0x00000000cc4a8f20}: java.lang.invoke.Invokers$Holder.invoke_MT(Ljava/lang/Object;Ljava/lang/Object;Ljava/lang/Object;Ljava/lang/Object;Ljava/lang/Object;Ljava/lang/Object;Ljava/lang/Object;Ljava/lang/Object;Ljav
Event: 20.835 Thread 0x000001481fe32800 Exception <a 'java/lang/NoSuchMethodError'{0x00000000cc4d4d40}: java.lang.invoke.DelegatingMethodHandle$Holder.reinvoke_L(Ljava/lang/Object;Ljava/lang/Object;Ljava/lang/Object;Ljava/lang/Object;Ljava/lang/Object;Ljava/lang/Object;I)Ljava/lang/Object;> (0x

Events (10 events):
Event: 21.346 loading class org/json4s/BuildInfo$
Event: 21.346 loading class org/json4s/BuildInfo$ done
Event: 21.347 loading class scala/Function1
Event: 21.347 loading class scala/Function1 done
Event: 21.348 loading class scala/runtime/java8/JFunction0$mcI$sp
Event: 21.348 loading class scala/runtime/java8/JFunction0$mcI$sp done
Event: 21.348 loading class org/json4s/jackson/JValueSerializerResolver$
Event: 21.348 loading class org/json4s/jackson/JValueSerializerResolver$ done
Event: 21.354 loading class org/json4s/jackson/JValueSerializer
Event: 21.354 loading class org/json4s/jackson/JValueSerializer done


Dynamic libraries:
0x00007ff634820000 - 0x00007ff63482f000 	D:\bigdata\Java\jdk-11.0.15\bin\java.exe
0x00007ffde8a10000 - 0x00007ffde8c27000 	C:\WINDOWS\SYSTEM32\ntdll.dll
0x00007ffde7340000 - 0x00007ffde7404000 	C:\WINDOWS\System32\KERNEL32.DLL
0x00007ffde6350000 - 0x00007ffde670a000 	C:\WINDOWS\System32\KERNELBASE.dll
0x00007ffde6160000 - 0x00007ffde6271000 	C:\WINDOWS\System32\ucrtbase.dll
0x00007ffddc8f0000 - 0x00007ffddc905000 	D:\bigdata\Java\jdk-11.0.15\bin\VCRUNTIME140.dll
0x00007ffdcfeb0000 - 0x00007ffdcfec8000 	D:\bigdata\Java\jdk-11.0.15\bin\jli.dll
0x00007ffde67f0000 - 0x00007ffde68a2000 	C:\WINDOWS\System32\ADVAPI32.dll
0x00007ffde6740000 - 0x00007ffde67e7000 	C:\WINDOWS\System32\msvcrt.dll
0x00007ffde6d30000 - 0x00007ffde6dd7000 	C:\WINDOWS\System32\sechost.dll
0x00007ffde5d60000 - 0x00007ffde5d88000 	C:\WINDOWS\System32\bcrypt.dll
0x00007ffde7d60000 - 0x00007ffde7e74000 	C:\WINDOWS\System32\RPCRT4.dll
0x00007ffde7190000 - 0x00007ffde733e000 	C:\WINDOWS\System32\USER32.dll
0x00007ffde6280000 - 0x00007ffde62a6000 	C:\WINDOWS\System32\win32u.dll
0x00007ffdcbdb0000 - 0x00007ffdcc042000 	C:\WINDOWS\WinSxS\amd64_microsoft.windows.common-controls_6595b64144ccf1df_6.0.22621.4541_none_2710d1c57384c085\COMCTL32.dll
0x00007ffde6710000 - 0x00007ffde6739000 	C:\WINDOWS\System32\GDI32.dll
0x00007ffde6040000 - 0x00007ffde615b000 	C:\WINDOWS\System32\gdi32full.dll
0x00007ffde62b0000 - 0x00007ffde634a000 	C:\WINDOWS\System32\msvcp_win.dll
0x00007ffddb230000 - 0x00007ffddb23a000 	C:\WINDOWS\SYSTEM32\VERSION.dll
0x00007ffde6de0000 - 0x00007ffde6e11000 	C:\WINDOWS\System32\IMM32.DLL
0x00007ffd64b70000 - 0x00007ffd64c0b000 	D:\bigdata\Java\jdk-11.0.15\bin\msvcp140.dll
0x00007ffd49a30000 - 0x00007ffd4a546000 	D:\bigdata\Java\jdk-11.0.15\bin\server\jvm.dll
0x00007ffde8290000 - 0x00007ffde8298000 	C:\WINDOWS\System32\PSAPI.DLL
0x00007ffdcad10000 - 0x00007ffdcad19000 	C:\WINDOWS\SYSTEM32\WSOCK32.dll
0x00007ffdddd10000 - 0x00007ffdddd44000 	C:\WINDOWS\SYSTEM32\WINMM.dll
0x00007ffde8300000 - 0x00007ffde8371000 	C:\WINDOWS\System32\WS2_32.dll
0x00007ffde4ce0000 - 0x00007ffde4cf8000 	C:\WINDOWS\SYSTEM32\kernel.appcore.dll
0x00007ffddb840000 - 0x00007ffddb850000 	D:\bigdata\Java\jdk-11.0.15\bin\verify.dll
0x00007ffde3510000 - 0x00007ffde3742000 	C:\WINDOWS\SYSTEM32\DBGHELP.DLL
0x00007ffde8620000 - 0x00007ffde89af000 	C:\WINDOWS\System32\combase.dll
0x00007ffde6e20000 - 0x00007ffde6ef7000 	C:\WINDOWS\System32\OLEAUT32.dll
0x00007ffdc0050000 - 0x00007ffdc0082000 	C:\WINDOWS\SYSTEM32\dbgcore.DLL
0x00007ffde5ce0000 - 0x00007ffde5d5b000 	C:\WINDOWS\System32\bcryptPrimitives.dll
0x00007ffdbf930000 - 0x00007ffdbf958000 	D:\bigdata\Java\jdk-11.0.15\bin\java.dll
0x00007ffddad90000 - 0x00007ffddad9a000 	D:\bigdata\Java\jdk-11.0.15\bin\jimage.dll
0x00007ffdb9350000 - 0x00007ffdb9366000 	D:\bigdata\Java\jdk-11.0.15\bin\zip.dll
0x00007ffde7410000 - 0x00007ffde7c88000 	C:\WINDOWS\System32\SHELL32.dll
0x00007ffde3bd0000 - 0x00007ffde44d8000 	C:\WINDOWS\SYSTEM32\windows.storage.dll
0x00007ffde3a90000 - 0x00007ffde3bcf000 	C:\WINDOWS\SYSTEM32\wintypes.dll
0x00007ffde8380000 - 0x00007ffde847a000 	C:\WINDOWS\System32\SHCORE.dll
0x00007ffde7130000 - 0x00007ffde718e000 	C:\WINDOWS\System32\shlwapi.dll
0x00007ffde5c10000 - 0x00007ffde5c3b000 	C:\WINDOWS\SYSTEM32\profapi.dll
0x00007ffdb7f80000 - 0x00007ffdb7f99000 	D:\bigdata\Java\jdk-11.0.15\bin\net.dll
0x00007ffddb0a0000 - 0x00007ffddb1d6000 	C:\WINDOWS\SYSTEM32\WINHTTP.dll
0x00007ffde5150000 - 0x00007ffde51b9000 	C:\WINDOWS\system32\mswsock.dll
0x00007ffdb42e0000 - 0x00007ffdb42f2000 	D:\bigdata\Java\jdk-11.0.15\bin\nio.dll
0x00007ffdcaef0000 - 0x00007ffdcaf07000 	C:\WINDOWS\system32\napinsp.dll
0x00007ffdcad30000 - 0x00007ffdcad4b000 	C:\WINDOWS\system32\pnrpnsp.dll
0x00007ffde47b0000 - 0x00007ffde48b2000 	C:\WINDOWS\SYSTEM32\DNSAPI.dll
0x00007ffde4780000 - 0x00007ffde47ad000 	C:\WINDOWS\SYSTEM32\IPHLPAPI.DLL
0x00007ffde82a0000 - 0x00007ffde82a9000 	C:\WINDOWS\System32\NSI.dll
0x00007ffdc0380000 - 0x00007ffdc0391000 	C:\WINDOWS\System32\winrnr.dll
0x00007ffddaea0000 - 0x00007ffddaeb5000 	C:\WINDOWS\system32\wshbth.dll
0x00007ffddea40000 - 0x00007ffddea67000 	C:\WINDOWS\system32\nlansp_c.dll
0x00007ffdd9470000 - 0x00007ffdd947a000 	C:\Windows\System32\rasadhlp.dll
0x00007ffdda0f0000 - 0x00007ffdda173000 	C:\WINDOWS\System32\fwpuclnt.dll
0x00007ffde54a0000 - 0x00007ffde54bb000 	C:\WINDOWS\SYSTEM32\CRYPTSP.dll
0x00007ffde4c40000 - 0x00007ffde4c75000 	C:\WINDOWS\system32\rsaenh.dll
0x00007ffde51f0000 - 0x00007ffde5218000 	C:\WINDOWS\SYSTEM32\USERENV.dll
0x00007ffde5480000 - 0x00007ffde548c000 	C:\WINDOWS\SYSTEM32\CRYPTBASE.dll
0x00007ffddaee0000 - 0x00007ffddaef9000 	C:\WINDOWS\SYSTEM32\dhcpcsvc6.DLL
0x00007ffddaec0000 - 0x00007ffddaedf000 	C:\WINDOWS\SYSTEM32\dhcpcsvc.DLL
0x00007ffdd07c0000 - 0x00007ffdd07c9000 	D:\bigdata\Java\jdk-11.0.15\bin\management.dll
0x00007ffdcff70000 - 0x00007ffdcff7b000 	D:\bigdata\Java\jdk-11.0.15\bin\management_ext.dll
0x00007ffdcfe90000 - 0x00007ffdcfeab000 	D:\bigdata\hadoop-3.2.2\bin\hadoop.dll
0x00007ffdcea20000 - 0x00007ffdcea39000 	C:\WINDOWS\SYSTEM32\NETAPI32.dll
0x00007ffde48c0000 - 0x00007ffde490e000 	C:\WINDOWS\SYSTEM32\AUTHZ.dll
0x00007ffdcb0b0000 - 0x00007ffdcb0c9000 	C:\WINDOWS\SYSTEM32\SAMCLI.DLL
0x00007ffde4700000 - 0x00007ffde470c000 	C:\WINDOWS\SYSTEM32\NETUTILS.DLL
0x00007ffdcfe80000 - 0x00007ffdcfe89000 	D:\bigdata\Java\jdk-11.0.15\bin\jaas.dll
0x0000000066f40000 - 0x0000000066fc3000 	C:\Users\ADMIN\AppData\Local\Temp\liblz4-java15450932295744296998.so

dbghelp: loaded successfully - version: 4.0.5 - missing functions: none
symbol engine: initialized successfully - sym options: 0x614 - pdb path: .;D:\bigdata\Java\jdk-11.0.15\bin;C:\WINDOWS\SYSTEM32;C:\WINDOWS\WinSxS\amd64_microsoft.windows.common-controls_6595b64144ccf1df_6.0.22621.4541_none_2710d1c57384c085;D:\bigdata\Java\jdk-11.0.15\bin\server;D:\bigdata\hadoop-3.2.2\bin;C:\Users\ADMIN\AppData\Local\Temp

VM Arguments:
jvm_args: -Xmx1g 
java_command: org.apache.spark.deploy.SparkSubmit --conf spark.master=local[*] --conf spark.app.name=test pyspark-shell
java_class_path (initial): D:\bigdata\spark-3.1.2-bin-hadoop3.2\bin\..\conf\;D:\bigdata\spark-3.1.2-bin-hadoop3.2\jars\accessors-smart-1.2.jar;D:\bigdata\spark-3.1.2-bin-hadoop3.2\jars\activation-1.1.1.jar;D:\bigdata\spark-3.1.2-bin-hadoop3.2\jars\aircompressor-0.10.jar;D:\bigdata\spark-3.1.2-bin-hadoop3.2\jars\algebra_2.12-2.0.0-M2.jar;D:\bigdata\spark-3.1.2-bin-hadoop3.2\jars\antlr-runtime-3.5.2.jar;D:\bigdata\spark-3.1.2-bin-hadoop3.2\jars\antlr4-runtime-4.8-1.jar;D:\bigdata\spark-3.1.2-bin-hadoop3.2\jars\aopalliance-1.0.jar;D:\bigdata\spark-3.1.2-bin-hadoop3.2\jars\aopalliance-repackaged-2.6.1.jar;D:\bigdata\spark-3.1.2-bin-hadoop3.2\jars\arpack_combined_all-0.1.jar;D:\bigdata\spark-3.1.2-bin-hadoop3.2\jars\arrow-format-2.0.0.jar;D:\bigdata\spark-3.1.2-bin-hadoop3.2\jars\arrow-memory-core-2.0.0.jar;D:\bigdata\spark-3.1.2-bin-hadoop3.2\jars\arrow-memory-netty-2.0.0.jar;D:\bigdata\spark-3.1.2-bin-hadoop3.2\jars\arrow-vector-2.0.0.jar;D:\bigdata\spark-3.1.2-bin-hadoop3.2\jars\audience-annotations-0.5.0.jar;D:\bigdata\spark-3.1.2-bin-hadoop3.2\jars\automaton-1.11-8.jar;D:\bigdata\spark-3.1.2-bin-hadoop3.2\jars\avro-1.8.2.jar;D:\bigdata\spark-3.1.2-bin-hadoop3.2\jars\avro-ipc-1.8.2.jar;D:\bigdata\spark-3.1.2-bin-hadoop3.2\jars\avro-mapred-1.8.2-hadoop2.jar;D:\bigdata\spark-3.1.2-bin-hadoop3.2\jars\aws-java-sdk-1.12.183.jar;D:\bigdata\spark-3.1.2-bin-hadoop3.2\jars\aws-java-sdk-core-1.12.183.jar;D:\bigdata\spark-3.1.2-bin-hadoop3.2\jars\aws-java-sdk-dynamodb-1.12.183.jar;D:\bigdata\spark-3.1.2-bin-hadoop3.2\jars\aws-java-sdk-s3-1.12.183.jar;D:\bigdata\spark-3.1.2-bin-hadoop3.2\jars\bonecp-0.8.0.RELEASE.jar;D:\bigdata\spark-3.1.2-bin-hadoop3.2\jars\breeze-macros_2.12-1.0.jar;D:\bigdata\spark-3.1.2-bin-hadoop3.2\jars\breeze_2.12-1.0.jar;D:\bigdata\spark-3.1.2-bin-hadoop3.2\jars\cats-kernel_2.12-2.0.0-M4.jar;D:\bigdata\spark-3.1.2-bin-hadoop3.2\jars\chill-java-0.9.5.jar;D:\bigdata\spark-3.1.2-bin-hadoop3.2\jars\chill_2.12-0.9.5.jar;D:\bigdata\spark-3.1.2-bin-hadoop3.2\
Launcher Type: SUN_STANDARD

[Global flags]
     intx CICompilerCount                          = 4                                         {product} {ergonomic}
     uint ConcGCThreads                            = 2                                         {product} {ergonomic}
     uint G1ConcRefinementThreads                  = 8                                         {product} {ergonomic}
   size_t G1HeapRegionSize                         = 1048576                                   {product} {ergonomic}
    uintx GCDrainStackTargetSize                   = 64                                        {product} {ergonomic}
   size_t InitialHeapSize                          = 268435456                                 {product} {ergonomic}
   size_t MarkStackSize                            = 4194304                                   {product} {ergonomic}
   size_t MaxHeapSize                              = 1073741824                                {product} {command line}
   size_t MaxNewSize                               = 643825664                                 {product} {ergonomic}
   size_t MinHeapDeltaBytes                        = 1048576                                   {product} {ergonomic}
    uintx NonNMethodCodeHeapSize                   = 5836300                                {pd product} {ergonomic}
    uintx NonProfiledCodeHeapSize                  = 122910970                              {pd product} {ergonomic}
    uintx ProfiledCodeHeapSize                     = 122910970                              {pd product} {ergonomic}
    uintx ReservedCodeCacheSize                    = 251658240                              {pd product} {ergonomic}
     bool SegmentedCodeCache                       = true                                      {product} {ergonomic}
     bool UseCompressedClassPointers               = true                                 {lp64_product} {ergonomic}
     bool UseCompressedOops                        = true                                 {lp64_product} {ergonomic}
     bool UseG1GC                                  = true                                      {product} {ergonomic}
     bool UseLargePagesIndividualAllocation        = false                                  {pd product} {ergonomic}

Logging:
Log output configuration:
 #0: stdout all=warning uptime,level,tags
 #1: stderr all=off uptime,level,tags

Environment Variables:
JAVA_HOME=D:\bigdata\Java\jdk-11.0.15
PATH=C:\Users\ADMIN\anaconda3\envs\py38;C:\Users\ADMIN\anaconda3\envs\py38\Library\mingw-w64\bin;C:\Users\ADMIN\anaconda3\envs\py38\Library\usr\bin;C:\Users\ADMIN\anaconda3\envs\py38\Library\bin;C:\Users\ADMIN\anaconda3\envs\py38\Scripts;C:\Users\ADMIN\anaconda3\envs\py38\bin;C:\Users\ADMIN\anaconda3\condabin;C:\WINDOWS\system32;C:\WINDOWS;C:\WINDOWS\System32\Wbem;C:\WINDOWS\System32\WindowsPowerShell\v1.0;C:\WINDOWS\System32\OpenSSH;C:\Program Files\PuTTY;C:\Program Files\dotnet;D:\bigdata\scala\bin;C:\Program Files\Docker\Docker\resources\bin;C:\Program Files\Amazon\AWSCLIV2;C:\Users\ADMIN\AppData\Local\Microsoft\WindowsApps;D:\bigdata\apache-cassandra-3.11.8\bin;D:\bigdata\spark-3.1.2-bin-hadoop3.2\bin;D:\bigdata\spark-3.1.2-bin-hadoop3.2\sbin;D:\bigdata\hadoop-3.2.2\bin;D:\bigdata\hadoop-3.2.2\sbin;D:\bigdata\Java\jdk-11.0.15\bin;D:\bigdata\kafka_2.12-2.8.1\bin;D:\bigdata\PyCharm Community Edition 2023.2\bin;.;C:\Program Files\Azure Data Studio\bin;C:\bigdata\scala3-3.2.0\bin;D:\bigdata\nifi-1.28.0\bin;D:\bigdata\JetBrains\IntelliJ IDEA Community Edition 2024.1.4\bin;.;.;C:\Users\ADMIN\Anaconda3\Library\Bin
USERNAME=ADMIN
OS=Windows_NT
PROCESSOR_IDENTIFIER=Intel64 Family 6 Model 142 Stepping 10, GenuineIntel



---------------  S Y S T E M  ---------------

OS: Windows 11 , 64 bit Build 22621 (10.0.22621.4391)
Hyper-V role detected

CPU:total 8 (initial active 8) (4 cores per cpu, 2 threads per core) family 6 model 142 stepping 10 microcode 0xf0, cmov, cx8, fxsr, mmx, sse, sse2, sse3, ssse3, sse4.1, sse4.2, popcnt, avx, avx2, aes, clmul, erms, rtm, 3dnowpref, lzcnt, ht, tsc, tscinvbit, bmi1, bmi2, adx, fma

Memory: 4k page, system-wide physical 16262M (1145M free)
TotalPageFile size 26501M (AvailPageFile size 13M)
current process WorkingSet (physical memory assigned to process): 480M, peak: 483M
current process commit charge ("private bytes"): 546M, peak: 549M

vm_info: Java HotSpot(TM) 64-Bit Server VM (11.0.15+8-LTS-149) for windows-amd64 JRE (11.0.15+8-LTS-149), built on Mar  9 2022 22:42:32 by "mach5one" with MS VC++ 15.9 (VS2017)

END.
