#
# There is insufficient memory for the Java Runtime Environment to continue.
# Native memory allocation (malloc) failed to allocate 2109136 bytes for Chunk::new
# Possible reasons:
#   The system is out of physical RAM or swap space
#   The process is running with CompressedOops enabled, and the Java Heap may be blocking the growth of the native heap
# Possible solutions:
#   Reduce memory load on the system
#   Increase physical memory or swap space
#   Check if swap backing store is full
#   Decrease Java heap size (-Xmx/-Xms)
#   Decrease number of Java threads
#   Decrease Java thread stack sizes (-Xss)
#   Set larger code cache with -XX:ReservedCodeCacheSize=
#   JVM is running with Unscaled Compressed Oops mode in which the Java heap is
#     placed in the first 4GB address space. The Java Heap base address is the
#     maximum limit for the native heap growth. Please use -XX:HeapBaseMinAddress
#     to set the Java Heap base and to place the Java Heap above 4GB virtual address.
# This output file may be truncated or incomplete.
#
#  Out of Memory Error (./open/src/hotspot/share/memory/arena.cpp:197), pid=6632, tid=24040
#
# JRE version: Java(TM) SE Runtime Environment 18.9 (11.0.15+8) (build 11.0.15+8-LTS-149)
# Java VM: Java HotSpot(TM) 64-Bit Server VM 18.9 (11.0.15+8-LTS-149, mixed mode, tiered, compressed oops, g1 gc, windows-amd64)
# No core dump will be written. Minidumps are not enabled by default on client versions of Windows
#

---------------  S U M M A R Y ------------

Command Line: -Xmx1g org.apache.spark.deploy.SparkSubmit --conf spark.master=local[*] --conf spark.app.name=test pyspark-shell

Host: Intel(R) Core(TM) i7-8650U CPU @ 1.90GHz, 8 cores, 15G,  Windows 11 , 64 bit Build 22621 (10.0.22621.4391)
Time: Mon Dec 23 19:31:37 2024 India Standard Time elapsed time: 7.925306 seconds (0d 0h 0m 7s)

---------------  T H R E A D  ---------------

Current thread (0x0000024c77603000):  JavaThread "C2 CompilerThread0" daemon [_thread_in_native, id=24040, stack(0x000000cfcc000000,0x000000cfcc100000)]


Current CompileTask:
C2:   7925 2367   !   4       jdk.internal.loader.BuiltinClassLoader::loadClassOrNull (143 bytes)

Stack: [0x000000cfcc000000,0x000000cfcc100000]
Native frames: (J=compiled Java code, j=interpreted, Vv=VM code, C=native code)
V  [jvm.dll+0x629d8a]
V  [jvm.dll+0x7638ff]
V  [jvm.dll+0x764fa9]
V  [jvm.dll+0x765633]
V  [jvm.dll+0x23d9c8]
V  [jvm.dll+0xb2a1c]
V  [jvm.dll+0xb2fdc]
V  [jvm.dll+0x341002]
V  [jvm.dll+0x18cb19]
V  [jvm.dll+0x1f8672]
V  [jvm.dll+0x1f774d]
V  [jvm.dll+0x177c51]
V  [jvm.dll+0x207026]
V  [jvm.dll+0x2051bb]
V  [jvm.dll+0x729820]
V  [jvm.dll+0x7223f4]
V  [jvm.dll+0x628c26]
C  [ucrtbase.dll+0x29333]
C  [KERNEL32.DLL+0x1259d]
C  [ntdll.dll+0x5af38]


---------------  P R O C E S S  ---------------

Threads class SMR info:
_java_thread_list=0x0000024c7d5a0380, length=48, elements={
0x0000024c5b327800, 0x0000024c77598800, 0x0000024c775a1800, 0x0000024c775b5800,
0x0000024c775fa800, 0x0000024c775fd800, 0x0000024c77603000, 0x0000024c77604800,
0x0000024c77605800, 0x0000024c778cd800, 0x0000024c7a91d800, 0x0000024c7a91f800,
0x0000024c7a86b800, 0x0000024c7aa51000, 0x0000024c799d2800, 0x0000024c7ab39800,
0x0000024c7971d000, 0x0000024c776ca000, 0x0000024c77815800, 0x0000024c78677000,
0x0000024c7867a800, 0x0000024c78679800, 0x0000024c78679000, 0x0000024c7867b000,
0x0000024c7867d000, 0x0000024c7867d800, 0x0000024c7867c000, 0x0000024c78678000,
0x0000024c7ab00800, 0x0000024c7ab02800, 0x0000024c7ab07000, 0x0000024c7ab05000,
0x0000024c7ab06000, 0x0000024c7ab03800, 0x0000024c7ab01000, 0x0000024c7ab07800,
0x0000024c7ab02000, 0x0000024c7ab08800, 0x0000024c7ab0b000, 0x0000024c7ab0c800,
0x0000024c7ab0f000, 0x0000024c7ab0b800, 0x0000024c7a03f800, 0x0000024c7ab0d800,
0x0000024c7ab09800, 0x0000024c7ab0a000, 0x0000024c7ab0e000, 0x0000024c7d630000
}

Java Threads: ( => current thread )
  0x0000024c5b327800 JavaThread "main" [_thread_in_native, id=17980, stack(0x000000cfcb400000,0x000000cfcb500000)]
  0x0000024c77598800 JavaThread "Reference Handler" daemon [_thread_blocked, id=16896, stack(0x000000cfcbb00000,0x000000cfcbc00000)]
  0x0000024c775a1800 JavaThread "Finalizer" daemon [_thread_blocked, id=2008, stack(0x000000cfcbc00000,0x000000cfcbd00000)]
  0x0000024c775b5800 JavaThread "Signal Dispatcher" daemon [_thread_blocked, id=22460, stack(0x000000cfcbd00000,0x000000cfcbe00000)]
  0x0000024c775fa800 JavaThread "Attach Listener" daemon [_thread_blocked, id=7840, stack(0x000000cfcbe00000,0x000000cfcbf00000)]
  0x0000024c775fd800 JavaThread "Service Thread" daemon [_thread_blocked, id=23928, stack(0x000000cfcbf00000,0x000000cfcc000000)]
=>0x0000024c77603000 JavaThread "C2 CompilerThread0" daemon [_thread_in_native, id=24040, stack(0x000000cfcc000000,0x000000cfcc100000)]
  0x0000024c77604800 JavaThread "C1 CompilerThread0" daemon [_thread_blocked, id=20664, stack(0x000000cfcc100000,0x000000cfcc200000)]
  0x0000024c77605800 JavaThread "Sweeper thread" daemon [_thread_blocked, id=13204, stack(0x000000cfcc200000,0x000000cfcc300000)]
  0x0000024c778cd800 JavaThread "Common-Cleaner" daemon [_thread_blocked, id=9032, stack(0x000000cfcc400000,0x000000cfcc500000)]
  0x0000024c7a91d800 JavaThread "pool-2-thread-1" [_thread_blocked, id=12624, stack(0x000000cfccc00000,0x000000cfccd00000)]
  0x0000024c7a91f800 JavaThread "Thread-1" [_thread_in_native, id=21336, stack(0x000000cfccd00000,0x000000cfcce00000)]
  0x0000024c7a86b800 JavaThread "Thread-2" [_thread_in_Java, id=12684, stack(0x000000cfcc500000,0x000000cfcc600000)]
  0x0000024c7aa51000 JavaThread "rpc-boss-3-1" daemon [_thread_in_native, id=15560, stack(0x000000cfcce00000,0x000000cfccf00000)]
  0x0000024c799d2800 JavaThread "dispatcher-event-loop-0" daemon [_thread_blocked, id=11972, stack(0x000000cfcd100000,0x000000cfcd200000)]
  0x0000024c7ab39800 JavaThread "dispatcher-event-loop-1" daemon [_thread_blocked, id=22932, stack(0x000000cfcd200000,0x000000cfcd300000)]
  0x0000024c7971d000 JavaThread "dispatcher-event-loop-2" daemon [_thread_blocked, id=13244, stack(0x000000cfcd300000,0x000000cfcd400000)]
  0x0000024c776ca000 JavaThread "dispatcher-event-loop-3" daemon [_thread_blocked, id=15340, stack(0x000000cfcd400000,0x000000cfcd500000)]
  0x0000024c77815800 JavaThread "dispatcher-event-loop-4" daemon [_thread_blocked, id=2996, stack(0x000000cfcd500000,0x000000cfcd600000)]
  0x0000024c78677000 JavaThread "dispatcher-event-loop-5" daemon [_thread_blocked, id=14016, stack(0x000000cfcd600000,0x000000cfcd700000)]
  0x0000024c7867a800 JavaThread "dispatcher-event-loop-6" daemon [_thread_blocked, id=6108, stack(0x000000cfcd700000,0x000000cfcd800000)]
  0x0000024c78679800 JavaThread "dispatcher-event-loop-7" daemon [_thread_blocked, id=18348, stack(0x000000cfcd800000,0x000000cfcd900000)]
  0x0000024c78679000 JavaThread "map-output-dispatcher-0" daemon [_thread_blocked, id=21312, stack(0x000000cfcd900000,0x000000cfcda00000)]
  0x0000024c7867b000 JavaThread "map-output-dispatcher-1" daemon [_thread_blocked, id=6064, stack(0x000000cfcda00000,0x000000cfcdb00000)]
  0x0000024c7867d000 JavaThread "map-output-dispatcher-2" daemon [_thread_blocked, id=14864, stack(0x000000cfcdb00000,0x000000cfcdc00000)]
  0x0000024c7867d800 JavaThread "map-output-dispatcher-3" daemon [_thread_blocked, id=19140, stack(0x000000cfcdc00000,0x000000cfcdd00000)]
  0x0000024c7867c000 JavaThread "map-output-dispatcher-4" daemon [_thread_blocked, id=24440, stack(0x000000cfcdd00000,0x000000cfcde00000)]
  0x0000024c78678000 JavaThread "map-output-dispatcher-5" daemon [_thread_blocked, id=12564, stack(0x000000cfcde00000,0x000000cfcdf00000)]
  0x0000024c7ab00800 JavaThread "map-output-dispatcher-6" daemon [_thread_blocked, id=24276, stack(0x000000cfcdf00000,0x000000cfce000000)]
  0x0000024c7ab02800 JavaThread "map-output-dispatcher-7" daemon [_thread_blocked, id=9940, stack(0x000000cfce000000,0x000000cfce100000)]
  0x0000024c7ab07000 JavaThread "dispatcher-BlockManagerMaster" daemon [_thread_blocked, id=14116, stack(0x000000cfce100000,0x000000cfce200000)]
  0x0000024c7ab05000 JavaThread "dispatcher-BlockManagerEndpoint1" daemon [_thread_blocked, id=19380, stack(0x000000cfce200000,0x000000cfce300000)]
  0x0000024c7ab06000 JavaThread "RemoteBlock-temp-file-clean-thread" daemon [_thread_blocked, id=4428, stack(0x000000cfce300000,0x000000cfce400000)]
  0x0000024c7ab03800 JavaThread "refresh progress" daemon [_thread_blocked, id=23964, stack(0x000000cfce500000,0x000000cfce600000)]
  0x0000024c7ab01000 JavaThread "SparkUI-40" daemon [_thread_in_native, id=23820, stack(0x000000cfce400000,0x000000cfce500000)]
  0x0000024c7ab07800 JavaThread "SparkUI-41" daemon [_thread_in_native, id=7148, stack(0x000000cfce600000,0x000000cfce700000)]
  0x0000024c7ab02000 JavaThread "SparkUI-42" daemon [_thread_in_native, id=18208, stack(0x000000cfce700000,0x000000cfce800000)]
  0x0000024c7ab08800 JavaThread "SparkUI-43" daemon [_thread_in_native, id=17972, stack(0x000000cfce800000,0x000000cfce900000)]
  0x0000024c7ab0b000 JavaThread "SparkUI-44-acceptor-0@21708d4f-Spark@2fb77711{HTTP/1.1, (http/1.1)}{0.0.0.0:4040}" daemon [_thread_in_native, id=23476, stack(0x000000cfce900000,0x000000cfcea00000)]
  0x0000024c7ab0c800 JavaThread "SparkUI-45" daemon [_thread_blocked, id=18292, stack(0x000000cfcea00000,0x000000cfceb00000)]
  0x0000024c7ab0f000 JavaThread "SparkUI-46" daemon [_thread_blocked, id=24284, stack(0x000000cfceb00000,0x000000cfcec00000)]
  0x0000024c7ab0b800 JavaThread "SparkUI-47" daemon [_thread_blocked, id=4816, stack(0x000000cfcec00000,0x000000cfced00000)]
  0x0000024c7a03f800 JavaThread "C2 CompilerThread1" daemon [_thread_blocked, id=2936, stack(0x000000cfced00000,0x000000cfcee00000)]
  0x0000024c7ab0d800 JavaThread "heartbeat-receiver-event-loop-thread" daemon [_thread_blocked, id=15608, stack(0x000000cfcee00000,0x000000cfcef00000)]
  0x0000024c7ab09800 JavaThread "netty-rpc-env-timeout" daemon [_thread_blocked, id=14848, stack(0x000000cfcef00000,0x000000cfcf000000)]
  0x0000024c7ab0a000 JavaThread "Timer-0" daemon [_thread_blocked, id=16904, stack(0x000000cfcf000000,0x000000cfcf100000)]
  0x0000024c7ab0e000 JavaThread "Timer-1" daemon [_thread_blocked, id=12588, stack(0x000000cfcf100000,0x000000cfcf200000)]
  0x0000024c7d630000 JavaThread "dag-scheduler-event-loop" daemon [_thread_blocked, id=22240, stack(0x000000cfcf200000,0x000000cfcf300000)]

Other Threads:
  0x0000024c77597800 VMThread "VM Thread" [stack: 0x000000cfcba00000,0x000000cfcbb00000] [id=23680]
  0x0000024c778cd000 WatcherThread [stack: 0x000000cfcc300000,0x000000cfcc400000] [id=2224]
  0x0000024c5b33b000 GCTaskThread "GC Thread#0" [stack: 0x000000cfcb500000,0x000000cfcb600000] [id=13912]
  0x0000024c78b42800 GCTaskThread "GC Thread#1" [stack: 0x000000cfcc700000,0x000000cfcc800000] [id=9576]
  0x0000024c790ae800 GCTaskThread "GC Thread#2" [stack: 0x000000cfcc800000,0x000000cfcc900000] [id=22068]
  0x0000024c79168000 GCTaskThread "GC Thread#3" [stack: 0x000000cfcc900000,0x000000cfcca00000] [id=16988]
  0x0000024c789e7800 GCTaskThread "GC Thread#4" [stack: 0x000000cfcca00000,0x000000cfccb00000] [id=7776]
  0x0000024c78838800 GCTaskThread "GC Thread#5" [stack: 0x000000cfccb00000,0x000000cfccc00000] [id=24084]
  0x0000024c7aa2c800 GCTaskThread "GC Thread#6" [stack: 0x000000cfccf00000,0x000000cfcd000000] [id=22096]
  0x0000024c7a8e5000 GCTaskThread "GC Thread#7" [stack: 0x000000cfcd000000,0x000000cfcd100000] [id=13696]
  0x0000024c5b354800 ConcurrentGCThread "G1 Main Marker" [stack: 0x000000cfcb600000,0x000000cfcb700000] [id=22384]
  0x0000024c5b357000 ConcurrentGCThread "G1 Conc#0" [stack: 0x000000cfcb700000,0x000000cfcb800000] [id=7664]
  0x0000024c7a86c800 ConcurrentGCThread "G1 Conc#1" [stack: 0x000000cfcc600000,0x000000cfcc700000] [id=5272]
  0x0000024c5b3de000 ConcurrentGCThread "G1 Refine#0" [stack: 0x000000cfcb800000,0x000000cfcb900000] [id=13512]
  0x0000024c76be0800 ConcurrentGCThread "G1 Young RemSet Sampling" [stack: 0x000000cfcb900000,0x000000cfcba00000] [id=17948]

Threads with active compile tasks:
C2 CompilerThread0   8011 2367   !   4       jdk.internal.loader.BuiltinClassLoader::loadClassOrNull (143 bytes)
C1 CompilerThread0   8012 2562       3       java.lang.StringLatin1::compareToCI (108 bytes)

VM state:not at safepoint (normal execution)

VM Mutex/Monitor currently owned by a thread: None

Heap address: 0x00000000c0000000, size: 1024 MB, Compressed Oops mode: 32-bit
Narrow klass base: 0x0000000000000000, Narrow klass shift: 3
Compressed class space size: 1073741824 Address: 0x0000000100000000

Heap:
 garbage-first heap   total 262144K, used 70064K [0x00000000c0000000, 0x0000000100000000)
  region size 1024K, 40 young (40960K), 7 survivors (7168K)
 Metaspace       used 39121K, capacity 40245K, committed 40368K, reserved 1083392K
  class space    used 5289K, capacity 5886K, committed 5888K, reserved 1048576K
Heap Regions: E=young(eden), S=young(survivor), O=old, HS=humongous(starts), HC=humongous(continues), CS=collection set, F=free, A=archive, TAMS=top-at-mark-start (previous, next)
|   0|0x00000000c0000000, 0x00000000c0100000, 0x00000000c0100000|100%|HS|  |TAMS 0x00000000c0100000, 0x00000000c0000000| Complete 
|   1|0x00000000c0100000, 0x00000000c0200000, 0x00000000c0200000|100%|HS|  |TAMS 0x00000000c0200000, 0x00000000c0100000| Complete 
|   2|0x00000000c0200000, 0x00000000c0300000, 0x00000000c0300000|100%|HS|  |TAMS 0x00000000c0300000, 0x00000000c0200000| Complete 
|   3|0x00000000c0300000, 0x00000000c0400000, 0x00000000c0400000|100%|HS|  |TAMS 0x00000000c0400000, 0x00000000c0300000| Complete 
|   4|0x00000000c0400000, 0x00000000c0500000, 0x00000000c0500000|100%|HC|  |TAMS 0x00000000c0500000, 0x00000000c0400000| Complete 
|   5|0x00000000c0500000, 0x00000000c0600000, 0x00000000c0600000|100%|HC|  |TAMS 0x00000000c0600000, 0x00000000c0500000| Complete 
|   6|0x00000000c0600000, 0x00000000c0700000, 0x00000000c0700000|100%|HC|  |TAMS 0x00000000c0700000, 0x00000000c0600000| Complete 
|   7|0x00000000c0700000, 0x00000000c0800000, 0x00000000c0800000|100%|HS|  |TAMS 0x00000000c0800000, 0x00000000c0700000| Complete 
|   8|0x00000000c0800000, 0x00000000c0900000, 0x00000000c0900000|100%|HC|  |TAMS 0x00000000c0900000, 0x00000000c0800000| Complete 
|   9|0x00000000c0900000, 0x00000000c0a00000, 0x00000000c0a00000|100%|HC|  |TAMS 0x00000000c0a00000, 0x00000000c0900000| Complete 
|  10|0x00000000c0a00000, 0x00000000c0b00000, 0x00000000c0b00000|100%|HC|  |TAMS 0x00000000c0b00000, 0x00000000c0a00000| Complete 
|  11|0x00000000c0b00000, 0x00000000c0c00000, 0x00000000c0c00000|100%|HC|  |TAMS 0x00000000c0c00000, 0x00000000c0b00000| Complete 
|  12|0x00000000c0c00000, 0x00000000c0d00000, 0x00000000c0d00000|100%|HS|  |TAMS 0x00000000c0d00000, 0x00000000c0c00000| Complete 
|  13|0x00000000c0d00000, 0x00000000c0e00000, 0x00000000c0e00000|100%|HC|  |TAMS 0x00000000c0e00000, 0x00000000c0d00000| Complete 
|  14|0x00000000c0e00000, 0x00000000c0f00000, 0x00000000c0f00000|100%| O|  |TAMS 0x00000000c0f00000, 0x00000000c0e00000| Untracked 
|  15|0x00000000c0f00000, 0x00000000c1000000, 0x00000000c1000000|100%| O|  |TAMS 0x00000000c1000000, 0x00000000c0f00000| Untracked 
|  16|0x00000000c1000000, 0x00000000c1100000, 0x00000000c1100000|100%| O|  |TAMS 0x00000000c1100000, 0x00000000c1000000| Untracked 
|  17|0x00000000c1100000, 0x00000000c1200000, 0x00000000c1200000|100%| O|  |TAMS 0x00000000c1200000, 0x00000000c1100000| Untracked 
|  18|0x00000000c1200000, 0x00000000c1300000, 0x00000000c1300000|100%| O|  |TAMS 0x00000000c1300000, 0x00000000c1200000| Untracked 
|  19|0x00000000c1300000, 0x00000000c1400000, 0x00000000c1400000|100%| O|  |TAMS 0x00000000c1400000, 0x00000000c1300000| Untracked 
|  20|0x00000000c1400000, 0x00000000c1500000, 0x00000000c1500000|100%| O|  |TAMS 0x00000000c1500000, 0x00000000c1400000| Untracked 
|  21|0x00000000c1500000, 0x00000000c1600000, 0x00000000c1600000|100%| O|  |TAMS 0x00000000c1600000, 0x00000000c1500000| Untracked 
|  22|0x00000000c1600000, 0x00000000c1700000, 0x00000000c1700000|100%| O|  |TAMS 0x00000000c1700000, 0x00000000c1600000| Untracked 
|  23|0x00000000c1700000, 0x00000000c1800000, 0x00000000c1800000|100%| O|  |TAMS 0x00000000c1800000, 0x00000000c1700000| Untracked 
|  24|0x00000000c1800000, 0x00000000c1900000, 0x00000000c1900000|100%| O|  |TAMS 0x00000000c1900000, 0x00000000c1800000| Untracked 
|  25|0x00000000c1900000, 0x00000000c1a00000, 0x00000000c1a00000|100%| O|  |TAMS 0x00000000c1a00000, 0x00000000c1900000| Untracked 
|  26|0x00000000c1a00000, 0x00000000c1b00000, 0x00000000c1b00000|100%| O|  |TAMS 0x00000000c1b00000, 0x00000000c1a00000| Untracked 
|  27|0x00000000c1b00000, 0x00000000c1c00000, 0x00000000c1c00000|100%| O|  |TAMS 0x00000000c1c00000, 0x00000000c1b00000| Untracked 
|  28|0x00000000c1c00000, 0x00000000c1d00000, 0x00000000c1d00000|100%| O|  |TAMS 0x00000000c1d00000, 0x00000000c1c00000| Untracked 
|  29|0x00000000c1d00000, 0x00000000c1e00000, 0x00000000c1e00000|100%| O|  |TAMS 0x00000000c1e00000, 0x00000000c1d00000| Untracked 
|  30|0x00000000c1e00000, 0x00000000c1e09a00, 0x00000000c1f00000|  3%| O|  |TAMS 0x00000000c1e09a00, 0x00000000c1e00000| Untracked 
|  31|0x00000000c1f00000, 0x00000000c1f00000, 0x00000000c2000000|  0%| F|  |TAMS 0x00000000c1f00000, 0x00000000c1f00000| Untracked 
|  32|0x00000000c2000000, 0x00000000c2000000, 0x00000000c2100000|  0%| F|  |TAMS 0x00000000c2000000, 0x00000000c2000000| Untracked 
|  33|0x00000000c2100000, 0x00000000c2100000, 0x00000000c2200000|  0%| F|  |TAMS 0x00000000c2100000, 0x00000000c2100000| Untracked 
|  34|0x00000000c2200000, 0x00000000c2200000, 0x00000000c2300000|  0%| F|  |TAMS 0x00000000c2200000, 0x00000000c2200000| Untracked 
|  35|0x00000000c2300000, 0x00000000c2300000, 0x00000000c2400000|  0%| F|  |TAMS 0x00000000c2300000, 0x00000000c2300000| Untracked 
|  36|0x00000000c2400000, 0x00000000c2400000, 0x00000000c2500000|  0%| F|  |TAMS 0x00000000c2400000, 0x00000000c2400000| Untracked 
|  37|0x00000000c2500000, 0x00000000c2500000, 0x00000000c2600000|  0%| F|  |TAMS 0x00000000c2500000, 0x00000000c2500000| Untracked 
|  38|0x00000000c2600000, 0x00000000c2600000, 0x00000000c2700000|  0%| F|  |TAMS 0x00000000c2600000, 0x00000000c2600000| Untracked 
|  39|0x00000000c2700000, 0x00000000c2700000, 0x00000000c2800000|  0%| F|  |TAMS 0x00000000c2700000, 0x00000000c2700000| Untracked 
|  40|0x00000000c2800000, 0x00000000c2800000, 0x00000000c2900000|  0%| F|  |TAMS 0x00000000c2800000, 0x00000000c2800000| Untracked 
|  41|0x00000000c2900000, 0x00000000c2900000, 0x00000000c2a00000|  0%| F|  |TAMS 0x00000000c2900000, 0x00000000c2900000| Untracked 
|  42|0x00000000c2a00000, 0x00000000c2a00000, 0x00000000c2b00000|  0%| F|  |TAMS 0x00000000c2a00000, 0x00000000c2a00000| Untracked 
|  43|0x00000000c2b00000, 0x00000000c2b00000, 0x00000000c2c00000|  0%| F|  |TAMS 0x00000000c2b00000, 0x00000000c2b00000| Untracked 
|  44|0x00000000c2c00000, 0x00000000c2c00000, 0x00000000c2d00000|  0%| F|  |TAMS 0x00000000c2c00000, 0x00000000c2c00000| Untracked 
|  45|0x00000000c2d00000, 0x00000000c2d00000, 0x00000000c2e00000|  0%| F|  |TAMS 0x00000000c2d00000, 0x00000000c2d00000| Untracked 
|  46|0x00000000c2e00000, 0x00000000c2e00000, 0x00000000c2f00000|  0%| F|  |TAMS 0x00000000c2e00000, 0x00000000c2e00000| Untracked 
|  47|0x00000000c2f00000, 0x00000000c2f00000, 0x00000000c3000000|  0%| F|  |TAMS 0x00000000c2f00000, 0x00000000c2f00000| Untracked 
|  48|0x00000000c3000000, 0x00000000c3000000, 0x00000000c3100000|  0%| F|  |TAMS 0x00000000c3000000, 0x00000000c3000000| Untracked 
|  49|0x00000000c3100000, 0x00000000c3100000, 0x00000000c3200000|  0%| F|  |TAMS 0x00000000c3100000, 0x00000000c3100000| Untracked 
|  50|0x00000000c3200000, 0x00000000c3200000, 0x00000000c3300000|  0%| F|  |TAMS 0x00000000c3200000, 0x00000000c3200000| Untracked 
|  51|0x00000000c3300000, 0x00000000c3300000, 0x00000000c3400000|  0%| F|  |TAMS 0x00000000c3300000, 0x00000000c3300000| Untracked 
|  52|0x00000000c3400000, 0x00000000c3400000, 0x00000000c3500000|  0%| F|  |TAMS 0x00000000c3400000, 0x00000000c3400000| Untracked 
|  53|0x00000000c3500000, 0x00000000c3500000, 0x00000000c3600000|  0%| F|  |TAMS 0x00000000c3500000, 0x00000000c3500000| Untracked 
|  54|0x00000000c3600000, 0x00000000c3600000, 0x00000000c3700000|  0%| F|  |TAMS 0x00000000c3600000, 0x00000000c3600000| Untracked 
|  55|0x00000000c3700000, 0x00000000c3700000, 0x00000000c3800000|  0%| F|  |TAMS 0x00000000c3700000, 0x00000000c3700000| Untracked 
|  56|0x00000000c3800000, 0x00000000c3800000, 0x00000000c3900000|  0%| F|  |TAMS 0x00000000c3800000, 0x00000000c3800000| Untracked 
|  57|0x00000000c3900000, 0x00000000c3900000, 0x00000000c3a00000|  0%| F|  |TAMS 0x00000000c3900000, 0x00000000c3900000| Untracked 
|  58|0x00000000c3a00000, 0x00000000c3a00000, 0x00000000c3b00000|  0%| F|  |TAMS 0x00000000c3a00000, 0x00000000c3a00000| Untracked 
|  59|0x00000000c3b00000, 0x00000000c3b00000, 0x00000000c3c00000|  0%| F|  |TAMS 0x00000000c3b00000, 0x00000000c3b00000| Untracked 
|  60|0x00000000c3c00000, 0x00000000c3c00000, 0x00000000c3d00000|  0%| F|  |TAMS 0x00000000c3c00000, 0x00000000c3c00000| Untracked 
|  61|0x00000000c3d00000, 0x00000000c3d00000, 0x00000000c3e00000|  0%| F|  |TAMS 0x00000000c3d00000, 0x00000000c3d00000| Untracked 
|  62|0x00000000c3e00000, 0x00000000c3e00000, 0x00000000c3f00000|  0%| F|  |TAMS 0x00000000c3e00000, 0x00000000c3e00000| Untracked 
|  63|0x00000000c3f00000, 0x00000000c3f00000, 0x00000000c4000000|  0%| F|  |TAMS 0x00000000c3f00000, 0x00000000c3f00000| Untracked 
|  64|0x00000000c4000000, 0x00000000c4000000, 0x00000000c4100000|  0%| F|  |TAMS 0x00000000c4000000, 0x00000000c4000000| Untracked 
|  65|0x00000000c4100000, 0x00000000c4100000, 0x00000000c4200000|  0%| F|  |TAMS 0x00000000c4100000, 0x00000000c4100000| Untracked 
|  66|0x00000000c4200000, 0x00000000c4200000, 0x00000000c4300000|  0%| F|  |TAMS 0x00000000c4200000, 0x00000000c4200000| Untracked 
|  67|0x00000000c4300000, 0x00000000c4300000, 0x00000000c4400000|  0%| F|  |TAMS 0x00000000c4300000, 0x00000000c4300000| Untracked 
|  68|0x00000000c4400000, 0x00000000c4400000, 0x00000000c4500000|  0%| F|  |TAMS 0x00000000c4400000, 0x00000000c4400000| Untracked 
|  69|0x00000000c4500000, 0x00000000c4500000, 0x00000000c4600000|  0%| F|  |TAMS 0x00000000c4500000, 0x00000000c4500000| Untracked 
|  70|0x00000000c4600000, 0x00000000c4600000, 0x00000000c4700000|  0%| F|  |TAMS 0x00000000c4600000, 0x00000000c4600000| Untracked 
|  71|0x00000000c4700000, 0x00000000c4700000, 0x00000000c4800000|  0%| F|  |TAMS 0x00000000c4700000, 0x00000000c4700000| Untracked 
|  72|0x00000000c4800000, 0x00000000c4800000, 0x00000000c4900000|  0%| F|  |TAMS 0x00000000c4800000, 0x00000000c4800000| Untracked 
|  73|0x00000000c4900000, 0x00000000c4900000, 0x00000000c4a00000|  0%| F|  |TAMS 0x00000000c4900000, 0x00000000c4900000| Untracked 
|  74|0x00000000c4a00000, 0x00000000c4a00000, 0x00000000c4b00000|  0%| F|  |TAMS 0x00000000c4a00000, 0x00000000c4a00000| Untracked 
|  75|0x00000000c4b00000, 0x00000000c4b00000, 0x00000000c4c00000|  0%| F|  |TAMS 0x00000000c4b00000, 0x00000000c4b00000| Untracked 
|  76|0x00000000c4c00000, 0x00000000c4c00000, 0x00000000c4d00000|  0%| F|  |TAMS 0x00000000c4c00000, 0x00000000c4c00000| Untracked 
|  77|0x00000000c4d00000, 0x00000000c4d00000, 0x00000000c4e00000|  0%| F|  |TAMS 0x00000000c4d00000, 0x00000000c4d00000| Untracked 
|  78|0x00000000c4e00000, 0x00000000c4e00000, 0x00000000c4f00000|  0%| F|  |TAMS 0x00000000c4e00000, 0x00000000c4e00000| Untracked 
|  79|0x00000000c4f00000, 0x00000000c4f00000, 0x00000000c5000000|  0%| F|  |TAMS 0x00000000c4f00000, 0x00000000c4f00000| Untracked 
|  80|0x00000000c5000000, 0x00000000c5000000, 0x00000000c5100000|  0%| F|  |TAMS 0x00000000c5000000, 0x00000000c5000000| Untracked 
|  81|0x00000000c5100000, 0x00000000c5100000, 0x00000000c5200000|  0%| F|  |TAMS 0x00000000c5100000, 0x00000000c5100000| Untracked 
|  82|0x00000000c5200000, 0x00000000c5200000, 0x00000000c5300000|  0%| F|  |TAMS 0x00000000c5200000, 0x00000000c5200000| Untracked 
|  83|0x00000000c5300000, 0x00000000c5300000, 0x00000000c5400000|  0%| F|  |TAMS 0x00000000c5300000, 0x00000000c5300000| Untracked 
|  84|0x00000000c5400000, 0x00000000c5400000, 0x00000000c5500000|  0%| F|  |TAMS 0x00000000c5400000, 0x00000000c5400000| Untracked 
|  85|0x00000000c5500000, 0x00000000c5500000, 0x00000000c5600000|  0%| F|  |TAMS 0x00000000c5500000, 0x00000000c5500000| Untracked 
|  86|0x00000000c5600000, 0x00000000c5600000, 0x00000000c5700000|  0%| F|  |TAMS 0x00000000c5600000, 0x00000000c5600000| Untracked 
|  87|0x00000000c5700000, 0x00000000c5700000, 0x00000000c5800000|  0%| F|  |TAMS 0x00000000c5700000, 0x00000000c5700000| Untracked 
|  88|0x00000000c5800000, 0x00000000c5800000, 0x00000000c5900000|  0%| F|  |TAMS 0x00000000c5800000, 0x00000000c5800000| Untracked 
|  89|0x00000000c5900000, 0x00000000c5900000, 0x00000000c5a00000|  0%| F|  |TAMS 0x00000000c5900000, 0x00000000c5900000| Untracked 
|  90|0x00000000c5a00000, 0x00000000c5a00000, 0x00000000c5b00000|  0%| F|  |TAMS 0x00000000c5a00000, 0x00000000c5a00000| Untracked 
|  91|0x00000000c5b00000, 0x00000000c5b00000, 0x00000000c5c00000|  0%| F|  |TAMS 0x00000000c5b00000, 0x00000000c5b00000| Untracked 
|  92|0x00000000c5c00000, 0x00000000c5c00000, 0x00000000c5d00000|  0%| F|  |TAMS 0x00000000c5c00000, 0x00000000c5c00000| Untracked 
|  93|0x00000000c5d00000, 0x00000000c5d00000, 0x00000000c5e00000|  0%| F|  |TAMS 0x00000000c5d00000, 0x00000000c5d00000| Untracked 
|  94|0x00000000c5e00000, 0x00000000c5e00000, 0x00000000c5f00000|  0%| F|  |TAMS 0x00000000c5e00000, 0x00000000c5e00000| Untracked 
|  95|0x00000000c5f00000, 0x00000000c5f00000, 0x00000000c6000000|  0%| F|  |TAMS 0x00000000c5f00000, 0x00000000c5f00000| Untracked 
|  96|0x00000000c6000000, 0x00000000c6000000, 0x00000000c6100000|  0%| F|  |TAMS 0x00000000c6000000, 0x00000000c6000000| Untracked 
|  97|0x00000000c6100000, 0x00000000c6100000, 0x00000000c6200000|  0%| F|  |TAMS 0x00000000c6100000, 0x00000000c6100000| Untracked 
|  98|0x00000000c6200000, 0x00000000c6200000, 0x00000000c6300000|  0%| F|  |TAMS 0x00000000c6200000, 0x00000000c6200000| Untracked 
|  99|0x00000000c6300000, 0x00000000c6300000, 0x00000000c6400000|  0%| F|  |TAMS 0x00000000c6300000, 0x00000000c6300000| Untracked 
| 100|0x00000000c6400000, 0x00000000c6400000, 0x00000000c6500000|  0%| F|  |TAMS 0x00000000c6400000, 0x00000000c6400000| Untracked 
| 101|0x00000000c6500000, 0x00000000c6500000, 0x00000000c6600000|  0%| F|  |TAMS 0x00000000c6500000, 0x00000000c6500000| Untracked 
| 102|0x00000000c6600000, 0x00000000c6600000, 0x00000000c6700000|  0%| F|  |TAMS 0x00000000c6600000, 0x00000000c6600000| Untracked 
| 103|0x00000000c6700000, 0x00000000c6700000, 0x00000000c6800000|  0%| F|  |TAMS 0x00000000c6700000, 0x00000000c6700000| Untracked 
| 104|0x00000000c6800000, 0x00000000c6800000, 0x00000000c6900000|  0%| F|  |TAMS 0x00000000c6800000, 0x00000000c6800000| Untracked 
| 105|0x00000000c6900000, 0x00000000c6900000, 0x00000000c6a00000|  0%| F|  |TAMS 0x00000000c6900000, 0x00000000c6900000| Untracked 
| 106|0x00000000c6a00000, 0x00000000c6a00000, 0x00000000c6b00000|  0%| F|  |TAMS 0x00000000c6a00000, 0x00000000c6a00000| Untracked 
| 107|0x00000000c6b00000, 0x00000000c6b00000, 0x00000000c6c00000|  0%| F|  |TAMS 0x00000000c6b00000, 0x00000000c6b00000| Untracked 
| 108|0x00000000c6c00000, 0x00000000c6c00000, 0x00000000c6d00000|  0%| F|  |TAMS 0x00000000c6c00000, 0x00000000c6c00000| Untracked 
| 109|0x00000000c6d00000, 0x00000000c6d00000, 0x00000000c6e00000|  0%| F|  |TAMS 0x00000000c6d00000, 0x00000000c6d00000| Untracked 
| 110|0x00000000c6e00000, 0x00000000c6e00000, 0x00000000c6f00000|  0%| F|  |TAMS 0x00000000c6e00000, 0x00000000c6e00000| Untracked 
| 111|0x00000000c6f00000, 0x00000000c6f00000, 0x00000000c7000000|  0%| F|  |TAMS 0x00000000c6f00000, 0x00000000c6f00000| Untracked 
| 112|0x00000000c7000000, 0x00000000c7000000, 0x00000000c7100000|  0%| F|  |TAMS 0x00000000c7000000, 0x00000000c7000000| Untracked 
| 113|0x00000000c7100000, 0x00000000c7100000, 0x00000000c7200000|  0%| F|  |TAMS 0x00000000c7100000, 0x00000000c7100000| Untracked 
| 114|0x00000000c7200000, 0x00000000c7200000, 0x00000000c7300000|  0%| F|  |TAMS 0x00000000c7200000, 0x00000000c7200000| Untracked 
| 115|0x00000000c7300000, 0x00000000c7300000, 0x00000000c7400000|  0%| F|  |TAMS 0x00000000c7300000, 0x00000000c7300000| Untracked 
| 116|0x00000000c7400000, 0x00000000c7400000, 0x00000000c7500000|  0%| F|  |TAMS 0x00000000c7400000, 0x00000000c7400000| Untracked 
| 117|0x00000000c7500000, 0x00000000c7500000, 0x00000000c7600000|  0%| F|  |TAMS 0x00000000c7500000, 0x00000000c7500000| Untracked 
| 118|0x00000000c7600000, 0x00000000c7600000, 0x00000000c7700000|  0%| F|  |TAMS 0x00000000c7600000, 0x00000000c7600000| Untracked 
| 119|0x00000000c7700000, 0x00000000c7700000, 0x00000000c7800000|  0%| F|  |TAMS 0x00000000c7700000, 0x00000000c7700000| Untracked 
| 120|0x00000000c7800000, 0x00000000c7800000, 0x00000000c7900000|  0%| F|  |TAMS 0x00000000c7800000, 0x00000000c7800000| Untracked 
| 121|0x00000000c7900000, 0x00000000c7900000, 0x00000000c7a00000|  0%| F|  |TAMS 0x00000000c7900000, 0x00000000c7900000| Untracked 
| 122|0x00000000c7a00000, 0x00000000c7a00000, 0x00000000c7b00000|  0%| F|  |TAMS 0x00000000c7a00000, 0x00000000c7a00000| Untracked 
| 123|0x00000000c7b00000, 0x00000000c7b00000, 0x00000000c7c00000|  0%| F|  |TAMS 0x00000000c7b00000, 0x00000000c7b00000| Untracked 
| 124|0x00000000c7c00000, 0x00000000c7c00000, 0x00000000c7d00000|  0%| F|  |TAMS 0x00000000c7c00000, 0x00000000c7c00000| Untracked 
| 125|0x00000000c7d00000, 0x00000000c7d00000, 0x00000000c7e00000|  0%| F|  |TAMS 0x00000000c7d00000, 0x00000000c7d00000| Untracked 
| 126|0x00000000c7e00000, 0x00000000c7e00000, 0x00000000c7f00000|  0%| F|  |TAMS 0x00000000c7e00000, 0x00000000c7e00000| Untracked 
| 127|0x00000000c7f00000, 0x00000000c7f00000, 0x00000000c8000000|  0%| F|  |TAMS 0x00000000c7f00000, 0x00000000c7f00000| Untracked 
| 128|0x00000000c8000000, 0x00000000c8000000, 0x00000000c8100000|  0%| F|  |TAMS 0x00000000c8000000, 0x00000000c8000000| Untracked 
| 129|0x00000000c8100000, 0x00000000c8100000, 0x00000000c8200000|  0%| F|  |TAMS 0x00000000c8100000, 0x00000000c8100000| Untracked 
| 130|0x00000000c8200000, 0x00000000c8200000, 0x00000000c8300000|  0%| F|  |TAMS 0x00000000c8200000, 0x00000000c8200000| Untracked 
| 131|0x00000000c8300000, 0x00000000c8300000, 0x00000000c8400000|  0%| F|  |TAMS 0x00000000c8300000, 0x00000000c8300000| Untracked 
| 132|0x00000000c8400000, 0x00000000c8400000, 0x00000000c8500000|  0%| F|  |TAMS 0x00000000c8400000, 0x00000000c8400000| Untracked 
| 133|0x00000000c8500000, 0x00000000c8500000, 0x00000000c8600000|  0%| F|  |TAMS 0x00000000c8500000, 0x00000000c8500000| Untracked 
| 134|0x00000000c8600000, 0x00000000c8600000, 0x00000000c8700000|  0%| F|  |TAMS 0x00000000c8600000, 0x00000000c8600000| Untracked 
| 135|0x00000000c8700000, 0x00000000c8700000, 0x00000000c8800000|  0%| F|  |TAMS 0x00000000c8700000, 0x00000000c8700000| Untracked 
| 136|0x00000000c8800000, 0x00000000c8800000, 0x00000000c8900000|  0%| F|  |TAMS 0x00000000c8800000, 0x00000000c8800000| Untracked 
| 137|0x00000000c8900000, 0x00000000c8900000, 0x00000000c8a00000|  0%| F|  |TAMS 0x00000000c8900000, 0x00000000c8900000| Untracked 
| 138|0x00000000c8a00000, 0x00000000c8a00000, 0x00000000c8b00000|  0%| F|  |TAMS 0x00000000c8a00000, 0x00000000c8a00000| Untracked 
| 139|0x00000000c8b00000, 0x00000000c8b00000, 0x00000000c8c00000|  0%| F|  |TAMS 0x00000000c8b00000, 0x00000000c8b00000| Untracked 
| 140|0x00000000c8c00000, 0x00000000c8c00000, 0x00000000c8d00000|  0%| F|  |TAMS 0x00000000c8c00000, 0x00000000c8c00000| Untracked 
| 141|0x00000000c8d00000, 0x00000000c8d00000, 0x00000000c8e00000|  0%| F|  |TAMS 0x00000000c8d00000, 0x00000000c8d00000| Untracked 
| 142|0x00000000c8e00000, 0x00000000c8e00000, 0x00000000c8f00000|  0%| F|  |TAMS 0x00000000c8e00000, 0x00000000c8e00000| Untracked 
| 143|0x00000000c8f00000, 0x00000000c8f00000, 0x00000000c9000000|  0%| F|  |TAMS 0x00000000c8f00000, 0x00000000c8f00000| Untracked 
| 144|0x00000000c9000000, 0x00000000c9000000, 0x00000000c9100000|  0%| F|  |TAMS 0x00000000c9000000, 0x00000000c9000000| Untracked 
| 145|0x00000000c9100000, 0x00000000c9100000, 0x00000000c9200000|  0%| F|  |TAMS 0x00000000c9100000, 0x00000000c9100000| Untracked 
| 146|0x00000000c9200000, 0x00000000c9200000, 0x00000000c9300000|  0%| F|  |TAMS 0x00000000c9200000, 0x00000000c9200000| Untracked 
| 147|0x00000000c9300000, 0x00000000c9300000, 0x00000000c9400000|  0%| F|  |TAMS 0x00000000c9300000, 0x00000000c9300000| Untracked 
| 148|0x00000000c9400000, 0x00000000c9400000, 0x00000000c9500000|  0%| F|  |TAMS 0x00000000c9400000, 0x00000000c9400000| Untracked 
| 149|0x00000000c9500000, 0x00000000c9500000, 0x00000000c9600000|  0%| F|  |TAMS 0x00000000c9500000, 0x00000000c9500000| Untracked 
| 150|0x00000000c9600000, 0x00000000c9600000, 0x00000000c9700000|  0%| F|  |TAMS 0x00000000c9600000, 0x00000000c9600000| Untracked 
| 151|0x00000000c9700000, 0x00000000c9700000, 0x00000000c9800000|  0%| F|  |TAMS 0x00000000c9700000, 0x00000000c9700000| Untracked 
| 152|0x00000000c9800000, 0x00000000c9800000, 0x00000000c9900000|  0%| F|  |TAMS 0x00000000c9800000, 0x00000000c9800000| Untracked 
| 153|0x00000000c9900000, 0x00000000c9900000, 0x00000000c9a00000|  0%| F|  |TAMS 0x00000000c9900000, 0x00000000c9900000| Untracked 
| 154|0x00000000c9a00000, 0x00000000c9a00000, 0x00000000c9b00000|  0%| F|  |TAMS 0x00000000c9a00000, 0x00000000c9a00000| Untracked 
| 155|0x00000000c9b00000, 0x00000000c9b00000, 0x00000000c9c00000|  0%| F|  |TAMS 0x00000000c9b00000, 0x00000000c9b00000| Untracked 
| 156|0x00000000c9c00000, 0x00000000c9c00000, 0x00000000c9d00000|  0%| F|  |TAMS 0x00000000c9c00000, 0x00000000c9c00000| Untracked 
| 157|0x00000000c9d00000, 0x00000000c9d00000, 0x00000000c9e00000|  0%| F|  |TAMS 0x00000000c9d00000, 0x00000000c9d00000| Untracked 
| 158|0x00000000c9e00000, 0x00000000c9e00000, 0x00000000c9f00000|  0%| F|  |TAMS 0x00000000c9e00000, 0x00000000c9e00000| Untracked 
| 159|0x00000000c9f00000, 0x00000000c9f00000, 0x00000000ca000000|  0%| F|  |TAMS 0x00000000c9f00000, 0x00000000c9f00000| Untracked 
| 160|0x00000000ca000000, 0x00000000ca000000, 0x00000000ca100000|  0%| F|  |TAMS 0x00000000ca000000, 0x00000000ca000000| Untracked 
| 161|0x00000000ca100000, 0x00000000ca100000, 0x00000000ca200000|  0%| F|  |TAMS 0x00000000ca100000, 0x00000000ca100000| Untracked 
| 162|0x00000000ca200000, 0x00000000ca200000, 0x00000000ca300000|  0%| F|  |TAMS 0x00000000ca200000, 0x00000000ca200000| Untracked 
| 163|0x00000000ca300000, 0x00000000ca300000, 0x00000000ca400000|  0%| F|  |TAMS 0x00000000ca300000, 0x00000000ca300000| Untracked 
| 164|0x00000000ca400000, 0x00000000ca400000, 0x00000000ca500000|  0%| F|  |TAMS 0x00000000ca400000, 0x00000000ca400000| Untracked 
| 165|0x00000000ca500000, 0x00000000ca500000, 0x00000000ca600000|  0%| F|  |TAMS 0x00000000ca500000, 0x00000000ca500000| Untracked 
| 166|0x00000000ca600000, 0x00000000ca600000, 0x00000000ca700000|  0%| F|  |TAMS 0x00000000ca600000, 0x00000000ca600000| Untracked 
| 167|0x00000000ca700000, 0x00000000ca700000, 0x00000000ca800000|  0%| F|  |TAMS 0x00000000ca700000, 0x00000000ca700000| Untracked 
| 168|0x00000000ca800000, 0x00000000ca800000, 0x00000000ca900000|  0%| F|  |TAMS 0x00000000ca800000, 0x00000000ca800000| Untracked 
| 169|0x00000000ca900000, 0x00000000ca900000, 0x00000000caa00000|  0%| F|  |TAMS 0x00000000ca900000, 0x00000000ca900000| Untracked 
| 170|0x00000000caa00000, 0x00000000caa00000, 0x00000000cab00000|  0%| F|  |TAMS 0x00000000caa00000, 0x00000000caa00000| Untracked 
| 171|0x00000000cab00000, 0x00000000cab00000, 0x00000000cac00000|  0%| F|  |TAMS 0x00000000cab00000, 0x00000000cab00000| Untracked 
| 172|0x00000000cac00000, 0x00000000cac00000, 0x00000000cad00000|  0%| F|  |TAMS 0x00000000cac00000, 0x00000000cac00000| Untracked 
| 173|0x00000000cad00000, 0x00000000cad00000, 0x00000000cae00000|  0%| F|  |TAMS 0x00000000cad00000, 0x00000000cad00000| Untracked 
| 174|0x00000000cae00000, 0x00000000cae00000, 0x00000000caf00000|  0%| F|  |TAMS 0x00000000cae00000, 0x00000000cae00000| Untracked 
| 175|0x00000000caf00000, 0x00000000caf00000, 0x00000000cb000000|  0%| F|  |TAMS 0x00000000caf00000, 0x00000000caf00000| Untracked 
| 176|0x00000000cb000000, 0x00000000cb000000, 0x00000000cb100000|  0%| F|  |TAMS 0x00000000cb000000, 0x00000000cb000000| Untracked 
| 177|0x00000000cb100000, 0x00000000cb100000, 0x00000000cb200000|  0%| F|  |TAMS 0x00000000cb100000, 0x00000000cb100000| Untracked 
| 178|0x00000000cb200000, 0x00000000cb200000, 0x00000000cb300000|  0%| F|  |TAMS 0x00000000cb200000, 0x00000000cb200000| Untracked 
| 179|0x00000000cb300000, 0x00000000cb300000, 0x00000000cb400000|  0%| F|  |TAMS 0x00000000cb300000, 0x00000000cb300000| Untracked 
| 180|0x00000000cb400000, 0x00000000cb400000, 0x00000000cb500000|  0%| F|  |TAMS 0x00000000cb400000, 0x00000000cb400000| Untracked 
| 181|0x00000000cb500000, 0x00000000cb500000, 0x00000000cb600000|  0%| F|  |TAMS 0x00000000cb500000, 0x00000000cb500000| Untracked 
| 182|0x00000000cb600000, 0x00000000cb600000, 0x00000000cb700000|  0%| F|  |TAMS 0x00000000cb600000, 0x00000000cb600000| Untracked 
| 183|0x00000000cb700000, 0x00000000cb700000, 0x00000000cb800000|  0%| F|  |TAMS 0x00000000cb700000, 0x00000000cb700000| Untracked 
| 184|0x00000000cb800000, 0x00000000cb800000, 0x00000000cb900000|  0%| F|  |TAMS 0x00000000cb800000, 0x00000000cb800000| Untracked 
| 185|0x00000000cb900000, 0x00000000cb900000, 0x00000000cba00000|  0%| F|  |TAMS 0x00000000cb900000, 0x00000000cb900000| Untracked 
| 186|0x00000000cba00000, 0x00000000cba00000, 0x00000000cbb00000|  0%| F|  |TAMS 0x00000000cba00000, 0x00000000cba00000| Untracked 
| 187|0x00000000cbb00000, 0x00000000cbb00000, 0x00000000cbc00000|  0%| F|  |TAMS 0x00000000cbb00000, 0x00000000cbb00000| Untracked 
| 188|0x00000000cbc00000, 0x00000000cbc00000, 0x00000000cbd00000|  0%| F|  |TAMS 0x00000000cbc00000, 0x00000000cbc00000| Untracked 
| 189|0x00000000cbd00000, 0x00000000cbd00000, 0x00000000cbe00000|  0%| F|  |TAMS 0x00000000cbd00000, 0x00000000cbd00000| Untracked 
| 190|0x00000000cbe00000, 0x00000000cbe00000, 0x00000000cbf00000|  0%| F|  |TAMS 0x00000000cbe00000, 0x00000000cbe00000| Untracked 
| 191|0x00000000cbf00000, 0x00000000cbf00000, 0x00000000cc000000|  0%| F|  |TAMS 0x00000000cbf00000, 0x00000000cbf00000| Untracked 
| 192|0x00000000cc000000, 0x00000000cc000000, 0x00000000cc100000|  0%| F|  |TAMS 0x00000000cc000000, 0x00000000cc000000| Untracked 
| 193|0x00000000cc100000, 0x00000000cc100000, 0x00000000cc200000|  0%| F|  |TAMS 0x00000000cc100000, 0x00000000cc100000| Untracked 
| 194|0x00000000cc200000, 0x00000000cc200000, 0x00000000cc300000|  0%| F|  |TAMS 0x00000000cc200000, 0x00000000cc200000| Untracked 
| 195|0x00000000cc300000, 0x00000000cc300000, 0x00000000cc400000|  0%| F|  |TAMS 0x00000000cc300000, 0x00000000cc300000| Untracked 
| 196|0x00000000cc400000, 0x00000000cc400000, 0x00000000cc500000|  0%| F|  |TAMS 0x00000000cc400000, 0x00000000cc400000| Untracked 
| 197|0x00000000cc500000, 0x00000000cc500000, 0x00000000cc600000|  0%| F|  |TAMS 0x00000000cc500000, 0x00000000cc500000| Untracked 
| 198|0x00000000cc600000, 0x00000000cc600000, 0x00000000cc700000|  0%| F|  |TAMS 0x00000000cc600000, 0x00000000cc600000| Untracked 
| 199|0x00000000cc700000, 0x00000000cc700000, 0x00000000cc800000|  0%| F|  |TAMS 0x00000000cc700000, 0x00000000cc700000| Untracked 
| 200|0x00000000cc800000, 0x00000000cc800000, 0x00000000cc900000|  0%| F|  |TAMS 0x00000000cc800000, 0x00000000cc800000| Untracked 
| 201|0x00000000cc900000, 0x00000000cc900000, 0x00000000cca00000|  0%| F|  |TAMS 0x00000000cc900000, 0x00000000cc900000| Untracked 
| 202|0x00000000cca00000, 0x00000000cca00000, 0x00000000ccb00000|  0%| F|  |TAMS 0x00000000cca00000, 0x00000000cca00000| Untracked 
| 203|0x00000000ccb00000, 0x00000000ccb00000, 0x00000000ccc00000|  0%| F|  |TAMS 0x00000000ccb00000, 0x00000000ccb00000| Untracked 
| 204|0x00000000ccc00000, 0x00000000ccc00000, 0x00000000ccd00000|  0%| F|  |TAMS 0x00000000ccc00000, 0x00000000ccc00000| Untracked 
| 205|0x00000000ccd00000, 0x00000000ccd00000, 0x00000000cce00000|  0%| F|  |TAMS 0x00000000ccd00000, 0x00000000ccd00000| Untracked 
| 206|0x00000000cce00000, 0x00000000cce00000, 0x00000000ccf00000|  0%| F|  |TAMS 0x00000000cce00000, 0x00000000cce00000| Untracked 
| 207|0x00000000ccf00000, 0x00000000ccf00000, 0x00000000cd000000|  0%| F|  |TAMS 0x00000000ccf00000, 0x00000000ccf00000| Untracked 
| 208|0x00000000cd000000, 0x00000000cd000000, 0x00000000cd100000|  0%| F|  |TAMS 0x00000000cd000000, 0x00000000cd000000| Untracked 
| 209|0x00000000cd100000, 0x00000000cd100000, 0x00000000cd200000|  0%| F|  |TAMS 0x00000000cd100000, 0x00000000cd100000| Untracked 
| 210|0x00000000cd200000, 0x00000000cd2629e0, 0x00000000cd300000| 38%| S|CS|TAMS 0x00000000cd200000, 0x00000000cd200000| Complete 
| 211|0x00000000cd300000, 0x00000000cd400000, 0x00000000cd400000|100%| S|CS|TAMS 0x00000000cd300000, 0x00000000cd300000| Complete 
| 212|0x00000000cd400000, 0x00000000cd500000, 0x00000000cd500000|100%| S|CS|TAMS 0x00000000cd400000, 0x00000000cd400000| Complete 
| 213|0x00000000cd500000, 0x00000000cd600000, 0x00000000cd600000|100%| S|CS|TAMS 0x00000000cd500000, 0x00000000cd500000| Complete 
| 214|0x00000000cd600000, 0x00000000cd700000, 0x00000000cd700000|100%| S|CS|TAMS 0x00000000cd600000, 0x00000000cd600000| Complete 
| 215|0x00000000cd700000, 0x00000000cd800000, 0x00000000cd800000|100%| S|CS|TAMS 0x00000000cd700000, 0x00000000cd700000| Complete 
| 216|0x00000000cd800000, 0x00000000cd900000, 0x00000000cd900000|100%| S|CS|TAMS 0x00000000cd800000, 0x00000000cd800000| Complete 
| 217|0x00000000cd900000, 0x00000000cd900000, 0x00000000cda00000|  0%| F|  |TAMS 0x00000000cd900000, 0x00000000cd900000| Untracked 
| 218|0x00000000cda00000, 0x00000000cda00000, 0x00000000cdb00000|  0%| F|  |TAMS 0x00000000cda00000, 0x00000000cda00000| Untracked 
| 219|0x00000000cdb00000, 0x00000000cdb00000, 0x00000000cdc00000|  0%| F|  |TAMS 0x00000000cdb00000, 0x00000000cdb00000| Untracked 
| 220|0x00000000cdc00000, 0x00000000cdc00000, 0x00000000cdd00000|  0%| F|  |TAMS 0x00000000cdc00000, 0x00000000cdc00000| Untracked 
| 221|0x00000000cdd00000, 0x00000000cdd00000, 0x00000000cde00000|  0%| F|  |TAMS 0x00000000cdd00000, 0x00000000cdd00000| Untracked 
| 222|0x00000000cde00000, 0x00000000cde00000, 0x00000000cdf00000|  0%| F|  |TAMS 0x00000000cde00000, 0x00000000cde00000| Untracked 
| 223|0x00000000cdf00000, 0x00000000cdf80800, 0x00000000ce000000| 50%| E|  |TAMS 0x00000000cdf00000, 0x00000000cdf00000| Complete 
| 224|0x00000000ce000000, 0x00000000ce100000, 0x00000000ce100000|100%| E|CS|TAMS 0x00000000ce000000, 0x00000000ce000000| Complete 
| 225|0x00000000ce100000, 0x00000000ce200000, 0x00000000ce200000|100%| E|CS|TAMS 0x00000000ce100000, 0x00000000ce100000| Complete 
| 226|0x00000000ce200000, 0x00000000ce300000, 0x00000000ce300000|100%| E|CS|TAMS 0x00000000ce200000, 0x00000000ce200000| Complete 
| 227|0x00000000ce300000, 0x00000000ce400000, 0x00000000ce400000|100%| E|CS|TAMS 0x00000000ce300000, 0x00000000ce300000| Complete 
| 228|0x00000000ce400000, 0x00000000ce500000, 0x00000000ce500000|100%| E|CS|TAMS 0x00000000ce400000, 0x00000000ce400000| Complete 
| 229|0x00000000ce500000, 0x00000000ce600000, 0x00000000ce600000|100%| E|CS|TAMS 0x00000000ce500000, 0x00000000ce500000| Complete 
| 230|0x00000000ce600000, 0x00000000ce700000, 0x00000000ce700000|100%| E|CS|TAMS 0x00000000ce600000, 0x00000000ce600000| Complete 
| 231|0x00000000ce700000, 0x00000000ce800000, 0x00000000ce800000|100%| E|CS|TAMS 0x00000000ce700000, 0x00000000ce700000| Complete 
| 232|0x00000000ce800000, 0x00000000ce900000, 0x00000000ce900000|100%| E|CS|TAMS 0x00000000ce800000, 0x00000000ce800000| Complete 
| 233|0x00000000ce900000, 0x00000000cea00000, 0x00000000cea00000|100%| E|CS|TAMS 0x00000000ce900000, 0x00000000ce900000| Complete 
| 234|0x00000000cea00000, 0x00000000ceb00000, 0x00000000ceb00000|100%| E|CS|TAMS 0x00000000cea00000, 0x00000000cea00000| Complete 
| 235|0x00000000ceb00000, 0x00000000cec00000, 0x00000000cec00000|100%| E|CS|TAMS 0x00000000ceb00000, 0x00000000ceb00000| Complete 
| 236|0x00000000cec00000, 0x00000000ced00000, 0x00000000ced00000|100%| E|CS|TAMS 0x00000000cec00000, 0x00000000cec00000| Complete 
| 237|0x00000000ced00000, 0x00000000cee00000, 0x00000000cee00000|100%| E|CS|TAMS 0x00000000ced00000, 0x00000000ced00000| Complete 
| 238|0x00000000cee00000, 0x00000000cef00000, 0x00000000cef00000|100%| E|CS|TAMS 0x00000000cee00000, 0x00000000cee00000| Complete 
| 239|0x00000000cef00000, 0x00000000cf000000, 0x00000000cf000000|100%| E|CS|TAMS 0x00000000cef00000, 0x00000000cef00000| Complete 
| 240|0x00000000cf000000, 0x00000000cf100000, 0x00000000cf100000|100%| E|CS|TAMS 0x00000000cf000000, 0x00000000cf000000| Complete 
| 241|0x00000000cf100000, 0x00000000cf200000, 0x00000000cf200000|100%| E|CS|TAMS 0x00000000cf100000, 0x00000000cf100000| Complete 
| 242|0x00000000cf200000, 0x00000000cf300000, 0x00000000cf300000|100%| E|CS|TAMS 0x00000000cf200000, 0x00000000cf200000| Complete 
| 243|0x00000000cf300000, 0x00000000cf400000, 0x00000000cf400000|100%| E|CS|TAMS 0x00000000cf300000, 0x00000000cf300000| Complete 
| 244|0x00000000cf400000, 0x00000000cf500000, 0x00000000cf500000|100%| E|CS|TAMS 0x00000000cf400000, 0x00000000cf400000| Complete 
| 245|0x00000000cf500000, 0x00000000cf600000, 0x00000000cf600000|100%| E|CS|TAMS 0x00000000cf500000, 0x00000000cf500000| Complete 
| 246|0x00000000cf600000, 0x00000000cf700000, 0x00000000cf700000|100%| E|CS|TAMS 0x00000000cf600000, 0x00000000cf600000| Complete 
| 247|0x00000000cf700000, 0x00000000cf800000, 0x00000000cf800000|100%| E|CS|TAMS 0x00000000cf700000, 0x00000000cf700000| Complete 
| 248|0x00000000cf800000, 0x00000000cf900000, 0x00000000cf900000|100%| E|CS|TAMS 0x00000000cf800000, 0x00000000cf800000| Complete 
| 249|0x00000000cf900000, 0x00000000cfa00000, 0x00000000cfa00000|100%| E|CS|TAMS 0x00000000cf900000, 0x00000000cf900000| Complete 
| 250|0x00000000cfa00000, 0x00000000cfb00000, 0x00000000cfb00000|100%| E|CS|TAMS 0x00000000cfa00000, 0x00000000cfa00000| Complete 
| 251|0x00000000cfb00000, 0x00000000cfc00000, 0x00000000cfc00000|100%| E|CS|TAMS 0x00000000cfb00000, 0x00000000cfb00000| Complete 
| 252|0x00000000cfc00000, 0x00000000cfd00000, 0x00000000cfd00000|100%| E|CS|TAMS 0x00000000cfc00000, 0x00000000cfc00000| Complete 
| 253|0x00000000cfd00000, 0x00000000cfe00000, 0x00000000cfe00000|100%| E|CS|TAMS 0x00000000cfd00000, 0x00000000cfd00000| Complete 
| 254|0x00000000cfe00000, 0x00000000cff00000, 0x00000000cff00000|100%| E|CS|TAMS 0x00000000cfe00000, 0x00000000cfe00000| Complete 
| 255|0x00000000cff00000, 0x00000000d0000000, 0x00000000d0000000|100%| E|CS|TAMS 0x00000000cff00000, 0x00000000cff00000| Complete 

Card table byte_map: [0x0000024c71ee0000,0x0000024c720e0000] _byte_map_base: 0x0000024c718e0000

Marking Bits (Prev, Next): (CMBitMap*) 0x0000024c5b34fea8, (CMBitMap*) 0x0000024c5b34fee0
 Prev Bits: [0x0000024c722e0000, 0x0000024c732e0000)
 Next Bits: [0x0000024c732e0000, 0x0000024c742e0000)

Polling page: 0x0000024c59300000

Metaspace:

Usage:
  Non-class:     33.63 MB capacity,    33.09 MB ( 98%) used,   402.84 KB (  1%) free+waste,   145.88 KB ( <1%) overhead. 
      Class:      5.75 MB capacity,     5.17 MB ( 90%) used,   514.62 KB (  9%) free+waste,    80.88 KB (  1%) overhead. 
       Both:     39.38 MB capacity,    38.27 MB ( 97%) used,   917.46 KB (  2%) free+waste,   226.75 KB ( <1%) overhead. 

Virtual space:
  Non-class space:       34.00 MB reserved,      33.67 MB (>99%) committed 
      Class space:        1.00 GB reserved,       5.88 MB ( <1%) committed 
             Both:        1.03 GB reserved,      39.55 MB (  4%) committed 

Chunk freelists:
   Non-Class:  5.38 KB
       Class:  0 bytes
        Both:  5.38 KB

CodeHeap 'non-profiled nmethods': size=120000Kb used=1288Kb max_used=1288Kb free=118711Kb
 bounds [0x0000024c6a480000, 0x0000024c6a6f0000, 0x0000024c719b0000]
CodeHeap 'profiled nmethods': size=120000Kb used=5103Kb max_used=5103Kb free=114897Kb
 bounds [0x0000024c62f50000, 0x0000024c63450000, 0x0000024c6a480000]
CodeHeap 'non-nmethods': size=5760Kb used=1227Kb max_used=1264Kb free=4532Kb
 bounds [0x0000024c629b0000, 0x0000024c62c20000, 0x0000024c62f50000]
 total_blobs=3171 nmethods=2560 adapters=522
 compilation: enabled
              stopped_count=0, restarted_count=0
 full_count=0

Compilation events (10 events):
Event: 7.842 Thread 0x0000024c77604800 nmethod 2527 0x0000024c6343c990 code [0x0000024c6343cc60, 0x0000024c6343d908]
Event: 7.852 Thread 0x0000024c7a03f800 nmethod 2522 0x0000024c6a5be290 code [0x0000024c6a5be460, 0x0000024c6a5bec18]
Event: 7.869 Thread 0x0000024c77604800 2529       3       scala.collection.mutable.MapLike$$Lambda$9/0x0000000100120840::apply (12 bytes)
Event: 7.869 Thread 0x0000024c7a03f800 2531       4       scala.collection.immutable.HashMap::improve (29 bytes)
Event: 7.869 Thread 0x0000024c77604800 nmethod 2529 0x0000024c6343de90 code [0x0000024c6343e040, 0x0000024c6343e348]
Event: 7.869 Thread 0x0000024c77604800 2530       3       scala.collection.mutable.MapLike::$anonfun$toSeq$1 (6 bytes)
Event: 7.869 Thread 0x0000024c7a03f800 nmethod 2531 0x0000024c6a5bf010 code [0x0000024c6a5bf180, 0x0000024c6a5bf218]
Event: 7.870 Thread 0x0000024c77604800 nmethod 2530 0x0000024c6343e490 code [0x0000024c6343e660, 0x0000024c6343ee28]
Event: 7.870 Thread 0x0000024c77604800 2528       3       scala.collection.Iterator::foreach (26 bytes)
Event: 7.870 Thread 0x0000024c77604800 nmethod 2528 0x0000024c6343f010 code [0x0000024c6343f1e0, 0x0000024c6343f5c8]

GC Heap History (10 events):
Event: 1.719 GC heap before
{Heap before GC invocations=1 (full 0):
 garbage-first heap   total 262144K, used 45146K [0x00000000c0000000, 0x0000000100000000)
  region size 1024K, 19 young (19456K), 3 survivors (3072K)
 Metaspace       used 10127K, capacity 10303K, committed 10368K, reserved 1058816K
  class space    used 1058K, capacity 1117K, committed 1152K, reserved 1048576K
}
Event: 1.722 GC heap after
{Heap after GC invocations=2 (full 0):
 garbage-first heap   total 262144K, used 30826K [0x00000000c0000000, 0x0000000100000000)
  region size 1024K, 1 young (1024K), 1 survivors (1024K)
 Metaspace       used 10127K, capacity 10303K, committed 10368K, reserved 1058816K
  class space    used 1058K, capacity 1117K, committed 1152K, reserved 1048576K
}
Event: 2.962 GC heap before
{Heap before GC invocations=2 (full 0):
 garbage-first heap   total 262144K, used 67690K [0x00000000c0000000, 0x0000000100000000)
  region size 1024K, 37 young (37888K), 1 survivors (1024K)
 Metaspace       used 19150K, capacity 19598K, committed 19840K, reserved 1067008K
  class space    used 2474K, capacity 2658K, committed 2688K, reserved 1048576K
}
Event: 2.967 GC heap after
{Heap after GC invocations=3 (full 0):
 garbage-first heap   total 262144K, used 33734K [0x00000000c0000000, 0x0000000100000000)
  region size 1024K, 4 young (4096K), 4 survivors (4096K)
 Metaspace       used 19150K, capacity 19598K, committed 19840K, reserved 1067008K
  class space    used 2474K, capacity 2658K, committed 2688K, reserved 1048576K
}
Event: 3.624 GC heap before
{Heap before GC invocations=3 (full 0):
 garbage-first heap   total 262144K, used 41926K [0x00000000c0000000, 0x0000000100000000)
  region size 1024K, 13 young (13312K), 4 survivors (4096K)
 Metaspace       used 20759K, capacity 21160K, committed 21296K, reserved 1067008K
  class space    used 2655K, capacity 2874K, committed 2944K, reserved 1048576K
}
Event: 3.631 GC heap after
{Heap after GC invocations=4 (full 0):
 garbage-first heap   total 262144K, used 34137K [0x00000000c0000000, 0x0000000100000000)
  region size 1024K, 4 young (4096K), 4 survivors (4096K)
 Metaspace       used 20759K, capacity 21160K, committed 21296K, reserved 1067008K
  class space    used 2655K, capacity 2874K, committed 2944K, reserved 1048576K
}
Event: 5.310 GC heap before
{Heap before GC invocations=5 (full 0):
 garbage-first heap   total 262144K, used 93529K [0x00000000c0000000, 0x0000000100000000)
  region size 1024K, 62 young (63488K), 4 survivors (4096K)
 Metaspace       used 29757K, capacity 30527K, committed 30768K, reserved 1075200K
  class space    used 3971K, capacity 4376K, committed 4480K, reserved 1048576K
}
Event: 5.318 GC heap after
{Heap after GC invocations=6 (full 0):
 garbage-first heap   total 262144K, used 36338K [0x00000000c0000000, 0x0000000100000000)
  region size 1024K, 6 young (6144K), 6 survivors (6144K)
 Metaspace       used 29757K, capacity 30527K, committed 30768K, reserved 1075200K
  class space    used 3971K, capacity 4376K, committed 4480K, reserved 1048576K
}
Event: 7.220 GC heap before
{Heap before GC invocations=6 (full 0):
 garbage-first heap   total 262144K, used 75250K [0x00000000c0000000, 0x0000000100000000)
  region size 1024K, 45 young (46080K), 6 survivors (6144K)
 Metaspace       used 34869K, capacity 35822K, committed 35888K, reserved 1079296K
  class space    used 4678K, capacity 5203K, committed 5248K, reserved 1048576K
}
Event: 7.227 GC heap after
{Heap after GC invocations=7 (full 0):
 garbage-first heap   total 262144K, used 37296K [0x00000000c0000000, 0x0000000100000000)
  region size 1024K, 7 young (7168K), 7 survivors (7168K)
 Metaspace       used 34869K, capacity 35822K, committed 35888K, reserved 1079296K
  class space    used 4678K, capacity 5203K, committed 5248K, reserved 1048576K
}

Deoptimization events (10 events):
Event: 4.396 Thread 0x0000024c7a86b800 Uncommon trap: reason=unstable_if action=reinterpret pc=0x0000024c6a51b68c method=java.lang.StringLatin1.regionMatchesCI([BI[BII)Z @ 66 c2
Event: 4.399 Thread 0x0000024c7a86b800 Uncommon trap: reason=unstable_if action=reinterpret pc=0x0000024c6a5207e0 method=java.lang.ThreadLocal.get()Ljava/lang/Object; @ 11 c2
Event: 4.655 Thread 0x0000024c7a86b800 Uncommon trap: reason=unstable_if action=reinterpret pc=0x0000024c6a500418 method=jdk.internal.org.objectweb.asm.Type.getArgumentsAndReturnSizes(Ljava/lang/String;)I @ 41 c2
Event: 5.072 Thread 0x0000024c7a86b800 Uncommon trap: reason=speculate_null_assert action=make_not_entrant pc=0x0000024c6a516374 method=jdk.internal.loader.URLClassPath$JarLoader.getResource(Ljava/lang/String;ZLjava/util/Set;)Ljdk/internal/loader/Resource; @ 17 c2
Event: 5.225 Thread 0x0000024c7a86b800 Uncommon trap: reason=unstable_if action=reinterpret pc=0x0000024c6a4943b0 method=java.lang.StringLatin1.lastIndexOf([BI[BII)I @ 32 c2
Event: 6.737 Thread 0x0000024c7a86b800 Uncommon trap: reason=unstable_if action=reinterpret pc=0x0000024c6a56fcb4 method=jdk.internal.org.objectweb.asm.Type.getArgumentsAndReturnSizes(Ljava/lang/String;)I @ 47 c2
Event: 6.737 Thread 0x0000024c7a86b800 Uncommon trap: reason=unstable_if action=reinterpret pc=0x0000024c6a5896dc method=jdk.internal.org.objectweb.asm.Frame.push(Ljdk/internal/org/objectweb/asm/ClassWriter;Ljava/lang/String;)V @ 18 c2
Event: 7.151 Thread 0x0000024c7a86b800 Uncommon trap: reason=unstable_if action=reinterpret pc=0x0000024c6a55e89c method=java.nio.Buffer.position(I)Ljava/nio/Buffer; @ 37 c2
Event: 7.209 Thread 0x0000024c7a86b800 Uncommon trap: reason=unstable_if action=reinterpret pc=0x0000024c6a52d1f4 method=java.util.HashMap.hash(Ljava/lang/Object;)I @ 1 c2
Event: 7.209 Thread 0x0000024c7a86b800 Uncommon trap: reason=unstable_if action=reinterpret pc=0x0000024c6a49262c method=java.util.HashMap.hash(Ljava/lang/Object;)I @ 1 c2

Classes redefined (0 events):
No events

Internal exceptions (10 events):
Event: 7.483 Thread 0x0000024c7a86b800 Exception <a 'java/lang/NoSuchMethodError'{0x00000000cf280ef0}: java.lang.invoke.DirectMethodHandle$Holder.invokeStatic(Ljava/lang/Object;JJ)J> (0x00000000cf280ef0) thrown at [./open/src/hotspot/share/interpreter/linkResolver.cpp, line 772]
Event: 7.494 Thread 0x0000024c7a86b800 Exception <a 'java/lang/NoSuchMethodError'{0x00000000cf2c5ba0}: java.lang.invoke.DirectMethodHandle$Holder.invokeInterface(Ljava/lang/Object;Ljava/lang/Object;)V> (0x00000000cf2c5ba0) thrown at [./open/src/hotspot/share/interpreter/linkResolver.cpp, line 
Event: 7.553 Thread 0x0000024c7a86b800 Exception <a 'java/lang/NoSuchMethodError'{0x00000000cf06d4e8}: java.lang.invoke.DirectMethodHandle$Holder.invokeStaticInit(Ljava/lang/Object;Ljava/lang/Object;)I> (0x00000000cf06d4e8) thrown at [./open/src/hotspot/share/interpreter/linkResolver.cpp, line
Event: 7.555 Thread 0x0000024c7a86b800 Exception <a 'java/lang/NoSuchMethodError'{0x00000000cf072a58}: java.lang.invoke.DirectMethodHandle$Holder.invokeStaticInit(Ljava/lang/Object;Ljava/lang/Object;Ljava/lang/Object;)V> (0x00000000cf072a58) thrown at [./open/src/hotspot/share/interpreter/link
Event: 7.569 Thread 0x0000024c7ab03800 Exception <a 'java/lang/NoSuchMethodError'{0x00000000cf0ecc70}: java.lang.invoke.DirectMethodHandle$Holder.invokeStatic(Ljava/lang/Object;Ljava/lang/Object;JLjava/lang/Object;)Ljava/lang/Object;> (0x00000000cf0ecc70) thrown at [./open/src/hotspot/share/in
Event: 7.571 Thread 0x0000024c7ab03800 Exception <a 'java/lang/NoSuchMethodError'{0x00000000cf0f4aa8}: java.lang.invoke.DirectMethodHandle$Holder.invokeStatic(Ljava/lang/Object;Ljava/lang/Object;J)Ljava/lang/Object;> (0x00000000cf0f4aa8) thrown at [./open/src/hotspot/share/interpreter/linkReso
Event: 7.572 Thread 0x0000024c7ab03800 Exception <a 'java/lang/NoSuchMethodError'{0x00000000cf0f7b58}: java.lang.invoke.DirectMethodHandle$Holder.invokeSpecial(Ljava/lang/Object;Ljava/lang/Object;Ljava/lang/Object;J)Ljava/lang/Object;> (0x00000000cf0f7b58) thrown at [./open/src/hotspot/share/i
Event: 7.573 Thread 0x0000024c7ab03800 Exception <a 'java/lang/NoSuchMethodError'{0x00000000cf0fa7a0}: java.lang.invoke.Invokers$Holder.linkToTargetMethod(Ljava/lang/Object;JLjava/lang/Object;)Ljava/lang/Object;> (0x00000000cf0fa7a0) thrown at [./open/src/hotspot/share/interpreter/linkResolver
Event: 7.583 Thread 0x0000024c7a86b800 Exception <a 'java/lang/NoSuchMethodError'{0x00000000cefbfbd0}: java.lang.invoke.DirectMethodHandle$Holder.invokeInterface(Ljava/lang/Object;Ljava/lang/Object;Ljava/lang/Object;)Ljava/lang/Object;> (0x00000000cefbfbd0) thrown at [./open/src/hotspot/share/
Event: 7.745 Thread 0x0000024c7a86b800 Exception <a 'java/lang/NoSuchMethodError'{0x00000000ce955b58}: java.lang.invoke.DirectMethodHandle$Holder.invokeStatic(Ljava/lang/Object;Ljava/lang/Object;)J> (0x00000000ce955b58) thrown at [./open/src/hotspot/share/interpreter/linkResolver.cpp, line 772

Events (10 events):
Event: 7.912 loading class org/apache/spark/SparkDriverExecutionException
Event: 7.912 loading class org/apache/spark/SparkDriverExecutionException done
Event: 7.914 loading class org/apache/spark/scheduler/DAGScheduler$
Event: 7.914 loading class org/apache/spark/scheduler/DAGScheduler$ done
Event: 7.915 loading class org/apache/spark/scheduler/DAGSchedulerSource
Event: 7.915 loading class org/apache/spark/scheduler/DAGSchedulerSource done
Event: 7.921 loading class org/apache/spark/scheduler/DAGSchedulerSource$$anon$1
Event: 7.921 loading class org/apache/spark/scheduler/DAGSchedulerSource$$anon$1 done
Event: 7.922 loading class org/apache/spark/scheduler/DAGSchedulerSource$$anon$2
Event: 7.922 loading class org/apache/spark/scheduler/DAGSchedulerSource$$anon$2 done


Dynamic libraries:
0x00007ff6bbe60000 - 0x00007ff6bbe6f000 	D:\bigdata\Java\jdk-11.0.15\bin\java.exe
0x00007ffde8a10000 - 0x00007ffde8c27000 	C:\WINDOWS\SYSTEM32\ntdll.dll
0x00007ffde7340000 - 0x00007ffde7404000 	C:\WINDOWS\System32\KERNEL32.DLL
0x00007ffde6350000 - 0x00007ffde670a000 	C:\WINDOWS\System32\KERNELBASE.dll
0x00007ffde6160000 - 0x00007ffde6271000 	C:\WINDOWS\System32\ucrtbase.dll
0x00007ffdd0140000 - 0x00007ffdd0158000 	D:\bigdata\Java\jdk-11.0.15\bin\jli.dll
0x00007ffde67f0000 - 0x00007ffde68a2000 	C:\WINDOWS\System32\ADVAPI32.dll
0x00007ffde6740000 - 0x00007ffde67e7000 	C:\WINDOWS\System32\msvcrt.dll
0x00007ffde6d30000 - 0x00007ffde6dd7000 	C:\WINDOWS\System32\sechost.dll
0x00007ffde5d60000 - 0x00007ffde5d88000 	C:\WINDOWS\System32\bcrypt.dll
0x00007ffde7d60000 - 0x00007ffde7e74000 	C:\WINDOWS\System32\RPCRT4.dll
0x00007ffddc8f0000 - 0x00007ffddc905000 	D:\bigdata\Java\jdk-11.0.15\bin\VCRUNTIME140.dll
0x00007ffde7190000 - 0x00007ffde733e000 	C:\WINDOWS\System32\USER32.dll
0x00007ffde6280000 - 0x00007ffde62a6000 	C:\WINDOWS\System32\win32u.dll
0x00007ffde6710000 - 0x00007ffde6739000 	C:\WINDOWS\System32\GDI32.dll
0x00007ffde6040000 - 0x00007ffde615b000 	C:\WINDOWS\System32\gdi32full.dll
0x00007ffde62b0000 - 0x00007ffde634a000 	C:\WINDOWS\System32\msvcp_win.dll
0x00007ffdcbdb0000 - 0x00007ffdcc042000 	C:\WINDOWS\WinSxS\amd64_microsoft.windows.common-controls_6595b64144ccf1df_6.0.22621.4541_none_2710d1c57384c085\COMCTL32.dll
0x00007ffddb230000 - 0x00007ffddb23a000 	C:\WINDOWS\SYSTEM32\VERSION.dll
0x00007ffde6de0000 - 0x00007ffde6e11000 	C:\WINDOWS\System32\IMM32.DLL
0x00007ffd64b70000 - 0x00007ffd64c0b000 	D:\bigdata\Java\jdk-11.0.15\bin\msvcp140.dll
0x00007ffd49a30000 - 0x00007ffd4a546000 	D:\bigdata\Java\jdk-11.0.15\bin\server\jvm.dll
0x00007ffde8290000 - 0x00007ffde8298000 	C:\WINDOWS\System32\PSAPI.DLL
0x00007ffdcad10000 - 0x00007ffdcad19000 	C:\WINDOWS\SYSTEM32\WSOCK32.dll
0x00007ffdddd10000 - 0x00007ffdddd44000 	C:\WINDOWS\SYSTEM32\WINMM.dll
0x00007ffde8300000 - 0x00007ffde8371000 	C:\WINDOWS\System32\WS2_32.dll
0x00007ffde4ce0000 - 0x00007ffde4cf8000 	C:\WINDOWS\SYSTEM32\kernel.appcore.dll
0x00007ffddb840000 - 0x00007ffddb850000 	D:\bigdata\Java\jdk-11.0.15\bin\verify.dll
0x00007ffde3510000 - 0x00007ffde3742000 	C:\WINDOWS\SYSTEM32\DBGHELP.DLL
0x00007ffde8620000 - 0x00007ffde89af000 	C:\WINDOWS\System32\combase.dll
0x00007ffde6e20000 - 0x00007ffde6ef7000 	C:\WINDOWS\System32\OLEAUT32.dll
0x00007ffdc0050000 - 0x00007ffdc0082000 	C:\WINDOWS\SYSTEM32\dbgcore.DLL
0x00007ffde5ce0000 - 0x00007ffde5d5b000 	C:\WINDOWS\System32\bcryptPrimitives.dll
0x00007ffdbf930000 - 0x00007ffdbf958000 	D:\bigdata\Java\jdk-11.0.15\bin\java.dll
0x00007ffddad90000 - 0x00007ffddad9a000 	D:\bigdata\Java\jdk-11.0.15\bin\jimage.dll
0x00007ffdb9350000 - 0x00007ffdb9366000 	D:\bigdata\Java\jdk-11.0.15\bin\zip.dll
0x00007ffde7410000 - 0x00007ffde7c88000 	C:\WINDOWS\System32\SHELL32.dll
0x00007ffde3bd0000 - 0x00007ffde44d8000 	C:\WINDOWS\SYSTEM32\windows.storage.dll
0x00007ffde3a90000 - 0x00007ffde3bcf000 	C:\WINDOWS\SYSTEM32\wintypes.dll
0x00007ffde8380000 - 0x00007ffde847a000 	C:\WINDOWS\System32\SHCORE.dll
0x00007ffde7130000 - 0x00007ffde718e000 	C:\WINDOWS\System32\shlwapi.dll
0x00007ffde5c10000 - 0x00007ffde5c3b000 	C:\WINDOWS\SYSTEM32\profapi.dll
0x00007ffdb7f80000 - 0x00007ffdb7f99000 	D:\bigdata\Java\jdk-11.0.15\bin\net.dll
0x00007ffddb0a0000 - 0x00007ffddb1d6000 	C:\WINDOWS\SYSTEM32\WINHTTP.dll
0x00007ffde5150000 - 0x00007ffde51b9000 	C:\WINDOWS\system32\mswsock.dll
0x00007ffdb42e0000 - 0x00007ffdb42f2000 	D:\bigdata\Java\jdk-11.0.15\bin\nio.dll
0x00007ffdcaef0000 - 0x00007ffdcaf07000 	C:\WINDOWS\system32\napinsp.dll
0x00007ffdcad30000 - 0x00007ffdcad4b000 	C:\WINDOWS\system32\pnrpnsp.dll
0x00007ffde47b0000 - 0x00007ffde48b2000 	C:\WINDOWS\SYSTEM32\DNSAPI.dll
0x00007ffde4780000 - 0x00007ffde47ad000 	C:\WINDOWS\SYSTEM32\IPHLPAPI.DLL
0x00007ffde82a0000 - 0x00007ffde82a9000 	C:\WINDOWS\System32\NSI.dll
0x00007ffdc0380000 - 0x00007ffdc0391000 	C:\WINDOWS\System32\winrnr.dll
0x00007ffddaea0000 - 0x00007ffddaeb5000 	C:\WINDOWS\system32\wshbth.dll
0x00007ffddea40000 - 0x00007ffddea67000 	C:\WINDOWS\system32\nlansp_c.dll
0x00007ffdd9470000 - 0x00007ffdd947a000 	C:\Windows\System32\rasadhlp.dll
0x00007ffdda0f0000 - 0x00007ffdda173000 	C:\WINDOWS\System32\fwpuclnt.dll
0x00007ffde54a0000 - 0x00007ffde54bb000 	C:\WINDOWS\SYSTEM32\CRYPTSP.dll
0x00007ffde4c40000 - 0x00007ffde4c75000 	C:\WINDOWS\system32\rsaenh.dll
0x00007ffde51f0000 - 0x00007ffde5218000 	C:\WINDOWS\SYSTEM32\USERENV.dll
0x00007ffde5480000 - 0x00007ffde548c000 	C:\WINDOWS\SYSTEM32\CRYPTBASE.dll
0x00007ffddaee0000 - 0x00007ffddaef9000 	C:\WINDOWS\SYSTEM32\dhcpcsvc6.DLL
0x00007ffddaec0000 - 0x00007ffddaedf000 	C:\WINDOWS\SYSTEM32\dhcpcsvc.DLL
0x00007ffdd08d0000 - 0x00007ffdd08d9000 	D:\bigdata\Java\jdk-11.0.15\bin\management.dll
0x00007ffdd0810000 - 0x00007ffdd081b000 	D:\bigdata\Java\jdk-11.0.15\bin\management_ext.dll
0x00007ffdd0120000 - 0x00007ffdd013b000 	D:\bigdata\hadoop-3.2.2\bin\hadoop.dll
0x00007ffdcea20000 - 0x00007ffdcea39000 	C:\WINDOWS\SYSTEM32\NETAPI32.dll
0x00007ffde48c0000 - 0x00007ffde490e000 	C:\WINDOWS\SYSTEM32\AUTHZ.dll
0x00007ffdcb0b0000 - 0x00007ffdcb0c9000 	C:\WINDOWS\SYSTEM32\SAMCLI.DLL
0x00007ffde4700000 - 0x00007ffde470c000 	C:\WINDOWS\SYSTEM32\NETUTILS.DLL
0x00007ffdd07c0000 - 0x00007ffdd07c9000 	D:\bigdata\Java\jdk-11.0.15\bin\jaas.dll

dbghelp: loaded successfully - version: 4.0.5 - missing functions: none
symbol engine: initialized successfully - sym options: 0x614 - pdb path: .;D:\bigdata\Java\jdk-11.0.15\bin;C:\WINDOWS\SYSTEM32;C:\WINDOWS\WinSxS\amd64_microsoft.windows.common-controls_6595b64144ccf1df_6.0.22621.4541_none_2710d1c57384c085;D:\bigdata\Java\jdk-11.0.15\bin\server;D:\bigdata\hadoop-3.2.2\bin

VM Arguments:
jvm_args: -Xmx1g 
java_command: org.apache.spark.deploy.SparkSubmit --conf spark.master=local[*] --conf spark.app.name=test pyspark-shell
java_class_path (initial): D:\bigdata\spark-3.1.2-bin-hadoop3.2\bin\..\conf\;D:\bigdata\spark-3.1.2-bin-hadoop3.2\jars\accessors-smart-1.2.jar;D:\bigdata\spark-3.1.2-bin-hadoop3.2\jars\activation-1.1.1.jar;D:\bigdata\spark-3.1.2-bin-hadoop3.2\jars\aircompressor-0.10.jar;D:\bigdata\spark-3.1.2-bin-hadoop3.2\jars\algebra_2.12-2.0.0-M2.jar;D:\bigdata\spark-3.1.2-bin-hadoop3.2\jars\antlr-runtime-3.5.2.jar;D:\bigdata\spark-3.1.2-bin-hadoop3.2\jars\antlr4-runtime-4.8-1.jar;D:\bigdata\spark-3.1.2-bin-hadoop3.2\jars\aopalliance-1.0.jar;D:\bigdata\spark-3.1.2-bin-hadoop3.2\jars\aopalliance-repackaged-2.6.1.jar;D:\bigdata\spark-3.1.2-bin-hadoop3.2\jars\arpack_combined_all-0.1.jar;D:\bigdata\spark-3.1.2-bin-hadoop3.2\jars\arrow-format-2.0.0.jar;D:\bigdata\spark-3.1.2-bin-hadoop3.2\jars\arrow-memory-core-2.0.0.jar;D:\bigdata\spark-3.1.2-bin-hadoop3.2\jars\arrow-memory-netty-2.0.0.jar;D:\bigdata\spark-3.1.2-bin-hadoop3.2\jars\arrow-vector-2.0.0.jar;D:\bigdata\spark-3.1.2-bin-hadoop3.2\jars\audience-annotations-0.5.0.jar;D:\bigdata\spark-3.1.2-bin-hadoop3.2\jars\automaton-1.11-8.jar;D:\bigdata\spark-3.1.2-bin-hadoop3.2\jars\avro-1.8.2.jar;D:\bigdata\spark-3.1.2-bin-hadoop3.2\jars\avro-ipc-1.8.2.jar;D:\bigdata\spark-3.1.2-bin-hadoop3.2\jars\avro-mapred-1.8.2-hadoop2.jar;D:\bigdata\spark-3.1.2-bin-hadoop3.2\jars\aws-java-sdk-1.12.183.jar;D:\bigdata\spark-3.1.2-bin-hadoop3.2\jars\aws-java-sdk-core-1.12.183.jar;D:\bigdata\spark-3.1.2-bin-hadoop3.2\jars\aws-java-sdk-dynamodb-1.12.183.jar;D:\bigdata\spark-3.1.2-bin-hadoop3.2\jars\aws-java-sdk-s3-1.12.183.jar;D:\bigdata\spark-3.1.2-bin-hadoop3.2\jars\bonecp-0.8.0.RELEASE.jar;D:\bigdata\spark-3.1.2-bin-hadoop3.2\jars\breeze-macros_2.12-1.0.jar;D:\bigdata\spark-3.1.2-bin-hadoop3.2\jars\breeze_2.12-1.0.jar;D:\bigdata\spark-3.1.2-bin-hadoop3.2\jars\cats-kernel_2.12-2.0.0-M4.jar;D:\bigdata\spark-3.1.2-bin-hadoop3.2\jars\chill-java-0.9.5.jar;D:\bigdata\spark-3.1.2-bin-hadoop3.2\jars\chill_2.12-0.9.5.jar;D:\bigdata\spark-3.1.2-bin-hadoop3.2\
Launcher Type: SUN_STANDARD

[Global flags]
     intx CICompilerCount                          = 4                                         {product} {ergonomic}
     uint ConcGCThreads                            = 2                                         {product} {ergonomic}
     uint G1ConcRefinementThreads                  = 8                                         {product} {ergonomic}
   size_t G1HeapRegionSize                         = 1048576                                   {product} {ergonomic}
    uintx GCDrainStackTargetSize                   = 64                                        {product} {ergonomic}
   size_t InitialHeapSize                          = 268435456                                 {product} {ergonomic}
   size_t MarkStackSize                            = 4194304                                   {product} {ergonomic}
   size_t MaxHeapSize                              = 1073741824                                {product} {command line}
   size_t MaxNewSize                               = 643825664                                 {product} {ergonomic}
   size_t MinHeapDeltaBytes                        = 1048576                                   {product} {ergonomic}
    uintx NonNMethodCodeHeapSize                   = 5836300                                {pd product} {ergonomic}
    uintx NonProfiledCodeHeapSize                  = 122910970                              {pd product} {ergonomic}
    uintx ProfiledCodeHeapSize                     = 122910970                              {pd product} {ergonomic}
    uintx ReservedCodeCacheSize                    = 251658240                              {pd product} {ergonomic}
     bool SegmentedCodeCache                       = true                                      {product} {ergonomic}
     bool UseCompressedClassPointers               = true                                 {lp64_product} {ergonomic}
     bool UseCompressedOops                        = true                                 {lp64_product} {ergonomic}
     bool UseG1GC                                  = true                                      {product} {ergonomic}
     bool UseLargePagesIndividualAllocation        = false                                  {pd product} {ergonomic}

Logging:
Log output configuration:
 #0: stdout all=warning uptime,level,tags
 #1: stderr all=off uptime,level,tags

Environment Variables:
JAVA_HOME=D:\bigdata\Java\jdk-11.0.15
PATH=C:\Users\ADMIN\anaconda3\envs\py38;C:\Users\ADMIN\anaconda3\envs\py38\Library\mingw-w64\bin;C:\Users\ADMIN\anaconda3\envs\py38\Library\usr\bin;C:\Users\ADMIN\anaconda3\envs\py38\Library\bin;C:\Users\ADMIN\anaconda3\envs\py38\Scripts;C:\Users\ADMIN\anaconda3\envs\py38\bin;C:\Users\ADMIN\anaconda3\condabin;C:\WINDOWS\system32;C:\WINDOWS;C:\WINDOWS\System32\Wbem;C:\WINDOWS\System32\WindowsPowerShell\v1.0;C:\WINDOWS\System32\OpenSSH;C:\Program Files\PuTTY;C:\Program Files\dotnet;D:\bigdata\scala\bin;C:\Program Files\Docker\Docker\resources\bin;C:\Program Files\Amazon\AWSCLIV2;C:\Users\ADMIN\AppData\Local\Microsoft\WindowsApps;D:\bigdata\apache-cassandra-3.11.8\bin;D:\bigdata\spark-3.1.2-bin-hadoop3.2\bin;D:\bigdata\spark-3.1.2-bin-hadoop3.2\sbin;D:\bigdata\hadoop-3.2.2\bin;D:\bigdata\hadoop-3.2.2\sbin;D:\bigdata\Java\jdk-11.0.15\bin;D:\bigdata\kafka_2.12-2.8.1\bin;D:\bigdata\PyCharm Community Edition 2023.2\bin;.;C:\Program Files\Azure Data Studio\bin;C:\bigdata\scala3-3.2.0\bin;D:\bigdata\nifi-1.28.0\bin;D:\bigdata\JetBrains\IntelliJ IDEA Community Edition 2024.1.4\bin;.;.;C:\Users\ADMIN\Anaconda3\Library\Bin
USERNAME=ADMIN
OS=Windows_NT
PROCESSOR_IDENTIFIER=Intel64 Family 6 Model 142 Stepping 10, GenuineIntel



---------------  S Y S T E M  ---------------

OS: Windows 11 , 64 bit Build 22621 (10.0.22621.4391)
Hyper-V role detected

CPU:total 8 (initial active 8) (4 cores per cpu, 2 threads per core) family 6 model 142 stepping 10 microcode 0xf0, cmov, cx8, fxsr, mmx, sse, sse2, sse3, ssse3, sse4.1, sse4.2, popcnt, avx, avx2, aes, clmul, erms, rtm, 3dnowpref, lzcnt, ht, tsc, tscinvbit, bmi1, bmi2, adx, fma

Memory: 4k page, system-wide physical 16262M (467M free)
TotalPageFile size 26501M (AvailPageFile size 6M)
current process WorkingSet (physical memory assigned to process): 235M, peak: 235M
current process commit charge ("private bytes"): 439M, peak: 440M

vm_info: Java HotSpot(TM) 64-Bit Server VM (11.0.15+8-LTS-149) for windows-amd64 JRE (11.0.15+8-LTS-149), built on Mar  9 2022 22:42:32 by "mach5one" with MS VC++ 15.9 (VS2017)

END.
