#
# There is insufficient memory for the Java Runtime Environment to continue.
# Native memory allocation (malloc) failed to allocate 1234096 bytes for Chunk::new
# Possible reasons:
#   The system is out of physical RAM or swap space
#   The process is running with CompressedOops enabled, and the Java Heap may be blocking the growth of the native heap
# Possible solutions:
#   Reduce memory load on the system
#   Increase physical memory or swap space
#   Check if swap backing store is full
#   Decrease Java heap size (-Xmx/-Xms)
#   Decrease number of Java threads
#   Decrease Java thread stack sizes (-Xss)
#   Set larger code cache with -XX:ReservedCodeCacheSize=
#   JVM is running with Unscaled Compressed Oops mode in which the Java heap is
#     placed in the first 4GB address space. The Java Heap base address is the
#     maximum limit for the native heap growth. Please use -XX:HeapBaseMinAddress
#     to set the Java Heap base and to place the Java Heap above 4GB virtual address.
# This output file may be truncated or incomplete.
#
#  Out of Memory Error (./open/src/hotspot/share/memory/arena.cpp:197), pid=4500, tid=17996
#
# JRE version: Java(TM) SE Runtime Environment 18.9 (11.0.15+8) (build 11.0.15+8-LTS-149)
# Java VM: Java HotSpot(TM) 64-Bit Server VM 18.9 (11.0.15+8-LTS-149, mixed mode, tiered, compressed oops, g1 gc, windows-amd64)
# No core dump will be written. Minidumps are not enabled by default on client versions of Windows
#

---------------  S U M M A R Y ------------

Command Line: -Xmx1g org.apache.spark.deploy.SparkSubmit --conf spark.master=local[*] --conf spark.app.name=test pyspark-shell

Host: Intel(R) Core(TM) i7-8650U CPU @ 1.90GHz, 8 cores, 15G,  Windows 11 , 64 bit Build 22621 (10.0.22621.3958)
Time: Thu Nov 14 09:44:06 2024 India Standard Time elapsed time: 7.961437 seconds (0d 0h 0m 7s)

---------------  T H R E A D  ---------------

Current thread (0x000001e46564a800):  JavaThread "C2 CompilerThread0" daemon [_thread_in_native, id=17996, stack(0x0000007be4100000,0x0000007be4200000)]


Current CompileTask:
C2:   7961 2132       4       jdk.internal.org.objectweb.asm.Frame::execute (2264 bytes)

Stack: [0x0000007be4100000,0x0000007be4200000]
Native frames: (J=compiled Java code, j=interpreted, Vv=VM code, C=native code)
V  [jvm.dll+0x629d8a]
V  [jvm.dll+0x7638ff]
V  [jvm.dll+0x764fa9]
V  [jvm.dll+0x765633]
V  [jvm.dll+0x23d9c8]
V  [jvm.dll+0xb2a1c]
V  [jvm.dll+0xb2fdc]
V  [jvm.dll+0x341002]
V  [jvm.dll+0x30e9b3]
V  [jvm.dll+0x30dcfa]
V  [jvm.dll+0x1f8565]
V  [jvm.dll+0x1f774d]
V  [jvm.dll+0x177c51]
V  [jvm.dll+0x207026]
V  [jvm.dll+0x2051bb]
V  [jvm.dll+0x729820]
V  [jvm.dll+0x7223f4]
V  [jvm.dll+0x628c26]
C  [ucrtbase.dll+0x29333]
C  [KERNEL32.DLL+0x1257d]
C  [ntdll.dll+0x5af08]


---------------  P R O C E S S  ---------------

Threads class SMR info:
_java_thread_list=0x000001e465fce4d0, length=14, elements={
0x000001e449379800, 0x000001e4655f8000, 0x000001e4655ed000, 0x000001e465600800,
0x000001e465601800, 0x000001e465645800, 0x000001e46564a800, 0x000001e46564d000,
0x000001e46564e800, 0x000001e46590c000, 0x000001e466b5e800, 0x000001e466b86000,
0x000001e466bce000, 0x000001e467d3f800
}

Java Threads: ( => current thread )
  0x000001e449379800 JavaThread "main" [_thread_in_native, id=10044, stack(0x0000007be3500000,0x0000007be3600000)]
  0x000001e4655f8000 JavaThread "Reference Handler" daemon [_thread_blocked, id=4336, stack(0x0000007be3c00000,0x0000007be3d00000)]
  0x000001e4655ed000 JavaThread "Finalizer" daemon [_thread_blocked, id=8500, stack(0x0000007be3d00000,0x0000007be3e00000)]
  0x000001e465600800 JavaThread "Signal Dispatcher" daemon [_thread_blocked, id=9784, stack(0x0000007be3e00000,0x0000007be3f00000)]
  0x000001e465601800 JavaThread "Attach Listener" daemon [_thread_blocked, id=10232, stack(0x0000007be3f00000,0x0000007be4000000)]
  0x000001e465645800 JavaThread "Service Thread" daemon [_thread_blocked, id=17212, stack(0x0000007be4000000,0x0000007be4100000)]
=>0x000001e46564a800 JavaThread "C2 CompilerThread0" daemon [_thread_in_native, id=17996, stack(0x0000007be4100000,0x0000007be4200000)]
  0x000001e46564d000 JavaThread "C1 CompilerThread0" daemon [_thread_blocked, id=15472, stack(0x0000007be4200000,0x0000007be4300000)]
  0x000001e46564e800 JavaThread "Sweeper thread" daemon [_thread_blocked, id=12256, stack(0x0000007be4300000,0x0000007be4400000)]
  0x000001e46590c000 JavaThread "Common-Cleaner" daemon [_thread_blocked, id=10472, stack(0x0000007be4500000,0x0000007be4600000)]
  0x000001e466b5e800 JavaThread "pool-2-thread-1" [_thread_blocked, id=15356, stack(0x0000007be4e00000,0x0000007be4f00000)]
  0x000001e466b86000 JavaThread "Thread-1" [_thread_in_native, id=8296, stack(0x0000007be4f00000,0x0000007be5000000)]
  0x000001e466bce000 JavaThread "Thread-2" [_thread_in_native, id=15216, stack(0x0000007be4600000,0x0000007be4700000)]
  0x000001e467d3f800 JavaThread "C2 CompilerThread1" daemon [_thread_blocked, id=18736, stack(0x0000007be5100000,0x0000007be5200000)]

Other Threads:
  0x000001e4655e3800 VMThread "VM Thread" [stack: 0x0000007be3b00000,0x0000007be3c00000] [id=10312]
  0x000001e465909000 WatcherThread [stack: 0x0000007be4400000,0x0000007be4500000] [id=21364]
  0x000001e44938c800 GCTaskThread "GC Thread#0" [stack: 0x0000007be3600000,0x0000007be3700000] [id=19080]
  0x000001e466b89800 GCTaskThread "GC Thread#1" [stack: 0x0000007be4700000,0x0000007be4800000] [id=16452]
  0x000001e466aea000 GCTaskThread "GC Thread#2" [stack: 0x0000007be4800000,0x0000007be4900000] [id=26284]
  0x000001e46650a000 GCTaskThread "GC Thread#3" [stack: 0x0000007be4900000,0x0000007be4a00000] [id=7584]
  0x000001e466423000 GCTaskThread "GC Thread#4" [stack: 0x0000007be4a00000,0x0000007be4b00000] [id=26964]
  0x000001e466080000 GCTaskThread "GC Thread#5" [stack: 0x0000007be4b00000,0x0000007be4c00000] [id=16800]
  0x000001e4676e6000 GCTaskThread "GC Thread#6" [stack: 0x0000007be4d00000,0x0000007be4e00000] [id=25852]
  0x000001e46706c000 GCTaskThread "GC Thread#7" [stack: 0x0000007be5000000,0x0000007be5100000] [id=3956]
  0x000001e4493a9800 ConcurrentGCThread "G1 Main Marker" [stack: 0x0000007be3700000,0x0000007be3800000] [id=7036]
  0x000001e4493ac000 ConcurrentGCThread "G1 Conc#0" [stack: 0x0000007be3800000,0x0000007be3900000] [id=22480]
  0x000001e466773000 ConcurrentGCThread "G1 Conc#1" [stack: 0x0000007be4c00000,0x0000007be4d00000] [id=16460]
  0x000001e464c2c800 ConcurrentGCThread "G1 Refine#0" [stack: 0x0000007be3900000,0x0000007be3a00000] [id=9712]
  0x000001e464c2d000 ConcurrentGCThread "G1 Young RemSet Sampling" [stack: 0x0000007be3a00000,0x0000007be3b00000] [id=21104]

Threads with active compile tasks:
C2 CompilerThread0   8053 2132       4       jdk.internal.org.objectweb.asm.Frame::execute (2264 bytes)

VM state:not at safepoint (normal execution)

VM Mutex/Monitor currently owned by a thread: None

Heap address: 0x00000000c0000000, size: 1024 MB, Compressed Oops mode: 32-bit
Narrow klass base: 0x0000000000000000, Narrow klass shift: 3
Compressed class space size: 1073741824 Address: 0x0000000100000000

Heap:
 garbage-first heap   total 262144K, used 39707K [0x00000000c0000000, 0x0000000100000000)
  region size 1024K, 11 young (11264K), 7 survivors (7168K)
 Metaspace       used 30108K, capacity 30934K, committed 31024K, reserved 1075200K
  class space    used 4022K, capacity 4474K, committed 4480K, reserved 1048576K
Heap Regions: E=young(eden), S=young(survivor), O=old, HS=humongous(starts), HC=humongous(continues), CS=collection set, F=free, A=archive, TAMS=top-at-mark-start (previous, next)
|   0|0x00000000c0000000, 0x00000000c0100000, 0x00000000c0100000|100%|HS|  |TAMS 0x00000000c0100000, 0x00000000c0000000| Complete 
|   1|0x00000000c0100000, 0x00000000c0200000, 0x00000000c0200000|100%|HS|  |TAMS 0x00000000c0200000, 0x00000000c0100000| Complete 
|   2|0x00000000c0200000, 0x00000000c0300000, 0x00000000c0300000|100%|HS|  |TAMS 0x00000000c0300000, 0x00000000c0200000| Complete 
|   3|0x00000000c0300000, 0x00000000c0400000, 0x00000000c0400000|100%|HS|  |TAMS 0x00000000c0400000, 0x00000000c0300000| Complete 
|   4|0x00000000c0400000, 0x00000000c0500000, 0x00000000c0500000|100%|HC|  |TAMS 0x00000000c0500000, 0x00000000c0400000| Complete 
|   5|0x00000000c0500000, 0x00000000c0600000, 0x00000000c0600000|100%|HC|  |TAMS 0x00000000c0600000, 0x00000000c0500000| Complete 
|   6|0x00000000c0600000, 0x00000000c0700000, 0x00000000c0700000|100%|HC|  |TAMS 0x00000000c0700000, 0x00000000c0600000| Complete 
|   7|0x00000000c0700000, 0x00000000c0800000, 0x00000000c0800000|100%|HS|  |TAMS 0x00000000c0800000, 0x00000000c0700000| Complete 
|   8|0x00000000c0800000, 0x00000000c0900000, 0x00000000c0900000|100%|HC|  |TAMS 0x00000000c0900000, 0x00000000c0800000| Complete 
|   9|0x00000000c0900000, 0x00000000c0a00000, 0x00000000c0a00000|100%|HC|  |TAMS 0x00000000c0a00000, 0x00000000c0900000| Complete 
|  10|0x00000000c0a00000, 0x00000000c0b00000, 0x00000000c0b00000|100%|HC|  |TAMS 0x00000000c0b00000, 0x00000000c0a00000| Complete 
|  11|0x00000000c0b00000, 0x00000000c0c00000, 0x00000000c0c00000|100%|HC|  |TAMS 0x00000000c0c00000, 0x00000000c0b00000| Complete 
|  12|0x00000000c0c00000, 0x00000000c0d00000, 0x00000000c0d00000|100%|HS|  |TAMS 0x00000000c0d00000, 0x00000000c0c00000| Complete 
|  13|0x00000000c0d00000, 0x00000000c0e00000, 0x00000000c0e00000|100%|HC|  |TAMS 0x00000000c0e00000, 0x00000000c0d00000| Complete 
|  14|0x00000000c0e00000, 0x00000000c0f00000, 0x00000000c0f00000|100%| O|  |TAMS 0x00000000c0f00000, 0x00000000c0e00000| Untracked 
|  15|0x00000000c0f00000, 0x00000000c1000000, 0x00000000c1000000|100%| O|  |TAMS 0x00000000c1000000, 0x00000000c0f00000| Untracked 
|  16|0x00000000c1000000, 0x00000000c1100000, 0x00000000c1100000|100%| O|  |TAMS 0x00000000c1100000, 0x00000000c1000000| Untracked 
|  17|0x00000000c1100000, 0x00000000c1200000, 0x00000000c1200000|100%| O|  |TAMS 0x00000000c1200000, 0x00000000c1100000| Untracked 
|  18|0x00000000c1200000, 0x00000000c1300000, 0x00000000c1300000|100%| O|  |TAMS 0x00000000c1300000, 0x00000000c1200000| Untracked 
|  19|0x00000000c1300000, 0x00000000c1400000, 0x00000000c1400000|100%| O|  |TAMS 0x00000000c1400000, 0x00000000c1300000| Untracked 
|  20|0x00000000c1400000, 0x00000000c1500000, 0x00000000c1500000|100%| O|  |TAMS 0x00000000c1500000, 0x00000000c1400000| Untracked 
|  21|0x00000000c1500000, 0x00000000c1600000, 0x00000000c1600000|100%| O|  |TAMS 0x00000000c1600000, 0x00000000c1500000| Untracked 
|  22|0x00000000c1600000, 0x00000000c1700000, 0x00000000c1700000|100%| O|  |TAMS 0x00000000c1700000, 0x00000000c1600000| Untracked 
|  23|0x00000000c1700000, 0x00000000c1800000, 0x00000000c1800000|100%| O|  |TAMS 0x00000000c1800000, 0x00000000c1700000| Untracked 
|  24|0x00000000c1800000, 0x00000000c1900000, 0x00000000c1900000|100%| O|  |TAMS 0x00000000c1900000, 0x00000000c1800000| Untracked 
|  25|0x00000000c1900000, 0x00000000c1a00000, 0x00000000c1a00000|100%| O|  |TAMS 0x00000000c1a00000, 0x00000000c1900000| Untracked 
|  26|0x00000000c1a00000, 0x00000000c1b00000, 0x00000000c1b00000|100%| O|  |TAMS 0x00000000c1b00000, 0x00000000c1a00000| Untracked 
|  27|0x00000000c1b00000, 0x00000000c1c00000, 0x00000000c1c00000|100%| O|  |TAMS 0x00000000c1c00000, 0x00000000c1b00000| Untracked 
|  28|0x00000000c1c00000, 0x00000000c1d00000, 0x00000000c1d00000|100%| O|  |TAMS 0x00000000c1d00000, 0x00000000c1c00000| Untracked 
|  29|0x00000000c1d00000, 0x00000000c1da8400, 0x00000000c1e00000| 65%| O|  |TAMS 0x00000000c1da8400, 0x00000000c1d00000| Untracked 
|  30|0x00000000c1e00000, 0x00000000c1e00000, 0x00000000c1f00000|  0%| F|  |TAMS 0x00000000c1e00000, 0x00000000c1e00000| Untracked 
|  31|0x00000000c1f00000, 0x00000000c1f00000, 0x00000000c2000000|  0%| F|  |TAMS 0x00000000c1f00000, 0x00000000c1f00000| Untracked 
|  32|0x00000000c2000000, 0x00000000c2000000, 0x00000000c2100000|  0%| F|  |TAMS 0x00000000c2000000, 0x00000000c2000000| Untracked 
|  33|0x00000000c2100000, 0x00000000c2100000, 0x00000000c2200000|  0%| F|  |TAMS 0x00000000c2100000, 0x00000000c2100000| Untracked 
|  34|0x00000000c2200000, 0x00000000c2200000, 0x00000000c2300000|  0%| F|  |TAMS 0x00000000c2200000, 0x00000000c2200000| Untracked 
|  35|0x00000000c2300000, 0x00000000c2300000, 0x00000000c2400000|  0%| F|  |TAMS 0x00000000c2300000, 0x00000000c2300000| Untracked 
|  36|0x00000000c2400000, 0x00000000c2400000, 0x00000000c2500000|  0%| F|  |TAMS 0x00000000c2400000, 0x00000000c2400000| Untracked 
|  37|0x00000000c2500000, 0x00000000c2500000, 0x00000000c2600000|  0%| F|  |TAMS 0x00000000c2500000, 0x00000000c2500000| Untracked 
|  38|0x00000000c2600000, 0x00000000c2600000, 0x00000000c2700000|  0%| F|  |TAMS 0x00000000c2600000, 0x00000000c2600000| Untracked 
|  39|0x00000000c2700000, 0x00000000c2700000, 0x00000000c2800000|  0%| F|  |TAMS 0x00000000c2700000, 0x00000000c2700000| Untracked 
|  40|0x00000000c2800000, 0x00000000c2800000, 0x00000000c2900000|  0%| F|  |TAMS 0x00000000c2800000, 0x00000000c2800000| Untracked 
|  41|0x00000000c2900000, 0x00000000c2900000, 0x00000000c2a00000|  0%| F|  |TAMS 0x00000000c2900000, 0x00000000c2900000| Untracked 
|  42|0x00000000c2a00000, 0x00000000c2a00000, 0x00000000c2b00000|  0%| F|  |TAMS 0x00000000c2a00000, 0x00000000c2a00000| Untracked 
|  43|0x00000000c2b00000, 0x00000000c2b00000, 0x00000000c2c00000|  0%| F|  |TAMS 0x00000000c2b00000, 0x00000000c2b00000| Untracked 
|  44|0x00000000c2c00000, 0x00000000c2c00000, 0x00000000c2d00000|  0%| F|  |TAMS 0x00000000c2c00000, 0x00000000c2c00000| Untracked 
|  45|0x00000000c2d00000, 0x00000000c2d00000, 0x00000000c2e00000|  0%| F|  |TAMS 0x00000000c2d00000, 0x00000000c2d00000| Untracked 
|  46|0x00000000c2e00000, 0x00000000c2e00000, 0x00000000c2f00000|  0%| F|  |TAMS 0x00000000c2e00000, 0x00000000c2e00000| Untracked 
|  47|0x00000000c2f00000, 0x00000000c2f00000, 0x00000000c3000000|  0%| F|  |TAMS 0x00000000c2f00000, 0x00000000c2f00000| Untracked 
|  48|0x00000000c3000000, 0x00000000c3000000, 0x00000000c3100000|  0%| F|  |TAMS 0x00000000c3000000, 0x00000000c3000000| Untracked 
|  49|0x00000000c3100000, 0x00000000c3100000, 0x00000000c3200000|  0%| F|  |TAMS 0x00000000c3100000, 0x00000000c3100000| Untracked 
|  50|0x00000000c3200000, 0x00000000c3200000, 0x00000000c3300000|  0%| F|  |TAMS 0x00000000c3200000, 0x00000000c3200000| Untracked 
|  51|0x00000000c3300000, 0x00000000c3300000, 0x00000000c3400000|  0%| F|  |TAMS 0x00000000c3300000, 0x00000000c3300000| Untracked 
|  52|0x00000000c3400000, 0x00000000c3400000, 0x00000000c3500000|  0%| F|  |TAMS 0x00000000c3400000, 0x00000000c3400000| Untracked 
|  53|0x00000000c3500000, 0x00000000c3500000, 0x00000000c3600000|  0%| F|  |TAMS 0x00000000c3500000, 0x00000000c3500000| Untracked 
|  54|0x00000000c3600000, 0x00000000c3600000, 0x00000000c3700000|  0%| F|  |TAMS 0x00000000c3600000, 0x00000000c3600000| Untracked 
|  55|0x00000000c3700000, 0x00000000c3700000, 0x00000000c3800000|  0%| F|  |TAMS 0x00000000c3700000, 0x00000000c3700000| Untracked 
|  56|0x00000000c3800000, 0x00000000c3800000, 0x00000000c3900000|  0%| F|  |TAMS 0x00000000c3800000, 0x00000000c3800000| Untracked 
|  57|0x00000000c3900000, 0x00000000c3900000, 0x00000000c3a00000|  0%| F|  |TAMS 0x00000000c3900000, 0x00000000c3900000| Untracked 
|  58|0x00000000c3a00000, 0x00000000c3a00000, 0x00000000c3b00000|  0%| F|  |TAMS 0x00000000c3a00000, 0x00000000c3a00000| Untracked 
|  59|0x00000000c3b00000, 0x00000000c3b00000, 0x00000000c3c00000|  0%| F|  |TAMS 0x00000000c3b00000, 0x00000000c3b00000| Untracked 
|  60|0x00000000c3c00000, 0x00000000c3c00000, 0x00000000c3d00000|  0%| F|  |TAMS 0x00000000c3c00000, 0x00000000c3c00000| Untracked 
|  61|0x00000000c3d00000, 0x00000000c3d00000, 0x00000000c3e00000|  0%| F|  |TAMS 0x00000000c3d00000, 0x00000000c3d00000| Untracked 
|  62|0x00000000c3e00000, 0x00000000c3e00000, 0x00000000c3f00000|  0%| F|  |TAMS 0x00000000c3e00000, 0x00000000c3e00000| Untracked 
|  63|0x00000000c3f00000, 0x00000000c3f00000, 0x00000000c4000000|  0%| F|  |TAMS 0x00000000c3f00000, 0x00000000c3f00000| Untracked 
|  64|0x00000000c4000000, 0x00000000c4000000, 0x00000000c4100000|  0%| F|  |TAMS 0x00000000c4000000, 0x00000000c4000000| Untracked 
|  65|0x00000000c4100000, 0x00000000c4100000, 0x00000000c4200000|  0%| F|  |TAMS 0x00000000c4100000, 0x00000000c4100000| Untracked 
|  66|0x00000000c4200000, 0x00000000c4200000, 0x00000000c4300000|  0%| F|  |TAMS 0x00000000c4200000, 0x00000000c4200000| Untracked 
|  67|0x00000000c4300000, 0x00000000c4300000, 0x00000000c4400000|  0%| F|  |TAMS 0x00000000c4300000, 0x00000000c4300000| Untracked 
|  68|0x00000000c4400000, 0x00000000c4400000, 0x00000000c4500000|  0%| F|  |TAMS 0x00000000c4400000, 0x00000000c4400000| Untracked 
|  69|0x00000000c4500000, 0x00000000c4500000, 0x00000000c4600000|  0%| F|  |TAMS 0x00000000c4500000, 0x00000000c4500000| Untracked 
|  70|0x00000000c4600000, 0x00000000c4600000, 0x00000000c4700000|  0%| F|  |TAMS 0x00000000c4600000, 0x00000000c4600000| Untracked 
|  71|0x00000000c4700000, 0x00000000c4700000, 0x00000000c4800000|  0%| F|  |TAMS 0x00000000c4700000, 0x00000000c4700000| Untracked 
|  72|0x00000000c4800000, 0x00000000c4800000, 0x00000000c4900000|  0%| F|  |TAMS 0x00000000c4800000, 0x00000000c4800000| Untracked 
|  73|0x00000000c4900000, 0x00000000c4900000, 0x00000000c4a00000|  0%| F|  |TAMS 0x00000000c4900000, 0x00000000c4900000| Untracked 
|  74|0x00000000c4a00000, 0x00000000c4a00000, 0x00000000c4b00000|  0%| F|  |TAMS 0x00000000c4a00000, 0x00000000c4a00000| Untracked 
|  75|0x00000000c4b00000, 0x00000000c4b00000, 0x00000000c4c00000|  0%| F|  |TAMS 0x00000000c4b00000, 0x00000000c4b00000| Untracked 
|  76|0x00000000c4c00000, 0x00000000c4c00000, 0x00000000c4d00000|  0%| F|  |TAMS 0x00000000c4c00000, 0x00000000c4c00000| Untracked 
|  77|0x00000000c4d00000, 0x00000000c4d00000, 0x00000000c4e00000|  0%| F|  |TAMS 0x00000000c4d00000, 0x00000000c4d00000| Untracked 
|  78|0x00000000c4e00000, 0x00000000c4e00000, 0x00000000c4f00000|  0%| F|  |TAMS 0x00000000c4e00000, 0x00000000c4e00000| Untracked 
|  79|0x00000000c4f00000, 0x00000000c4f00000, 0x00000000c5000000|  0%| F|  |TAMS 0x00000000c4f00000, 0x00000000c4f00000| Untracked 
|  80|0x00000000c5000000, 0x00000000c5000000, 0x00000000c5100000|  0%| F|  |TAMS 0x00000000c5000000, 0x00000000c5000000| Untracked 
|  81|0x00000000c5100000, 0x00000000c5100000, 0x00000000c5200000|  0%| F|  |TAMS 0x00000000c5100000, 0x00000000c5100000| Untracked 
|  82|0x00000000c5200000, 0x00000000c5200000, 0x00000000c5300000|  0%| F|  |TAMS 0x00000000c5200000, 0x00000000c5200000| Untracked 
|  83|0x00000000c5300000, 0x00000000c5300000, 0x00000000c5400000|  0%| F|  |TAMS 0x00000000c5300000, 0x00000000c5300000| Untracked 
|  84|0x00000000c5400000, 0x00000000c5400000, 0x00000000c5500000|  0%| F|  |TAMS 0x00000000c5400000, 0x00000000c5400000| Untracked 
|  85|0x00000000c5500000, 0x00000000c5500000, 0x00000000c5600000|  0%| F|  |TAMS 0x00000000c5500000, 0x00000000c5500000| Untracked 
|  86|0x00000000c5600000, 0x00000000c5600000, 0x00000000c5700000|  0%| F|  |TAMS 0x00000000c5600000, 0x00000000c5600000| Untracked 
|  87|0x00000000c5700000, 0x00000000c5700000, 0x00000000c5800000|  0%| F|  |TAMS 0x00000000c5700000, 0x00000000c5700000| Untracked 
|  88|0x00000000c5800000, 0x00000000c5800000, 0x00000000c5900000|  0%| F|  |TAMS 0x00000000c5800000, 0x00000000c5800000| Untracked 
|  89|0x00000000c5900000, 0x00000000c5900000, 0x00000000c5a00000|  0%| F|  |TAMS 0x00000000c5900000, 0x00000000c5900000| Untracked 
|  90|0x00000000c5a00000, 0x00000000c5a00000, 0x00000000c5b00000|  0%| F|  |TAMS 0x00000000c5a00000, 0x00000000c5a00000| Untracked 
|  91|0x00000000c5b00000, 0x00000000c5b00000, 0x00000000c5c00000|  0%| F|  |TAMS 0x00000000c5b00000, 0x00000000c5b00000| Untracked 
|  92|0x00000000c5c00000, 0x00000000c5c00000, 0x00000000c5d00000|  0%| F|  |TAMS 0x00000000c5c00000, 0x00000000c5c00000| Untracked 
|  93|0x00000000c5d00000, 0x00000000c5d00000, 0x00000000c5e00000|  0%| F|  |TAMS 0x00000000c5d00000, 0x00000000c5d00000| Untracked 
|  94|0x00000000c5e00000, 0x00000000c5e00000, 0x00000000c5f00000|  0%| F|  |TAMS 0x00000000c5e00000, 0x00000000c5e00000| Untracked 
|  95|0x00000000c5f00000, 0x00000000c5f00000, 0x00000000c6000000|  0%| F|  |TAMS 0x00000000c5f00000, 0x00000000c5f00000| Untracked 
|  96|0x00000000c6000000, 0x00000000c6000000, 0x00000000c6100000|  0%| F|  |TAMS 0x00000000c6000000, 0x00000000c6000000| Untracked 
|  97|0x00000000c6100000, 0x00000000c6100000, 0x00000000c6200000|  0%| F|  |TAMS 0x00000000c6100000, 0x00000000c6100000| Untracked 
|  98|0x00000000c6200000, 0x00000000c6200000, 0x00000000c6300000|  0%| F|  |TAMS 0x00000000c6200000, 0x00000000c6200000| Untracked 
|  99|0x00000000c6300000, 0x00000000c6300000, 0x00000000c6400000|  0%| F|  |TAMS 0x00000000c6300000, 0x00000000c6300000| Untracked 
| 100|0x00000000c6400000, 0x00000000c6400000, 0x00000000c6500000|  0%| F|  |TAMS 0x00000000c6400000, 0x00000000c6400000| Untracked 
| 101|0x00000000c6500000, 0x00000000c6500000, 0x00000000c6600000|  0%| F|  |TAMS 0x00000000c6500000, 0x00000000c6500000| Untracked 
| 102|0x00000000c6600000, 0x00000000c6600000, 0x00000000c6700000|  0%| F|  |TAMS 0x00000000c6600000, 0x00000000c6600000| Untracked 
| 103|0x00000000c6700000, 0x00000000c6700000, 0x00000000c6800000|  0%| F|  |TAMS 0x00000000c6700000, 0x00000000c6700000| Untracked 
| 104|0x00000000c6800000, 0x00000000c6800000, 0x00000000c6900000|  0%| F|  |TAMS 0x00000000c6800000, 0x00000000c6800000| Untracked 
| 105|0x00000000c6900000, 0x00000000c6900000, 0x00000000c6a00000|  0%| F|  |TAMS 0x00000000c6900000, 0x00000000c6900000| Untracked 
| 106|0x00000000c6a00000, 0x00000000c6a00000, 0x00000000c6b00000|  0%| F|  |TAMS 0x00000000c6a00000, 0x00000000c6a00000| Untracked 
| 107|0x00000000c6b00000, 0x00000000c6b00000, 0x00000000c6c00000|  0%| F|  |TAMS 0x00000000c6b00000, 0x00000000c6b00000| Untracked 
| 108|0x00000000c6c00000, 0x00000000c6c00000, 0x00000000c6d00000|  0%| F|  |TAMS 0x00000000c6c00000, 0x00000000c6c00000| Untracked 
| 109|0x00000000c6d00000, 0x00000000c6d00000, 0x00000000c6e00000|  0%| F|  |TAMS 0x00000000c6d00000, 0x00000000c6d00000| Untracked 
| 110|0x00000000c6e00000, 0x00000000c6e00000, 0x00000000c6f00000|  0%| F|  |TAMS 0x00000000c6e00000, 0x00000000c6e00000| Untracked 
| 111|0x00000000c6f00000, 0x00000000c6f00000, 0x00000000c7000000|  0%| F|  |TAMS 0x00000000c6f00000, 0x00000000c6f00000| Untracked 
| 112|0x00000000c7000000, 0x00000000c7000000, 0x00000000c7100000|  0%| F|  |TAMS 0x00000000c7000000, 0x00000000c7000000| Untracked 
| 113|0x00000000c7100000, 0x00000000c7100000, 0x00000000c7200000|  0%| F|  |TAMS 0x00000000c7100000, 0x00000000c7100000| Untracked 
| 114|0x00000000c7200000, 0x00000000c7200000, 0x00000000c7300000|  0%| F|  |TAMS 0x00000000c7200000, 0x00000000c7200000| Untracked 
| 115|0x00000000c7300000, 0x00000000c7300000, 0x00000000c7400000|  0%| F|  |TAMS 0x00000000c7300000, 0x00000000c7300000| Untracked 
| 116|0x00000000c7400000, 0x00000000c7400000, 0x00000000c7500000|  0%| F|  |TAMS 0x00000000c7400000, 0x00000000c7400000| Untracked 
| 117|0x00000000c7500000, 0x00000000c7500000, 0x00000000c7600000|  0%| F|  |TAMS 0x00000000c7500000, 0x00000000c7500000| Untracked 
| 118|0x00000000c7600000, 0x00000000c7600000, 0x00000000c7700000|  0%| F|  |TAMS 0x00000000c7600000, 0x00000000c7600000| Untracked 
| 119|0x00000000c7700000, 0x00000000c7700000, 0x00000000c7800000|  0%| F|  |TAMS 0x00000000c7700000, 0x00000000c7700000| Untracked 
| 120|0x00000000c7800000, 0x00000000c7800000, 0x00000000c7900000|  0%| F|  |TAMS 0x00000000c7800000, 0x00000000c7800000| Untracked 
| 121|0x00000000c7900000, 0x00000000c7900000, 0x00000000c7a00000|  0%| F|  |TAMS 0x00000000c7900000, 0x00000000c7900000| Untracked 
| 122|0x00000000c7a00000, 0x00000000c7a00000, 0x00000000c7b00000|  0%| F|  |TAMS 0x00000000c7a00000, 0x00000000c7a00000| Untracked 
| 123|0x00000000c7b00000, 0x00000000c7b00000, 0x00000000c7c00000|  0%| F|  |TAMS 0x00000000c7b00000, 0x00000000c7b00000| Untracked 
| 124|0x00000000c7c00000, 0x00000000c7c00000, 0x00000000c7d00000|  0%| F|  |TAMS 0x00000000c7c00000, 0x00000000c7c00000| Untracked 
| 125|0x00000000c7d00000, 0x00000000c7d00000, 0x00000000c7e00000|  0%| F|  |TAMS 0x00000000c7d00000, 0x00000000c7d00000| Untracked 
| 126|0x00000000c7e00000, 0x00000000c7e00000, 0x00000000c7f00000|  0%| F|  |TAMS 0x00000000c7e00000, 0x00000000c7e00000| Untracked 
| 127|0x00000000c7f00000, 0x00000000c7f00000, 0x00000000c8000000|  0%| F|  |TAMS 0x00000000c7f00000, 0x00000000c7f00000| Untracked 
| 128|0x00000000c8000000, 0x00000000c8000000, 0x00000000c8100000|  0%| F|  |TAMS 0x00000000c8000000, 0x00000000c8000000| Untracked 
| 129|0x00000000c8100000, 0x00000000c8100000, 0x00000000c8200000|  0%| F|  |TAMS 0x00000000c8100000, 0x00000000c8100000| Untracked 
| 130|0x00000000c8200000, 0x00000000c8200000, 0x00000000c8300000|  0%| F|  |TAMS 0x00000000c8200000, 0x00000000c8200000| Untracked 
| 131|0x00000000c8300000, 0x00000000c8300000, 0x00000000c8400000|  0%| F|  |TAMS 0x00000000c8300000, 0x00000000c8300000| Untracked 
| 132|0x00000000c8400000, 0x00000000c8400000, 0x00000000c8500000|  0%| F|  |TAMS 0x00000000c8400000, 0x00000000c8400000| Untracked 
| 133|0x00000000c8500000, 0x00000000c8500000, 0x00000000c8600000|  0%| F|  |TAMS 0x00000000c8500000, 0x00000000c8500000| Untracked 
| 134|0x00000000c8600000, 0x00000000c8600000, 0x00000000c8700000|  0%| F|  |TAMS 0x00000000c8600000, 0x00000000c8600000| Untracked 
| 135|0x00000000c8700000, 0x00000000c8700000, 0x00000000c8800000|  0%| F|  |TAMS 0x00000000c8700000, 0x00000000c8700000| Untracked 
| 136|0x00000000c8800000, 0x00000000c8800000, 0x00000000c8900000|  0%| F|  |TAMS 0x00000000c8800000, 0x00000000c8800000| Untracked 
| 137|0x00000000c8900000, 0x00000000c8900000, 0x00000000c8a00000|  0%| F|  |TAMS 0x00000000c8900000, 0x00000000c8900000| Untracked 
| 138|0x00000000c8a00000, 0x00000000c8a00000, 0x00000000c8b00000|  0%| F|  |TAMS 0x00000000c8a00000, 0x00000000c8a00000| Untracked 
| 139|0x00000000c8b00000, 0x00000000c8b00000, 0x00000000c8c00000|  0%| F|  |TAMS 0x00000000c8b00000, 0x00000000c8b00000| Untracked 
| 140|0x00000000c8c00000, 0x00000000c8c00000, 0x00000000c8d00000|  0%| F|  |TAMS 0x00000000c8c00000, 0x00000000c8c00000| Untracked 
| 141|0x00000000c8d00000, 0x00000000c8d00000, 0x00000000c8e00000|  0%| F|  |TAMS 0x00000000c8d00000, 0x00000000c8d00000| Untracked 
| 142|0x00000000c8e00000, 0x00000000c8e00000, 0x00000000c8f00000|  0%| F|  |TAMS 0x00000000c8e00000, 0x00000000c8e00000| Untracked 
| 143|0x00000000c8f00000, 0x00000000c8f00000, 0x00000000c9000000|  0%| F|  |TAMS 0x00000000c8f00000, 0x00000000c8f00000| Untracked 
| 144|0x00000000c9000000, 0x00000000c9000000, 0x00000000c9100000|  0%| F|  |TAMS 0x00000000c9000000, 0x00000000c9000000| Untracked 
| 145|0x00000000c9100000, 0x00000000c9100000, 0x00000000c9200000|  0%| F|  |TAMS 0x00000000c9100000, 0x00000000c9100000| Untracked 
| 146|0x00000000c9200000, 0x00000000c9200000, 0x00000000c9300000|  0%| F|  |TAMS 0x00000000c9200000, 0x00000000c9200000| Untracked 
| 147|0x00000000c9300000, 0x00000000c9300000, 0x00000000c9400000|  0%| F|  |TAMS 0x00000000c9300000, 0x00000000c9300000| Untracked 
| 148|0x00000000c9400000, 0x00000000c9400000, 0x00000000c9500000|  0%| F|  |TAMS 0x00000000c9400000, 0x00000000c9400000| Untracked 
| 149|0x00000000c9500000, 0x00000000c9500000, 0x00000000c9600000|  0%| F|  |TAMS 0x00000000c9500000, 0x00000000c9500000| Untracked 
| 150|0x00000000c9600000, 0x00000000c9600000, 0x00000000c9700000|  0%| F|  |TAMS 0x00000000c9600000, 0x00000000c9600000| Untracked 
| 151|0x00000000c9700000, 0x00000000c9700000, 0x00000000c9800000|  0%| F|  |TAMS 0x00000000c9700000, 0x00000000c9700000| Untracked 
| 152|0x00000000c9800000, 0x00000000c9800000, 0x00000000c9900000|  0%| F|  |TAMS 0x00000000c9800000, 0x00000000c9800000| Untracked 
| 153|0x00000000c9900000, 0x00000000c9900000, 0x00000000c9a00000|  0%| F|  |TAMS 0x00000000c9900000, 0x00000000c9900000| Untracked 
| 154|0x00000000c9a00000, 0x00000000c9a00000, 0x00000000c9b00000|  0%| F|  |TAMS 0x00000000c9a00000, 0x00000000c9a00000| Untracked 
| 155|0x00000000c9b00000, 0x00000000c9b00000, 0x00000000c9c00000|  0%| F|  |TAMS 0x00000000c9b00000, 0x00000000c9b00000| Untracked 
| 156|0x00000000c9c00000, 0x00000000c9c00000, 0x00000000c9d00000|  0%| F|  |TAMS 0x00000000c9c00000, 0x00000000c9c00000| Untracked 
| 157|0x00000000c9d00000, 0x00000000c9d00000, 0x00000000c9e00000|  0%| F|  |TAMS 0x00000000c9d00000, 0x00000000c9d00000| Untracked 
| 158|0x00000000c9e00000, 0x00000000c9e00000, 0x00000000c9f00000|  0%| F|  |TAMS 0x00000000c9e00000, 0x00000000c9e00000| Untracked 
| 159|0x00000000c9f00000, 0x00000000c9f00000, 0x00000000ca000000|  0%| F|  |TAMS 0x00000000c9f00000, 0x00000000c9f00000| Untracked 
| 160|0x00000000ca000000, 0x00000000ca000000, 0x00000000ca100000|  0%| F|  |TAMS 0x00000000ca000000, 0x00000000ca000000| Untracked 
| 161|0x00000000ca100000, 0x00000000ca100000, 0x00000000ca200000|  0%| F|  |TAMS 0x00000000ca100000, 0x00000000ca100000| Untracked 
| 162|0x00000000ca200000, 0x00000000ca200000, 0x00000000ca300000|  0%| F|  |TAMS 0x00000000ca200000, 0x00000000ca200000| Untracked 
| 163|0x00000000ca300000, 0x00000000ca300000, 0x00000000ca400000|  0%| F|  |TAMS 0x00000000ca300000, 0x00000000ca300000| Untracked 
| 164|0x00000000ca400000, 0x00000000ca400000, 0x00000000ca500000|  0%| F|  |TAMS 0x00000000ca400000, 0x00000000ca400000| Untracked 
| 165|0x00000000ca500000, 0x00000000ca500000, 0x00000000ca600000|  0%| F|  |TAMS 0x00000000ca500000, 0x00000000ca500000| Untracked 
| 166|0x00000000ca600000, 0x00000000ca600000, 0x00000000ca700000|  0%| F|  |TAMS 0x00000000ca600000, 0x00000000ca600000| Untracked 
| 167|0x00000000ca700000, 0x00000000ca700000, 0x00000000ca800000|  0%| F|  |TAMS 0x00000000ca700000, 0x00000000ca700000| Untracked 
| 168|0x00000000ca800000, 0x00000000ca800000, 0x00000000ca900000|  0%| F|  |TAMS 0x00000000ca800000, 0x00000000ca800000| Untracked 
| 169|0x00000000ca900000, 0x00000000ca900000, 0x00000000caa00000|  0%| F|  |TAMS 0x00000000ca900000, 0x00000000ca900000| Untracked 
| 170|0x00000000caa00000, 0x00000000caa00000, 0x00000000cab00000|  0%| F|  |TAMS 0x00000000caa00000, 0x00000000caa00000| Untracked 
| 171|0x00000000cab00000, 0x00000000cab00000, 0x00000000cac00000|  0%| F|  |TAMS 0x00000000cab00000, 0x00000000cab00000| Untracked 
| 172|0x00000000cac00000, 0x00000000cac00000, 0x00000000cad00000|  0%| F|  |TAMS 0x00000000cac00000, 0x00000000cac00000| Untracked 
| 173|0x00000000cad00000, 0x00000000cad00000, 0x00000000cae00000|  0%| F|  |TAMS 0x00000000cad00000, 0x00000000cad00000| Untracked 
| 174|0x00000000cae00000, 0x00000000cae00000, 0x00000000caf00000|  0%| F|  |TAMS 0x00000000cae00000, 0x00000000cae00000| Untracked 
| 175|0x00000000caf00000, 0x00000000caf00000, 0x00000000cb000000|  0%| F|  |TAMS 0x00000000caf00000, 0x00000000caf00000| Untracked 
| 176|0x00000000cb000000, 0x00000000cb000000, 0x00000000cb100000|  0%| F|  |TAMS 0x00000000cb000000, 0x00000000cb000000| Untracked 
| 177|0x00000000cb100000, 0x00000000cb100000, 0x00000000cb200000|  0%| F|  |TAMS 0x00000000cb100000, 0x00000000cb100000| Untracked 
| 178|0x00000000cb200000, 0x00000000cb200000, 0x00000000cb300000|  0%| F|  |TAMS 0x00000000cb200000, 0x00000000cb200000| Untracked 
| 179|0x00000000cb300000, 0x00000000cb300000, 0x00000000cb400000|  0%| F|  |TAMS 0x00000000cb300000, 0x00000000cb300000| Untracked 
| 180|0x00000000cb400000, 0x00000000cb400000, 0x00000000cb500000|  0%| F|  |TAMS 0x00000000cb400000, 0x00000000cb400000| Untracked 
| 181|0x00000000cb500000, 0x00000000cb500000, 0x00000000cb600000|  0%| F|  |TAMS 0x00000000cb500000, 0x00000000cb500000| Untracked 
| 182|0x00000000cb600000, 0x00000000cb600000, 0x00000000cb700000|  0%| F|  |TAMS 0x00000000cb600000, 0x00000000cb600000| Untracked 
| 183|0x00000000cb700000, 0x00000000cb700000, 0x00000000cb800000|  0%| F|  |TAMS 0x00000000cb700000, 0x00000000cb700000| Untracked 
| 184|0x00000000cb800000, 0x00000000cb800000, 0x00000000cb900000|  0%| F|  |TAMS 0x00000000cb800000, 0x00000000cb800000| Untracked 
| 185|0x00000000cb900000, 0x00000000cb900000, 0x00000000cba00000|  0%| F|  |TAMS 0x00000000cb900000, 0x00000000cb900000| Untracked 
| 186|0x00000000cba00000, 0x00000000cba00000, 0x00000000cbb00000|  0%| F|  |TAMS 0x00000000cba00000, 0x00000000cba00000| Untracked 
| 187|0x00000000cbb00000, 0x00000000cbb1ebc0, 0x00000000cbc00000| 12%| S|CS|TAMS 0x00000000cbb00000, 0x00000000cbb00000| Complete 
| 188|0x00000000cbc00000, 0x00000000cbd00000, 0x00000000cbd00000|100%| S|CS|TAMS 0x00000000cbc00000, 0x00000000cbc00000| Complete 
| 189|0x00000000cbd00000, 0x00000000cbe00000, 0x00000000cbe00000|100%| S|CS|TAMS 0x00000000cbd00000, 0x00000000cbd00000| Complete 
| 190|0x00000000cbe00000, 0x00000000cbf00000, 0x00000000cbf00000|100%| S|CS|TAMS 0x00000000cbe00000, 0x00000000cbe00000| Complete 
| 191|0x00000000cbf00000, 0x00000000cc000000, 0x00000000cc000000|100%| S|CS|TAMS 0x00000000cbf00000, 0x00000000cbf00000| Complete 
| 192|0x00000000cc000000, 0x00000000cc100000, 0x00000000cc100000|100%| S|CS|TAMS 0x00000000cc000000, 0x00000000cc000000| Complete 
| 193|0x00000000cc100000, 0x00000000cc200000, 0x00000000cc200000|100%| S|CS|TAMS 0x00000000cc100000, 0x00000000cc100000| Complete 
| 194|0x00000000cc200000, 0x00000000cc200000, 0x00000000cc300000|  0%| F|  |TAMS 0x00000000cc200000, 0x00000000cc200000| Untracked 
| 195|0x00000000cc300000, 0x00000000cc300000, 0x00000000cc400000|  0%| F|  |TAMS 0x00000000cc300000, 0x00000000cc300000| Untracked 
| 196|0x00000000cc400000, 0x00000000cc400000, 0x00000000cc500000|  0%| F|  |TAMS 0x00000000cc400000, 0x00000000cc400000| Untracked 
| 197|0x00000000cc500000, 0x00000000cc500000, 0x00000000cc600000|  0%| F|  |TAMS 0x00000000cc500000, 0x00000000cc500000| Untracked 
| 198|0x00000000cc600000, 0x00000000cc600000, 0x00000000cc700000|  0%| F|  |TAMS 0x00000000cc600000, 0x00000000cc600000| Untracked 
| 199|0x00000000cc700000, 0x00000000cc700000, 0x00000000cc800000|  0%| F|  |TAMS 0x00000000cc700000, 0x00000000cc700000| Untracked 
| 200|0x00000000cc800000, 0x00000000cc800000, 0x00000000cc900000|  0%| F|  |TAMS 0x00000000cc800000, 0x00000000cc800000| Untracked 
| 201|0x00000000cc900000, 0x00000000cc900000, 0x00000000cca00000|  0%| F|  |TAMS 0x00000000cc900000, 0x00000000cc900000| Untracked 
| 202|0x00000000cca00000, 0x00000000cca00000, 0x00000000ccb00000|  0%| F|  |TAMS 0x00000000cca00000, 0x00000000cca00000| Untracked 
| 203|0x00000000ccb00000, 0x00000000ccb00000, 0x00000000ccc00000|  0%| F|  |TAMS 0x00000000ccb00000, 0x00000000ccb00000| Untracked 
| 204|0x00000000ccc00000, 0x00000000ccc00000, 0x00000000ccd00000|  0%| F|  |TAMS 0x00000000ccc00000, 0x00000000ccc00000| Untracked 
| 205|0x00000000ccd00000, 0x00000000ccd00000, 0x00000000cce00000|  0%| F|  |TAMS 0x00000000ccd00000, 0x00000000ccd00000| Untracked 
| 206|0x00000000cce00000, 0x00000000cce00000, 0x00000000ccf00000|  0%| F|  |TAMS 0x00000000cce00000, 0x00000000cce00000| Untracked 
| 207|0x00000000ccf00000, 0x00000000ccf00000, 0x00000000cd000000|  0%| F|  |TAMS 0x00000000ccf00000, 0x00000000ccf00000| Untracked 
| 208|0x00000000cd000000, 0x00000000cd000000, 0x00000000cd100000|  0%| F|  |TAMS 0x00000000cd000000, 0x00000000cd000000| Untracked 
| 209|0x00000000cd100000, 0x00000000cd100000, 0x00000000cd200000|  0%| F|  |TAMS 0x00000000cd100000, 0x00000000cd100000| Untracked 
| 210|0x00000000cd200000, 0x00000000cd200000, 0x00000000cd300000|  0%| F|  |TAMS 0x00000000cd200000, 0x00000000cd200000| Untracked 
| 211|0x00000000cd300000, 0x00000000cd300000, 0x00000000cd400000|  0%| F|  |TAMS 0x00000000cd300000, 0x00000000cd300000| Untracked 
| 212|0x00000000cd400000, 0x00000000cd400000, 0x00000000cd500000|  0%| F|  |TAMS 0x00000000cd400000, 0x00000000cd400000| Untracked 
| 213|0x00000000cd500000, 0x00000000cd500000, 0x00000000cd600000|  0%| F|  |TAMS 0x00000000cd500000, 0x00000000cd500000| Untracked 
| 214|0x00000000cd600000, 0x00000000cd600000, 0x00000000cd700000|  0%| F|  |TAMS 0x00000000cd600000, 0x00000000cd600000| Untracked 
| 215|0x00000000cd700000, 0x00000000cd700000, 0x00000000cd800000|  0%| F|  |TAMS 0x00000000cd700000, 0x00000000cd700000| Untracked 
| 216|0x00000000cd800000, 0x00000000cd800000, 0x00000000cd900000|  0%| F|  |TAMS 0x00000000cd800000, 0x00000000cd800000| Untracked 
| 217|0x00000000cd900000, 0x00000000cd900000, 0x00000000cda00000|  0%| F|  |TAMS 0x00000000cd900000, 0x00000000cd900000| Untracked 
| 218|0x00000000cda00000, 0x00000000cda00000, 0x00000000cdb00000|  0%| F|  |TAMS 0x00000000cda00000, 0x00000000cda00000| Untracked 
| 219|0x00000000cdb00000, 0x00000000cdb00000, 0x00000000cdc00000|  0%| F|  |TAMS 0x00000000cdb00000, 0x00000000cdb00000| Untracked 
| 220|0x00000000cdc00000, 0x00000000cdc00000, 0x00000000cdd00000|  0%| F|  |TAMS 0x00000000cdc00000, 0x00000000cdc00000| Untracked 
| 221|0x00000000cdd00000, 0x00000000cdd00000, 0x00000000cde00000|  0%| F|  |TAMS 0x00000000cdd00000, 0x00000000cdd00000| Untracked 
| 222|0x00000000cde00000, 0x00000000cde00000, 0x00000000cdf00000|  0%| F|  |TAMS 0x00000000cde00000, 0x00000000cde00000| Untracked 
| 223|0x00000000cdf00000, 0x00000000cdf00000, 0x00000000ce000000|  0%| F|  |TAMS 0x00000000cdf00000, 0x00000000cdf00000| Untracked 
| 224|0x00000000ce000000, 0x00000000ce000000, 0x00000000ce100000|  0%| F|  |TAMS 0x00000000ce000000, 0x00000000ce000000| Untracked 
| 225|0x00000000ce100000, 0x00000000ce100000, 0x00000000ce200000|  0%| F|  |TAMS 0x00000000ce100000, 0x00000000ce100000| Untracked 
| 226|0x00000000ce200000, 0x00000000ce200000, 0x00000000ce300000|  0%| F|  |TAMS 0x00000000ce200000, 0x00000000ce200000| Untracked 
| 227|0x00000000ce300000, 0x00000000ce300000, 0x00000000ce400000|  0%| F|  |TAMS 0x00000000ce300000, 0x00000000ce300000| Untracked 
| 228|0x00000000ce400000, 0x00000000ce400000, 0x00000000ce500000|  0%| F|  |TAMS 0x00000000ce400000, 0x00000000ce400000| Untracked 
| 229|0x00000000ce500000, 0x00000000ce500000, 0x00000000ce600000|  0%| F|  |TAMS 0x00000000ce500000, 0x00000000ce500000| Untracked 
| 230|0x00000000ce600000, 0x00000000ce600000, 0x00000000ce700000|  0%| F|  |TAMS 0x00000000ce600000, 0x00000000ce600000| Untracked 
| 231|0x00000000ce700000, 0x00000000ce700000, 0x00000000ce800000|  0%| F|  |TAMS 0x00000000ce700000, 0x00000000ce700000| Untracked 
| 232|0x00000000ce800000, 0x00000000ce800000, 0x00000000ce900000|  0%| F|  |TAMS 0x00000000ce800000, 0x00000000ce800000| Untracked 
| 233|0x00000000ce900000, 0x00000000ce900000, 0x00000000cea00000|  0%| F|  |TAMS 0x00000000ce900000, 0x00000000ce900000| Untracked 
| 234|0x00000000cea00000, 0x00000000cea00000, 0x00000000ceb00000|  0%| F|  |TAMS 0x00000000cea00000, 0x00000000cea00000| Untracked 
| 235|0x00000000ceb00000, 0x00000000ceb00000, 0x00000000cec00000|  0%| F|  |TAMS 0x00000000ceb00000, 0x00000000ceb00000| Untracked 
| 236|0x00000000cec00000, 0x00000000cec00000, 0x00000000ced00000|  0%| F|  |TAMS 0x00000000cec00000, 0x00000000cec00000| Untracked 
| 237|0x00000000ced00000, 0x00000000ced00000, 0x00000000cee00000|  0%| F|  |TAMS 0x00000000ced00000, 0x00000000ced00000| Untracked 
| 238|0x00000000cee00000, 0x00000000cee00000, 0x00000000cef00000|  0%| F|  |TAMS 0x00000000cee00000, 0x00000000cee00000| Untracked 
| 239|0x00000000cef00000, 0x00000000cef00000, 0x00000000cf000000|  0%| F|  |TAMS 0x00000000cef00000, 0x00000000cef00000| Untracked 
| 240|0x00000000cf000000, 0x00000000cf000000, 0x00000000cf100000|  0%| F|  |TAMS 0x00000000cf000000, 0x00000000cf000000| Untracked 
| 241|0x00000000cf100000, 0x00000000cf100000, 0x00000000cf200000|  0%| F|  |TAMS 0x00000000cf100000, 0x00000000cf100000| Untracked 
| 242|0x00000000cf200000, 0x00000000cf200000, 0x00000000cf300000|  0%| F|  |TAMS 0x00000000cf200000, 0x00000000cf200000| Untracked 
| 243|0x00000000cf300000, 0x00000000cf300000, 0x00000000cf400000|  0%| F|  |TAMS 0x00000000cf300000, 0x00000000cf300000| Untracked 
| 244|0x00000000cf400000, 0x00000000cf400000, 0x00000000cf500000|  0%| F|  |TAMS 0x00000000cf400000, 0x00000000cf400000| Untracked 
| 245|0x00000000cf500000, 0x00000000cf500000, 0x00000000cf600000|  0%| F|  |TAMS 0x00000000cf500000, 0x00000000cf500000| Untracked 
| 246|0x00000000cf600000, 0x00000000cf600000, 0x00000000cf700000|  0%| F|  |TAMS 0x00000000cf600000, 0x00000000cf600000| Untracked 
| 247|0x00000000cf700000, 0x00000000cf700000, 0x00000000cf800000|  0%| F|  |TAMS 0x00000000cf700000, 0x00000000cf700000| Untracked 
| 248|0x00000000cf800000, 0x00000000cf800000, 0x00000000cf900000|  0%| F|  |TAMS 0x00000000cf800000, 0x00000000cf800000| Untracked 
| 249|0x00000000cf900000, 0x00000000cf900000, 0x00000000cfa00000|  0%| F|  |TAMS 0x00000000cf900000, 0x00000000cf900000| Untracked 
| 250|0x00000000cfa00000, 0x00000000cfa00000, 0x00000000cfb00000|  0%| F|  |TAMS 0x00000000cfa00000, 0x00000000cfa00000| Untracked 
| 251|0x00000000cfb00000, 0x00000000cfb00000, 0x00000000cfc00000|  0%| F|  |TAMS 0x00000000cfb00000, 0x00000000cfb00000| Untracked 
| 252|0x00000000cfc00000, 0x00000000cfd00000, 0x00000000cfd00000|100%| E|  |TAMS 0x00000000cfc00000, 0x00000000cfc00000| Complete 
| 253|0x00000000cfd00000, 0x00000000cfe00000, 0x00000000cfe00000|100%| E|CS|TAMS 0x00000000cfd00000, 0x00000000cfd00000| Complete 
| 254|0x00000000cfe00000, 0x00000000cff00000, 0x00000000cff00000|100%| E|CS|TAMS 0x00000000cfe00000, 0x00000000cfe00000| Complete 
| 255|0x00000000cff00000, 0x00000000d0000000, 0x00000000d0000000|100%| E|CS|TAMS 0x00000000cff00000, 0x00000000cff00000| Complete 

Card table byte_map: [0x000001e45ff40000,0x000001e460140000] _byte_map_base: 0x000001e45f940000

Marking Bits (Prev, Next): (CMBitMap*) 0x000001e4493a4b00, (CMBitMap*) 0x000001e4493a4ac8
 Prev Bits: [0x000001e461340000, 0x000001e462340000)
 Next Bits: [0x000001e460340000, 0x000001e461340000)

Polling page: 0x000001e448b40000

Metaspace:

Usage:
  Non-class:     25.84 MB capacity,    25.48 MB ( 99%) used,   272.71 KB (  1%) free+waste,   100.69 KB ( <1%) overhead. 
      Class:      4.37 MB capacity,     3.93 MB ( 90%) used,   395.05 KB (  9%) free+waste,    56.56 KB (  1%) overhead. 
       Both:     30.21 MB capacity,    29.40 MB ( 97%) used,   667.77 KB (  2%) free+waste,   157.25 KB ( <1%) overhead. 

Virtual space:
  Non-class space:       26.00 MB reserved,      25.92 MB (>99%) committed 
      Class space:        1.00 GB reserved,       4.38 MB ( <1%) committed 
             Both:        1.03 GB reserved,      30.30 MB (  3%) committed 

Chunk freelists:
   Non-Class:  2.50 KB
       Class:  768 bytes
        Both:  3.25 KB

CodeHeap 'non-profiled nmethods': size=120000Kb used=1075Kb max_used=1075Kb free=118924Kb
 bounds [0x000001e4584e0000, 0x000001e458750000, 0x000001e45fa10000]
CodeHeap 'profiled nmethods': size=120000Kb used=4293Kb max_used=4293Kb free=115706Kb
 bounds [0x000001e450fb0000, 0x000001e4513f0000, 0x000001e4584e0000]
CodeHeap 'non-nmethods': size=5760Kb used=1168Kb max_used=1181Kb free=4591Kb
 bounds [0x000001e450a10000, 0x000001e450c80000, 0x000001e450fb0000]
 total_blobs=2663 nmethods=2136 adapters=439
 compilation: enabled
              stopped_count=0, restarted_count=0
 full_count=0

Compilation events (10 events):
Event: 7.903 Thread 0x000001e46564d000 nmethod 2136 0x000001e4513e0710 code [0x000001e4513e08a0, 0x000001e4513e0a18]
Event: 7.904 Thread 0x000001e46564a800 nmethod 2119 0x000001e4585ea710 code [0x000001e4585ea8e0, 0x000001e4585eae08]
Event: 7.904 Thread 0x000001e46564a800 2123       4       java.lang.invoke.LambdaForm$Name::useCount (42 bytes)
Event: 7.905 Thread 0x000001e46564a800 nmethod 2123 0x000001e4585eb290 code [0x000001e4585eb400, 0x000001e4585eb4d8]
Event: 7.905 Thread 0x000001e46564a800 2132       4       jdk.internal.org.objectweb.asm.Frame::execute (2264 bytes)
Event: 7.909 Thread 0x000001e467d3f800 nmethod 2133 0x000001e4585eb590 code [0x000001e4585eb780, 0x000001e4585ebcf0]
Event: 7.909 Thread 0x000001e467d3f800 2121   !   4       java.lang.invoke.MemberName::getMethodType (203 bytes)
Event: 7.910 Thread 0x000001e46564d000 2137       3       java.lang.System::getProperty (25 bytes)
Event: 7.911 Thread 0x000001e46564d000 nmethod 2137 0x000001e4513e0b10 code [0x000001e4513e0d20, 0x000001e4513e12e8]
Event: 7.914 Thread 0x000001e467d3f800 nmethod 2121 0x000001e4585ec190 code [0x000001e4585ec360, 0x000001e4585ec9c8]

GC Heap History (10 events):
Event: 0.632 GC heap before
{Heap before GC invocations=0 (full 0):
 garbage-first heap   total 262144K, used 37888K [0x00000000c0000000, 0x0000000100000000)
  region size 1024K, 24 young (24576K), 0 survivors (0K)
 Metaspace       used 6084K, capacity 6148K, committed 6400K, reserved 1056768K
  class space    used 472K, capacity 496K, committed 512K, reserved 1048576K
}
Event: 0.648 GC heap after
{Heap after GC invocations=1 (full 0):
 garbage-first heap   total 262144K, used 30515K [0x00000000c0000000, 0x0000000100000000)
  region size 1024K, 3 young (3072K), 3 survivors (3072K)
 Metaspace       used 6084K, capacity 6148K, committed 6400K, reserved 1056768K
  class space    used 472K, capacity 496K, committed 512K, reserved 1048576K
}
Event: 1.393 GC heap before
{Heap before GC invocations=1 (full 0):
 garbage-first heap   total 262144K, used 45875K [0x00000000c0000000, 0x0000000100000000)
  region size 1024K, 18 young (18432K), 3 survivors (3072K)
 Metaspace       used 10158K, capacity 10335K, committed 10368K, reserved 1058816K
  class space    used 1093K, capacity 1149K, committed 1152K, reserved 1048576K
}
Event: 1.395 GC heap after
{Heap after GC invocations=2 (full 0):
 garbage-first heap   total 262144K, used 31177K [0x00000000c0000000, 0x0000000100000000)
  region size 1024K, 1 young (1024K), 1 survivors (1024K)
 Metaspace       used 10158K, capacity 10335K, committed 10368K, reserved 1058816K
  class space    used 1093K, capacity 1149K, committed 1152K, reserved 1048576K
}
Event: 4.830 GC heap before
{Heap before GC invocations=2 (full 0):
 garbage-first heap   total 262144K, used 68041K [0x00000000c0000000, 0x0000000100000000)
  region size 1024K, 37 young (37888K), 1 survivors (1024K)
 Metaspace       used 19147K, capacity 19534K, committed 19584K, reserved 1067008K
  class space    used 2475K, capacity 2658K, committed 2688K, reserved 1048576K
}
Event: 4.833 GC heap after
{Heap after GC invocations=3 (full 0):
 garbage-first heap   total 262144K, used 34220K [0x00000000c0000000, 0x0000000100000000)
  region size 1024K, 4 young (4096K), 4 survivors (4096K)
 Metaspace       used 19147K, capacity 19534K, committed 19584K, reserved 1067008K
  class space    used 2475K, capacity 2658K, committed 2688K, reserved 1048576K
}
Event: 5.438 GC heap before
{Heap before GC invocations=3 (full 0):
 garbage-first heap   total 262144K, used 42412K [0x00000000c0000000, 0x0000000100000000)
  region size 1024K, 13 young (13312K), 4 survivors (4096K)
 Metaspace       used 20760K, capacity 21160K, committed 21296K, reserved 1067008K
  class space    used 2654K, capacity 2874K, committed 2944K, reserved 1048576K
}
Event: 5.443 GC heap after
{Heap after GC invocations=4 (full 0):
 garbage-first heap   total 262144K, used 34430K [0x00000000c0000000, 0x0000000100000000)
  region size 1024K, 4 young (4096K), 4 survivors (4096K)
 Metaspace       used 20760K, capacity 21160K, committed 21296K, reserved 1067008K
  class space    used 2654K, capacity 2874K, committed 2944K, reserved 1048576K
}
Event: 7.749 GC heap before
{Heap before GC invocations=5 (full 0):
 garbage-first heap   total 262144K, used 93822K [0x00000000c0000000, 0x0000000100000000)
  region size 1024K, 62 young (63488K), 4 survivors (4096K)
 Metaspace       used 29665K, capacity 30463K, committed 30768K, reserved 1075200K
  class space    used 3957K, capacity 4376K, committed 4480K, reserved 1048576K
}
Event: 7.754 GC heap after
{Heap after GC invocations=6 (full 0):
 garbage-first heap   total 262144K, used 36635K [0x00000000c0000000, 0x0000000100000000)
  region size 1024K, 7 young (7168K), 7 survivors (7168K)
 Metaspace       used 29665K, capacity 30463K, committed 30768K, reserved 1075200K
  class space    used 3957K, capacity 4376K, committed 4480K, reserved 1048576K
}

Deoptimization events (10 events):
Event: 6.229 Thread 0x000001e449379800 Uncommon trap: reason=unstable_if action=reinterpret pc=0x000001e4585996d4 method=org.apache.hadoop.conf.Configuration$Parser.handleEndElement()V @ 24 c2
Event: 6.250 Thread 0x000001e449379800 Uncommon trap: reason=unstable_if action=reinterpret pc=0x000001e458530170 method=sun.net.www.ParseUtil.firstEncodeIndex(Ljava/lang/String;)I @ 51 c2
Event: 6.371 Thread 0x000001e449379800 Uncommon trap: reason=bimorphic_or_optimized_type_check action=maybe_recompile pc=0x000001e4585b4808 method=java.util.HashMap.getNode(ILjava/lang/Object;)Ljava/util/HashMap$Node; @ 126 c2
Event: 6.684 Thread 0x000001e466bce000 Uncommon trap: reason=unstable_if action=reinterpret pc=0x000001e45857510c method=java.lang.StringLatin1.regionMatchesCI([BI[BII)Z @ 66 c2
Event: 6.685 Thread 0x000001e466bce000 Uncommon trap: reason=unstable_if action=reinterpret pc=0x000001e45857a8e0 method=java.lang.ThreadLocal.get()Ljava/lang/Object; @ 11 c2
Event: 6.699 Thread 0x000001e466bce000 Uncommon trap: reason=bimorphic_or_optimized_type_check action=maybe_recompile pc=0x000001e458594ebc method=java.util.HashMap.getNode(ILjava/lang/Object;)Ljava/util/HashMap$Node; @ 126 c2
Event: 6.814 Thread 0x000001e466bce000 Uncommon trap: reason=bimorphic_or_optimized_type_check action=maybe_recompile pc=0x000001e4585b4808 method=java.util.HashMap.getNode(ILjava/lang/Object;)Ljava/util/HashMap$Node; @ 126 c2
Event: 6.874 Thread 0x000001e466bce000 Uncommon trap: reason=unstable_if action=reinterpret pc=0x000001e45855e474 method=jdk.internal.org.objectweb.asm.Type.getArgumentsAndReturnSizes(Ljava/lang/String;)I @ 41 c2
Event: 7.314 Thread 0x000001e466bce000 Uncommon trap: reason=speculate_null_assert action=make_not_entrant pc=0x000001e458571154 method=jdk.internal.loader.URLClassPath$JarLoader.getResource(Ljava/lang/String;ZLjava/util/Set;)Ljdk/internal/loader/Resource; @ 17 c2
Event: 7.630 Thread 0x000001e466bce000 Uncommon trap: reason=unstable_if action=reinterpret pc=0x000001e4584f3b30 method=java.lang.StringLatin1.lastIndexOf([BI[BII)I @ 32 c2

Classes redefined (0 events):
No events

Internal exceptions (10 events):
Event: 6.355 Thread 0x000001e449379800 Exception <a 'java/lang/NoSuchMethodError'{0x00000000cebf7048}: java.lang.invoke.DirectMethodHandle$Holder.invokeStatic(Ljava/lang/Object;ILjava/lang/Object;)Ljava/lang/Object;> (0x00000000cebf7048) thrown at [./open/src/hotspot/share/interpreter/linkReso
Event: 6.685 Thread 0x000001e466bce000 Implicit null exception at 0x000001e45857a7ed to 0x000001e45857a8d0
Event: 6.788 Thread 0x000001e466bce000 Exception <a 'java/lang/NoSuchMethodError'{0x00000000ce4b63d0}: java.lang.invoke.Invokers$Holder.linkToTargetMethod(Ljava/lang/Object;Ljava/lang/Object;Ljava/lang/Object;Ljava/lang/Object;Ljava/lang/Object;Ljava/lang/Object;Ljava/lang/Object;)Ljava/lang/O
Event: 6.875 Thread 0x000001e466bce000 Exception <a 'java/lang/NoSuchMethodError'{0x00000000ce0c11c0}: java.lang.invoke.DirectMethodHandle$Holder.invokeSpecial(Ljava/lang/Object;Ljava/lang/Object;Ljava/lang/Object;Ljava/lang/Object;D)Ljava/lang/Object;> (0x00000000ce0c11c0) thrown at [./open/s
Event: 6.876 Thread 0x000001e466bce000 Exception <a 'java/lang/NoSuchMethodError'{0x00000000ce0ca578}: java.lang.invoke.DirectMethodHandle$Holder.invokeStatic(Ljava/lang/Object;D)D> (0x00000000ce0ca578) thrown at [./open/src/hotspot/share/interpreter/linkResolver.cpp, line 772]
Event: 7.024 Thread 0x000001e466bce000 Exception <a 'java/lang/NoSuchMethodError'{0x00000000cdb161e0}: java.lang.invoke.Invokers$Holder.linkToTargetMethod(Ljava/lang/Object;Ljava/lang/Object;Ljava/lang/Object;Ljava/lang/Object;Ljava/lang/Object;Ljava/lang/Object;)Ljava/lang/Object;> (0x0000000
Event: 7.131 Thread 0x000001e466bce000 Exception <a 'java/lang/NoSuchMethodError'{0x00000000cd851db8}: java.lang.invoke.DirectMethodHandle$Holder.invokeStatic(Ljava/lang/Object;Ljava/lang/Object;J)V> (0x00000000cd851db8) thrown at [./open/src/hotspot/share/interpreter/linkResolver.cpp, line 77
Event: 7.321 Thread 0x000001e466bce000 Exception <a 'java/lang/NoSuchMethodError'{0x00000000cd06a1d0}: java.lang.invoke.DirectMethodHandle$Holder.invokeStatic(Ljava/lang/Object;Ljava/lang/Object;Ljava/lang/Object;Ljava/lang/Object;I)Ljava/lang/Object;> (0x00000000cd06a1d0) thrown at [./open/sr
Event: 7.322 Thread 0x000001e466bce000 Exception <a 'java/lang/NoSuchMethodError'{0x00000000cd06dad0}: java.lang.invoke.DirectMethodHandle$Holder.invokeSpecial(Ljava/lang/Object;Ljava/lang/Object;Ljava/lang/Object;Ljava/lang/Object;Ljava/lang/Object;I)Ljava/lang/Object;> (0x00000000cd06dad0) t
Event: 7.322 Thread 0x000001e466bce000 Exception <a 'java/lang/NoSuchMethodError'{0x00000000cd071118}: java.lang.invoke.Invokers$Holder.linkToTargetMethod(Ljava/lang/Object;Ljava/lang/Object;Ljava/lang/Object;ILjava/lang/Object;)Ljava/lang/Object;> (0x00000000cd071118) thrown at [./open/src/ho

Events (10 events):
Event: 7.901 loading class java/lang/invoke/BoundMethodHandle$Species_LLLLLLLLLIIL done
Event: 7.902 Executing VM operation: RevokeBias
Event: 7.902 Thread 0x000001e467d3f800 Thread added: 0x000001e467d3f800
Event: 7.903 Executing VM operation: RevokeBias done
Event: 7.903 Executing VM operation: RevokeBias
Event: 7.903 Executing VM operation: RevokeBias done
Event: 7.903 loading class io/netty/util/internal/MacAddressUtil
Event: 7.903 loading class io/netty/util/internal/MacAddressUtil done
Event: 7.904 loading class io/netty/util/NetUtil
Event: 7.904 loading class io/netty/util/NetUtil done


Dynamic libraries:
0x00007ff6e4d10000 - 0x00007ff6e4d1f000 	D:\bigdata\Java\jdk-11.0.15\bin\java.exe
0x00007ff8b8510000 - 0x00007ff8b8727000 	C:\WINDOWS\SYSTEM32\ntdll.dll
0x00007ff8b7ce0000 - 0x00007ff8b7da4000 	C:\WINDOWS\System32\KERNEL32.DLL
0x00007ff8b5c20000 - 0x00007ff8b5fd7000 	C:\WINDOWS\System32\KERNELBASE.dll
0x00007ff8b59c0000 - 0x00007ff8b5ad1000 	C:\WINDOWS\System32\ucrtbase.dll
0x00007ff877e50000 - 0x00007ff877e65000 	D:\bigdata\Java\jdk-11.0.15\bin\VCRUNTIME140.dll
0x00007ff877e30000 - 0x00007ff877e48000 	D:\bigdata\Java\jdk-11.0.15\bin\jli.dll
0x00007ff8b6240000 - 0x00007ff8b62f2000 	C:\WINDOWS\System32\ADVAPI32.dll
0x00007ff8b7490000 - 0x00007ff8b7537000 	C:\WINDOWS\System32\msvcrt.dll
0x00007ff8b75f0000 - 0x00007ff8b7698000 	C:\WINDOWS\System32\sechost.dll
0x00007ff8b5ae0000 - 0x00007ff8b5b08000 	C:\WINDOWS\System32\bcrypt.dll
0x00007ff8b6b70000 - 0x00007ff8b6c84000 	C:\WINDOWS\System32\RPCRT4.dll
0x00007ff8b76a0000 - 0x00007ff8b784f000 	C:\WINDOWS\System32\USER32.dll
0x00007ff8b5fe0000 - 0x00007ff8b6006000 	C:\WINDOWS\System32\win32u.dll
0x00007ff8a0520000 - 0x00007ff8a07b3000 	C:\WINDOWS\WinSxS\amd64_microsoft.windows.common-controls_6595b64144ccf1df_6.0.22621.3672_none_2713b9d173822955\COMCTL32.dll
0x00007ff8b7db0000 - 0x00007ff8b7dd9000 	C:\WINDOWS\System32\GDI32.dll
0x00007ff8b5820000 - 0x00007ff8b5938000 	C:\WINDOWS\System32\gdi32full.dll
0x00007ff8b5b80000 - 0x00007ff8b5c1a000 	C:\WINDOWS\System32\msvcp_win.dll
0x00007ff8ad660000 - 0x00007ff8ad66a000 	C:\WINDOWS\SYSTEM32\VERSION.dll
0x00007ff8b6cb0000 - 0x00007ff8b6ce1000 	C:\WINDOWS\System32\IMM32.DLL
0x00007ff86ddb0000 - 0x00007ff86de4b000 	D:\bigdata\Java\jdk-11.0.15\bin\msvcp140.dll
0x00007ff835000000 - 0x00007ff835b16000 	D:\bigdata\Java\jdk-11.0.15\bin\server\jvm.dll
0x00007ff8b6ca0000 - 0x00007ff8b6ca8000 	C:\WINDOWS\System32\PSAPI.DLL
0x00007ff8ac180000 - 0x00007ff8ac1b4000 	C:\WINDOWS\SYSTEM32\WINMM.dll
0x00007ff8a94d0000 - 0x00007ff8a94d9000 	C:\WINDOWS\SYSTEM32\WSOCK32.dll
0x00007ff8b83a0000 - 0x00007ff8b8411000 	C:\WINDOWS\System32\ws2_32.DLL
0x00007ff8b4830000 - 0x00007ff8b4848000 	C:\WINDOWS\SYSTEM32\kernel.appcore.dll
0x00007ff895460000 - 0x00007ff895470000 	D:\bigdata\Java\jdk-11.0.15\bin\verify.dll
0x00007ff8b30b0000 - 0x00007ff8b32e2000 	C:\WINDOWS\SYSTEM32\DBGHELP.DLL
0x00007ff8b7950000 - 0x00007ff8b7cde000 	C:\WINDOWS\System32\combase.dll
0x00007ff8b7e60000 - 0x00007ff8b7f37000 	C:\WINDOWS\System32\OLEAUT32.dll
0x00007ff8aa9e0000 - 0x00007ff8aaa12000 	C:\WINDOWS\SYSTEM32\dbgcore.DLL
0x00007ff8b5940000 - 0x00007ff8b59bb000 	C:\WINDOWS\System32\bcryptPrimitives.dll
0x00007ff877e00000 - 0x00007ff877e28000 	D:\bigdata\Java\jdk-11.0.15\bin\java.dll
0x00007ff894a10000 - 0x00007ff894a1a000 	D:\bigdata\Java\jdk-11.0.15\bin\jimage.dll
0x00007ff877de0000 - 0x00007ff877df6000 	D:\bigdata\Java\jdk-11.0.15\bin\zip.dll
0x00007ff8b6300000 - 0x00007ff8b6b69000 	C:\WINDOWS\System32\SHELL32.dll
0x00007ff8b3740000 - 0x00007ff8b403f000 	C:\WINDOWS\SYSTEM32\windows.storage.dll
0x00007ff8b3600000 - 0x00007ff8b373f000 	C:\WINDOWS\SYSTEM32\wintypes.dll
0x00007ff8b7850000 - 0x00007ff8b7949000 	C:\WINDOWS\System32\SHCORE.dll
0x00007ff8b7de0000 - 0x00007ff8b7e3e000 	C:\WINDOWS\System32\shlwapi.dll
0x00007ff8b5750000 - 0x00007ff8b5777000 	C:\WINDOWS\SYSTEM32\profapi.dll
0x00007ff876e40000 - 0x00007ff876e59000 	D:\bigdata\Java\jdk-11.0.15\bin\net.dll
0x00007ff8acd00000 - 0x00007ff8ace36000 	C:\WINDOWS\SYSTEM32\WINHTTP.dll
0x00007ff8b4c90000 - 0x00007ff8b4cf9000 	C:\WINDOWS\system32\mswsock.dll
0x00007ff876e20000 - 0x00007ff876e32000 	D:\bigdata\Java\jdk-11.0.15\bin\nio.dll
0x00007ff8ad910000 - 0x00007ff8ad927000 	C:\WINDOWS\system32\napinsp.dll
0x00007ff8ad8f0000 - 0x00007ff8ad90b000 	C:\WINDOWS\system32\pnrpnsp.dll
0x00007ff8b4310000 - 0x00007ff8b4412000 	C:\WINDOWS\SYSTEM32\DNSAPI.dll
0x00007ff8b42a0000 - 0x00007ff8b42cd000 	C:\WINDOWS\SYSTEM32\IPHLPAPI.DLL
0x00007ff8b6c90000 - 0x00007ff8b6c99000 	C:\WINDOWS\System32\NSI.dll
0x00007ff8ad8d0000 - 0x00007ff8ad8e1000 	C:\WINDOWS\System32\winrnr.dll
0x00007ff8ab460000 - 0x00007ff8ab475000 	C:\WINDOWS\system32\wshbth.dll
0x00007ff8ad930000 - 0x00007ff8ad957000 	C:\WINDOWS\system32\nlansp_c.dll
0x00007ff8a83c0000 - 0x00007ff8a83ca000 	C:\Windows\System32\rasadhlp.dll
0x00007ff8a9d70000 - 0x00007ff8a9df3000 	C:\WINDOWS\System32\fwpuclnt.dll
0x00007ff8b4fe0000 - 0x00007ff8b4ffb000 	C:\WINDOWS\SYSTEM32\CRYPTSP.dll
0x00007ff8b4790000 - 0x00007ff8b47c5000 	C:\WINDOWS\system32\rsaenh.dll
0x00007ff8b4d30000 - 0x00007ff8b4d58000 	C:\WINDOWS\SYSTEM32\USERENV.dll
0x00007ff8b4fc0000 - 0x00007ff8b4fcc000 	C:\WINDOWS\SYSTEM32\CRYPTBASE.dll
0x00007ff8ad210000 - 0x00007ff8ad229000 	C:\WINDOWS\SYSTEM32\dhcpcsvc6.DLL
0x00007ff8ac080000 - 0x00007ff8ac09f000 	C:\WINDOWS\SYSTEM32\dhcpcsvc.DLL
0x00007ff894990000 - 0x00007ff894999000 	D:\bigdata\Java\jdk-11.0.15\bin\management.dll
0x00007ff894920000 - 0x00007ff89492b000 	D:\bigdata\Java\jdk-11.0.15\bin\management_ext.dll
0x00007ff870560000 - 0x00007ff87057b000 	D:\bigdata\hadoop-3.2.2\bin\hadoop.dll
0x00007ff89faf0000 - 0x00007ff89fb09000 	C:\WINDOWS\SYSTEM32\NETAPI32.dll
0x00007ff8b4420000 - 0x00007ff8b446e000 	C:\WINDOWS\SYSTEM32\AUTHZ.dll
0x00007ff89bd90000 - 0x00007ff89bda9000 	C:\WINDOWS\SYSTEM32\SAMCLI.DLL
0x00007ff8b4290000 - 0x00007ff8b429c000 	C:\WINDOWS\SYSTEM32\NETUTILS.DLL
0x00007ff893a00000 - 0x00007ff893a09000 	D:\bigdata\Java\jdk-11.0.15\bin\jaas.dll

dbghelp: loaded successfully - version: 4.0.5 - missing functions: none
symbol engine: initialized successfully - sym options: 0x614 - pdb path: .;D:\bigdata\Java\jdk-11.0.15\bin;C:\WINDOWS\SYSTEM32;C:\WINDOWS\WinSxS\amd64_microsoft.windows.common-controls_6595b64144ccf1df_6.0.22621.3672_none_2713b9d173822955;D:\bigdata\Java\jdk-11.0.15\bin\server;D:\bigdata\hadoop-3.2.2\bin

VM Arguments:
jvm_args: -Xmx1g 
java_command: org.apache.spark.deploy.SparkSubmit --conf spark.master=local[*] --conf spark.app.name=test pyspark-shell
java_class_path (initial): D:\bigdata\spark-3.1.2-bin-hadoop3.2\bin\..\conf\;D:\bigdata\spark-3.1.2-bin-hadoop3.2\jars\accessors-smart-1.2.jar;D:\bigdata\spark-3.1.2-bin-hadoop3.2\jars\activation-1.1.1.jar;D:\bigdata\spark-3.1.2-bin-hadoop3.2\jars\aircompressor-0.10.jar;D:\bigdata\spark-3.1.2-bin-hadoop3.2\jars\algebra_2.12-2.0.0-M2.jar;D:\bigdata\spark-3.1.2-bin-hadoop3.2\jars\antlr-runtime-3.5.2.jar;D:\bigdata\spark-3.1.2-bin-hadoop3.2\jars\antlr4-runtime-4.8-1.jar;D:\bigdata\spark-3.1.2-bin-hadoop3.2\jars\aopalliance-1.0.jar;D:\bigdata\spark-3.1.2-bin-hadoop3.2\jars\aopalliance-repackaged-2.6.1.jar;D:\bigdata\spark-3.1.2-bin-hadoop3.2\jars\arpack_combined_all-0.1.jar;D:\bigdata\spark-3.1.2-bin-hadoop3.2\jars\arrow-format-2.0.0.jar;D:\bigdata\spark-3.1.2-bin-hadoop3.2\jars\arrow-memory-core-2.0.0.jar;D:\bigdata\spark-3.1.2-bin-hadoop3.2\jars\arrow-memory-netty-2.0.0.jar;D:\bigdata\spark-3.1.2-bin-hadoop3.2\jars\arrow-vector-2.0.0.jar;D:\bigdata\spark-3.1.2-bin-hadoop3.2\jars\audience-annotations-0.5.0.jar;D:\bigdata\spark-3.1.2-bin-hadoop3.2\jars\automaton-1.11-8.jar;D:\bigdata\spark-3.1.2-bin-hadoop3.2\jars\avro-1.8.2.jar;D:\bigdata\spark-3.1.2-bin-hadoop3.2\jars\avro-ipc-1.8.2.jar;D:\bigdata\spark-3.1.2-bin-hadoop3.2\jars\avro-mapred-1.8.2-hadoop2.jar;D:\bigdata\spark-3.1.2-bin-hadoop3.2\jars\aws-java-sdk-1.12.183.jar;D:\bigdata\spark-3.1.2-bin-hadoop3.2\jars\aws-java-sdk-core-1.12.183.jar;D:\bigdata\spark-3.1.2-bin-hadoop3.2\jars\aws-java-sdk-dynamodb-1.12.183.jar;D:\bigdata\spark-3.1.2-bin-hadoop3.2\jars\aws-java-sdk-s3-1.12.183.jar;D:\bigdata\spark-3.1.2-bin-hadoop3.2\jars\bonecp-0.8.0.RELEASE.jar;D:\bigdata\spark-3.1.2-bin-hadoop3.2\jars\breeze-macros_2.12-1.0.jar;D:\bigdata\spark-3.1.2-bin-hadoop3.2\jars\breeze_2.12-1.0.jar;D:\bigdata\spark-3.1.2-bin-hadoop3.2\jars\cats-kernel_2.12-2.0.0-M4.jar;D:\bigdata\spark-3.1.2-bin-hadoop3.2\jars\chill-java-0.9.5.jar;D:\bigdata\spark-3.1.2-bin-hadoop3.2\jars\chill_2.12-0.9.5.jar;D:\bigdata\spark-3.1.2-bin-hadoop3.2\
Launcher Type: SUN_STANDARD

[Global flags]
     intx CICompilerCount                          = 4                                         {product} {ergonomic}
     uint ConcGCThreads                            = 2                                         {product} {ergonomic}
     uint G1ConcRefinementThreads                  = 8                                         {product} {ergonomic}
   size_t G1HeapRegionSize                         = 1048576                                   {product} {ergonomic}
    uintx GCDrainStackTargetSize                   = 64                                        {product} {ergonomic}
   size_t InitialHeapSize                          = 268435456                                 {product} {ergonomic}
   size_t MarkStackSize                            = 4194304                                   {product} {ergonomic}
   size_t MaxHeapSize                              = 1073741824                                {product} {command line}
   size_t MaxNewSize                               = 643825664                                 {product} {ergonomic}
   size_t MinHeapDeltaBytes                        = 1048576                                   {product} {ergonomic}
    uintx NonNMethodCodeHeapSize                   = 5836300                                {pd product} {ergonomic}
    uintx NonProfiledCodeHeapSize                  = 122910970                              {pd product} {ergonomic}
    uintx ProfiledCodeHeapSize                     = 122910970                              {pd product} {ergonomic}
    uintx ReservedCodeCacheSize                    = 251658240                              {pd product} {ergonomic}
     bool SegmentedCodeCache                       = true                                      {product} {ergonomic}
     bool UseCompressedClassPointers               = true                                 {lp64_product} {ergonomic}
     bool UseCompressedOops                        = true                                 {lp64_product} {ergonomic}
     bool UseG1GC                                  = true                                      {product} {ergonomic}
     bool UseLargePagesIndividualAllocation        = false                                  {pd product} {ergonomic}

Logging:
Log output configuration:
 #0: stdout all=warning uptime,level,tags
 #1: stderr all=off uptime,level,tags

Environment Variables:
JAVA_HOME=D:\bigdata\Java\jdk-11.0.15
PATH=C:\Users\ADMIN\anaconda3\envs\py38;C:\Users\ADMIN\anaconda3\envs\py38\Library\mingw-w64\bin;C:\Users\ADMIN\anaconda3\envs\py38\Library\usr\bin;C:\Users\ADMIN\anaconda3\envs\py38\Library\bin;C:\Users\ADMIN\anaconda3\envs\py38\Scripts;C:\Users\ADMIN\anaconda3\envs\py38\bin;C:\Users\ADMIN\anaconda3\condabin;C:\WINDOWS\system32;C:\WINDOWS;C:\WINDOWS\System32\Wbem;C:\WINDOWS\System32\WindowsPowerShell\v1.0;C:\WINDOWS\System32\OpenSSH;C:\Program Files\PuTTY;C:\Program Files\dotnet;D:\bigdata\scala\bin;C:\Program Files\Docker\Docker\resources\bin;C:\Program Files\Amazon\AWSCLIV2;C:\Users\ADMIN\AppData\Local\Microsoft\WindowsApps;D:\bigdata\apache-cassandra-3.11.8\bin;D:\bigdata\spark-3.1.2-bin-hadoop3.2\bin;D:\bigdata\spark-3.1.2-bin-hadoop3.2\sbin;D:\bigdata\hadoop-3.2.2\bin;D:\bigdata\hadoop-3.2.2\sbin;D:\bigdata\Java\jdk-11.0.15\bin;D:\bigdata\kafka_2.12-2.8.1\bin;D:\bigdata\PyCharm Community Edition 2023.2\bin;.;C:\Program Files\Azure Data Studio\bin;C:\bigdata\scala3-3.2.0\bin;D:\bigdata\nifi-1.28.0\bin;D:\bigdata\JetBrains\IntelliJ IDEA Community Edition 2024.1.4\bin;.;.;C:\Users\ADMIN\Anaconda3\Library\Bin
USERNAME=ADMIN
OS=Windows_NT
PROCESSOR_IDENTIFIER=Intel64 Family 6 Model 142 Stepping 10, GenuineIntel



---------------  S Y S T E M  ---------------

OS: Windows 11 , 64 bit Build 22621 (10.0.22621.3958)
Hyper-V role detected

CPU:total 8 (initial active 8) (4 cores per cpu, 2 threads per core) family 6 model 142 stepping 10 microcode 0xf0, cmov, cx8, fxsr, mmx, sse, sse2, sse3, ssse3, sse4.1, sse4.2, popcnt, avx, avx2, aes, clmul, erms, rtm, 3dnowpref, lzcnt, ht, tsc, tscinvbit, bmi1, bmi2, adx, fma

Memory: 4k page, system-wide physical 16262M (866M free)
TotalPageFile size 24513M (AvailPageFile size 1M)
current process WorkingSet (physical memory assigned to process): 200M, peak: 200M
current process commit charge ("private bytes"): 404M, peak: 406M

vm_info: Java HotSpot(TM) 64-Bit Server VM (11.0.15+8-LTS-149) for windows-amd64 JRE (11.0.15+8-LTS-149), built on Mar  9 2022 22:42:32 by "mach5one" with MS VC++ 15.9 (VS2017)

END.
